<?xml version="1.0" encoding="UTF-8"?>
<testsuite xmlns:xsi="http://www.w3.org/2001/XMLSchema-instance" xsi:noNamespaceSchemaLocation="https://maven.apache.org/surefire/maven-surefire-plugin/xsd/surefire-test-report-3.0.xsd" version="3.0" name="TestSuite" time="1022.391" tests="33" errors="0" skipped="0" failures="8">
  <properties>
    <property name="java.specification.version" value="17"/>
    <property name="sun.cpu.isalist" value="amd64"/>
    <property name="sun.jnu.encoding" value="Cp1252"/>
    <property name="java.class.path" value="D:\Workspace\AHCA\target\test-classes;D:\Workspace\AHCA\target\classes;C:\Users\rithi\.m2\repository\net\datafaker\datafaker\2.0.1\datafaker-2.0.1.jar;C:\Users\rithi\.m2\repository\org\yaml\snakeyaml\2.0\snakeyaml-2.0.jar;C:\Users\rithi\.m2\repository\com\github\mifmif\generex\1.0.2\generex-1.0.2.jar;C:\Users\rithi\.m2\repository\dk\brics\automaton\automaton\1.11-8\automaton-1.11-8.jar;C:\Users\rithi\.m2\repository\com\github\pengrad\java-telegram-bot-api\6.8.0\java-telegram-bot-api-6.8.0.jar;C:\Users\rithi\.m2\repository\com\google\code\gson\gson\2.9.1\gson-2.9.1.jar;C:\Users\rithi\.m2\repository\com\squareup\okhttp3\okhttp\4.10.0\okhttp-4.10.0.jar;C:\Users\rithi\.m2\repository\com\squareup\okio\okio-jvm\3.0.0\okio-jvm-3.0.0.jar;C:\Users\rithi\.m2\repository\org\jetbrains\kotlin\kotlin-stdlib-common\1.5.31\kotlin-stdlib-common-1.5.31.jar;C:\Users\rithi\.m2\repository\org\jetbrains\kotlin\kotlin-stdlib\1.6.20\kotlin-stdlib-1.6.20.jar;C:\Users\rithi\.m2\repository\org\jetbrains\annotations\13.0\annotations-13.0.jar;C:\Users\rithi\.m2\repository\com\squareup\okhttp3\logging-interceptor\4.10.0\logging-interceptor-4.10.0.jar;C:\Users\rithi\.m2\repository\org\jetbrains\kotlin\kotlin-stdlib-jdk8\1.6.10\kotlin-stdlib-jdk8-1.6.10.jar;C:\Users\rithi\.m2\repository\org\jetbrains\kotlin\kotlin-stdlib-jdk7\1.6.10\kotlin-stdlib-jdk7-1.6.10.jar;C:\Users\rithi\.m2\repository\io\cucumber\cucumber-java\7.13.0\cucumber-java-7.13.0.jar;C:\Users\rithi\.m2\repository\io\cucumber\cucumber-core\7.13.0\cucumber-core-7.13.0.jar;C:\Users\rithi\.m2\repository\io\cucumber\cucumber-gherkin-messages\7.13.0\cucumber-gherkin-messages-7.13.0.jar;C:\Users\rithi\.m2\repository\io\cucumber\tag-expressions\5.0.1\tag-expressions-5.0.1.jar;C:\Users\rithi\.m2\repository\io\cucumber\cucumber-expressions\16.1.2\cucumber-expressions-16.1.2.jar;C:\Users\rithi\.m2\repository\io\cucumber\datatable\7.13.0\datatable-7.13.0.jar;C:\Users\rithi\.m2\repository\io\cucumber\docstring\7.13.0\docstring-7.13.0.jar;C:\Users\rithi\.m2\repository\io\cucumber\html-formatter\20.3.1\html-formatter-20.3.1.jar;C:\Users\rithi\.m2\repository\io\cucumber\junit-xml-formatter\0.2.0\junit-xml-formatter-0.2.0.jar;C:\Users\rithi\.m2\repository\io\cucumber\ci-environment\9.2.0\ci-environment-9.2.0.jar;C:\Users\rithi\.m2\repository\org\apiguardian\apiguardian-api\1.1.2\apiguardian-api-1.1.2.jar;C:\Users\rithi\.m2\repository\io\cucumber\cucumber-testng\7.13.0\cucumber-testng-7.13.0.jar;C:\Users\rithi\.m2\repository\io\cucumber\cucumber-picocontainer\7.13.0\cucumber-picocontainer-7.13.0.jar;C:\Users\rithi\.m2\repository\org\picocontainer\picocontainer\2.15\picocontainer-2.15.jar;C:\Users\rithi\.m2\repository\io\cucumber\cucumber-gherkin\7.13.0\cucumber-gherkin-7.13.0.jar;C:\Users\rithi\.m2\repository\io\cucumber\cucumber-plugin\7.13.0\cucumber-plugin-7.13.0.jar;C:\Users\rithi\.m2\repository\io\cucumber\gherkin\26.2.0\gherkin-26.2.0.jar;C:\Users\rithi\.m2\repository\io\cucumber\messages\22.0.0\messages-22.0.0.jar;C:\Users\rithi\.m2\repository\com\aventstack\extentreports\5.1.0\extentreports-5.1.0.jar;C:\Users\rithi\.m2\repository\io\reactivex\rxjava3\rxjava\3.1.6\rxjava-3.1.6.jar;C:\Users\rithi\.m2\repository\org\reactivestreams\reactive-streams\1.0.4\reactive-streams-1.0.4.jar;C:\Users\rithi\.m2\repository\org\freemarker\freemarker\2.3.32\freemarker-2.3.32.jar;C:\Users\rithi\.m2\repository\tech\grasshopper\pdfextentreporter\1.3.2\pdfextentreporter-1.3.2.jar;C:\Users\rithi\.m2\repository\org\apache\pdfbox\pdfbox\2.0.26\pdfbox-2.0.26.jar;C:\Users\rithi\.m2\repository\org\apache\pdfbox\fontbox\2.0.26\fontbox-2.0.26.jar;C:\Users\rithi\.m2\repository\commons-logging\commons-logging\1.2\commons-logging-1.2.jar;C:\Users\rithi\.m2\repository\org\knowm\xchart\xchart\3.8.0\xchart-3.8.0.jar;C:\Users\rithi\.m2\repository\de\erichseifert\vectorgraphics2d\VectorGraphics2D\0.13\VectorGraphics2D-0.13.jar;C:\Users\rithi\.m2\repository\de\rototor\pdfbox\graphics2d\0.30\graphics2d-0.30.jar;C:\Users\rithi\.m2\repository\com\madgag\animated-gif-lib\1.4\animated-gif-lib-1.4.jar;C:\Users\rithi\.m2\repository\org\jsoup\jsoup\1.14.3\jsoup-1.14.3.jar;C:\Users\rithi\.m2\repository\tech\grasshopper\table-layout\1.5.1\table-layout-1.5.1.jar;C:\Users\rithi\.m2\repository\tech\grasshopper\extentreports-cucumber7-adapter\1.14.0\extentreports-cucumber7-adapter-1.14.0.jar;C:\Users\rithi\.m2\repository\com\aventstack\klov-reporter\5.1.0\klov-reporter-5.1.0.jar;C:\Users\rithi\.m2\repository\org\mongodb\mongodb-driver\3.6.4\mongodb-driver-3.6.4.jar;C:\Users\rithi\.m2\repository\org\mongodb\mongodb-driver-core\3.6.4\mongodb-driver-core-3.6.4.jar;C:\Users\rithi\.m2\repository\org\mongodb\bson\3.6.4\bson-3.6.4.jar;C:\Users\rithi\.m2\repository\org\apache\httpcomponents\httpclient\4.5.13\httpclient-4.5.13.jar;C:\Users\rithi\.m2\repository\org\apache\httpcomponents\httpcore\4.4.13\httpcore-4.4.13.jar;C:\Users\rithi\.m2\repository\org\apache\httpcomponents\httpmime\4.5.13\httpmime-4.5.13.jar;C:\Users\rithi\.m2\repository\tech\grasshopper\htmlextentreporter\1.1.0\htmlextentreporter-1.1.0.jar;C:\Users\rithi\.m2\repository\tech\grasshopper\extent-excel-report\1.4.0\extent-excel-report-1.4.0.jar;C:\Users\rithi\.m2\repository\tech\grasshopper\extent-pdf-report\2.12.0\extent-pdf-report-2.12.0.jar;C:\Users\rithi\.m2\repository\tech\grasshopper\cucumber-pdf-report\2.14.0\cucumber-pdf-report-2.14.0.jar;C:\Users\rithi\.m2\repository\tech\grasshopper\rest-assured-cucumber-pdf-report\1.5.0\rest-assured-cucumber-pdf-report-1.5.0.jar;C:\Users\rithi\.m2\repository\io\qameta\allure\allure-cucumber7-jvm\2.24.0\allure-cucumber7-jvm-2.24.0.jar;C:\Users\rithi\.m2\repository\io\qameta\allure\allure-java-commons\2.24.0\allure-java-commons-2.24.0.jar;C:\Users\rithi\.m2\repository\io\qameta\allure\allure-model\2.24.0\allure-model-2.24.0.jar;C:\Users\rithi\.m2\repository\org\seleniumhq\selenium\selenium-java\4.12.1\selenium-java-4.12.1.jar;C:\Users\rithi\.m2\repository\org\seleniumhq\selenium\selenium-api\4.12.1\selenium-api-4.12.1.jar;C:\Users\rithi\.m2\repository\org\seleniumhq\selenium\selenium-chrome-driver\4.12.1\selenium-chrome-driver-4.12.1.jar;C:\Users\rithi\.m2\repository\org\seleniumhq\selenium\selenium-chromium-driver\4.12.1\selenium-chromium-driver-4.12.1.jar;C:\Users\rithi\.m2\repository\org\seleniumhq\selenium\selenium-json\4.12.1\selenium-json-4.12.1.jar;C:\Users\rithi\.m2\repository\org\seleniumhq\selenium\selenium-manager\4.12.1\selenium-manager-4.12.1.jar;C:\Users\rithi\.m2\repository\org\seleniumhq\selenium\selenium-devtools-v114\4.12.1\selenium-devtools-v114-4.12.1.jar;C:\Users\rithi\.m2\repository\org\seleniumhq\selenium\selenium-devtools-v115\4.12.1\selenium-devtools-v115-4.12.1.jar;C:\Users\rithi\.m2\repository\org\seleniumhq\selenium\selenium-devtools-v116\4.12.1\selenium-devtools-v116-4.12.1.jar;C:\Users\rithi\.m2\repository\org\seleniumhq\selenium\selenium-devtools-v85\4.12.1\selenium-devtools-v85-4.12.1.jar;C:\Users\rithi\.m2\repository\org\seleniumhq\selenium\selenium-edge-driver\4.12.1\selenium-edge-driver-4.12.1.jar;C:\Users\rithi\.m2\repository\org\seleniumhq\selenium\selenium-firefox-driver\4.12.1\selenium-firefox-driver-4.12.1.jar;C:\Users\rithi\.m2\repository\org\seleniumhq\selenium\selenium-ie-driver\4.12.1\selenium-ie-driver-4.12.1.jar;C:\Users\rithi\.m2\repository\org\seleniumhq\selenium\selenium-remote-driver\4.12.1\selenium-remote-driver-4.12.1.jar;C:\Users\rithi\.m2\repository\io\netty\netty-buffer\4.1.96.Final\netty-buffer-4.1.96.Final.jar;C:\Users\rithi\.m2\repository\io\netty\netty-codec-http\4.1.96.Final\netty-codec-http-4.1.96.Final.jar;C:\Users\rithi\.m2\repository\io\netty\netty-codec\4.1.96.Final\netty-codec-4.1.96.Final.jar;C:\Users\rithi\.m2\repository\io\netty\netty-handler\4.1.96.Final\netty-handler-4.1.96.Final.jar;C:\Users\rithi\.m2\repository\io\netty\netty-common\4.1.96.Final\netty-common-4.1.96.Final.jar;C:\Users\rithi\.m2\repository\io\netty\netty-transport-classes-epoll\4.1.96.Final\netty-transport-classes-epoll-4.1.96.Final.jar;C:\Users\rithi\.m2\repository\io\netty\netty-transport-classes-kqueue\4.1.96.Final\netty-transport-classes-kqueue-4.1.96.Final.jar;C:\Users\rithi\.m2\repository\io\netty\netty-transport-native-epoll\4.1.96.Final\netty-transport-native-epoll-4.1.96.Final.jar;C:\Users\rithi\.m2\repository\io\netty\netty-transport-native-kqueue\4.1.96.Final\netty-transport-native-kqueue-4.1.96.Final.jar;C:\Users\rithi\.m2\repository\io\netty\netty-transport-native-unix-common\4.1.96.Final\netty-transport-native-unix-common-4.1.96.Final.jar;C:\Users\rithi\.m2\repository\io\netty\netty-transport\4.1.96.Final\netty-transport-4.1.96.Final.jar;C:\Users\rithi\.m2\repository\io\netty\netty-resolver\4.1.96.Final\netty-resolver-4.1.96.Final.jar;C:\Users\rithi\.m2\repository\io\opentelemetry\opentelemetry-api\1.28.0\opentelemetry-api-1.28.0.jar;C:\Users\rithi\.m2\repository\io\opentelemetry\opentelemetry-context\1.28.0\opentelemetry-context-1.28.0.jar;C:\Users\rithi\.m2\repository\io\opentelemetry\opentelemetry-exporter-logging\1.28.0\opentelemetry-exporter-logging-1.28.0.jar;C:\Users\rithi\.m2\repository\io\opentelemetry\opentelemetry-sdk-metrics\1.28.0\opentelemetry-sdk-metrics-1.28.0.jar;C:\Users\rithi\.m2\repository\io\opentelemetry\opentelemetry-extension-incubator\1.28.0-alpha\opentelemetry-extension-incubator-1.28.0-alpha.jar;C:\Users\rithi\.m2\repository\io\opentelemetry\opentelemetry-sdk-logs\1.28.0\opentelemetry-sdk-logs-1.28.0.jar;C:\Users\rithi\.m2\repository\io\opentelemetry\opentelemetry-sdk-common\1.28.0\opentelemetry-sdk-common-1.28.0.jar;C:\Users\rithi\.m2\repository\io\opentelemetry\opentelemetry-sdk-extension-autoconfigure-spi\1.28.0\opentelemetry-sdk-extension-autoconfigure-spi-1.28.0.jar;C:\Users\rithi\.m2\repository\io\opentelemetry\opentelemetry-sdk-extension-autoconfigure\1.28.0\opentelemetry-sdk-extension-autoconfigure-1.28.0.jar;C:\Users\rithi\.m2\repository\io\opentelemetry\opentelemetry-api-events\1.28.0-alpha\opentelemetry-api-events-1.28.0-alpha.jar;C:\Users\rithi\.m2\repository\io\opentelemetry\opentelemetry-sdk-trace\1.28.0\opentelemetry-sdk-trace-1.28.0.jar;C:\Users\rithi\.m2\repository\io\opentelemetry\opentelemetry-sdk\1.28.0\opentelemetry-sdk-1.28.0.jar;C:\Users\rithi\.m2\repository\io\opentelemetry\opentelemetry-semconv\1.28.0-alpha\opentelemetry-semconv-1.28.0-alpha.jar;C:\Users\rithi\.m2\repository\net\bytebuddy\byte-buddy\1.14.5\byte-buddy-1.14.5.jar;C:\Users\rithi\.m2\repository\org\asynchttpclient\async-http-client\2.12.3\async-http-client-2.12.3.jar;C:\Users\rithi\.m2\repository\org\asynchttpclient\async-http-client-netty-utils\2.12.3\async-http-client-netty-utils-2.12.3.jar;C:\Users\rithi\.m2\repository\io\netty\netty-codec-socks\4.1.60.Final\netty-codec-socks-4.1.60.Final.jar;C:\Users\rithi\.m2\repository\io\netty\netty-handler-proxy\4.1.60.Final\netty-handler-proxy-4.1.60.Final.jar;C:\Users\rithi\.m2\repository\io\netty\netty-transport-native-epoll\4.1.60.Final\netty-transport-native-epoll-4.1.60.Final-linux-x86_64.jar;C:\Users\rithi\.m2\repository\io\netty\netty-transport-native-kqueue\4.1.60.Final\netty-transport-native-kqueue-4.1.60.Final-osx-x86_64.jar;C:\Users\rithi\.m2\repository\com\typesafe\netty\netty-reactive-streams\2.0.4\netty-reactive-streams-2.0.4.jar;C:\Users\rithi\.m2\repository\com\sun\activation\jakarta.activation\1.2.2\jakarta.activation-1.2.2.jar;C:\Users\rithi\.m2\repository\org\seleniumhq\selenium\selenium-os\4.12.1\selenium-os-4.12.1.jar;C:\Users\rithi\.m2\repository\org\apache\commons\commons-exec\1.3\commons-exec-1.3.jar;C:\Users\rithi\.m2\repository\org\seleniumhq\selenium\selenium-safari-driver\4.12.1\selenium-safari-driver-4.12.1.jar;C:\Users\rithi\.m2\repository\org\seleniumhq\selenium\selenium-support\4.12.1\selenium-support-4.12.1.jar;C:\Users\rithi\.m2\repository\org\seleniumhq\selenium\selenium-http-jdk-client\4.12.1\selenium-http-jdk-client-4.12.1.jar;C:\Users\rithi\.m2\repository\com\google\auto\service\auto-service-annotations\1.1.1\auto-service-annotations-1.1.1.jar;C:\Users\rithi\.m2\repository\org\seleniumhq\selenium\selenium-http\4.12.1\selenium-http-4.12.1.jar;C:\Users\rithi\.m2\repository\dev\failsafe\failsafe\3.3.2\failsafe-3.3.2.jar;C:\Users\rithi\.m2\repository\org\testng\testng\7.8.0\testng-7.8.0.jar;C:\Users\rithi\.m2\repository\org\slf4j\slf4j-api\1.7.36\slf4j-api-1.7.36.jar;C:\Users\rithi\.m2\repository\com\beust\jcommander\1.82\jcommander-1.82.jar;C:\Users\rithi\.m2\repository\org\webjars\jquery\3.6.1\jquery-3.6.1.jar;C:\Users\rithi\.m2\repository\com\fasterxml\jackson\core\jackson-databind\2.15.2\jackson-databind-2.15.2.jar;C:\Users\rithi\.m2\repository\com\fasterxml\jackson\core\jackson-annotations\2.15.2\jackson-annotations-2.15.2.jar;C:\Users\rithi\.m2\repository\com\fasterxml\jackson\core\jackson-core\2.15.2\jackson-core-2.15.2.jar;C:\Users\rithi\.m2\repository\com\sun\mail\javax.mail\1.6.2\javax.mail-1.6.2.jar;C:\Users\rithi\.m2\repository\javax\activation\activation\1.1\activation-1.1.jar;C:\Users\rithi\.m2\repository\org\zeroturnaround\zt-zip\1.16\zt-zip-1.16.jar;C:\Users\rithi\.m2\repository\org\apache\logging\log4j\log4j-api\3.0.0-alpha1\log4j-api-3.0.0-alpha1.jar;C:\Users\rithi\.m2\repository\org\apache\logging\log4j\log4j-core\3.0.0-alpha1\log4j-core-3.0.0-alpha1.jar;C:\Users\rithi\.m2\repository\org\apache\logging\log4j\log4j-plugins\3.0.0-alpha1\log4j-plugins-3.0.0-alpha1.jar;C:\Users\rithi\.m2\repository\javax\activation\javax.activation-api\1.2.0\javax.activation-api-1.2.0.jar;C:\Users\rithi\.m2\repository\javax\xml\bind\jaxb-api\2.3.1\jaxb-api-2.3.1.jar;C:\Users\rithi\.m2\repository\com\fasterxml\woodstox\woodstox-core\6.5.0\woodstox-core-6.5.0.jar;C:\Users\rithi\.m2\repository\org\codehaus\woodstox\stax2-api\4.2.1\stax2-api-4.2.1.jar;C:\Users\rithi\.m2\repository\org\apache\logging\log4j\log4j-slf4j-impl\3.0.0-alpha1\log4j-slf4j-impl-3.0.0-alpha1.jar;C:\Users\rithi\.m2\repository\io\qameta\allure\allure-testng\2.24.0\allure-testng-2.24.0.jar;C:\Users\rithi\.m2\repository\io\qameta\allure\allure-test-filter\2.24.0\allure-test-filter-2.24.0.jar;C:\Users\rithi\.m2\repository\io\qameta\allure\allure-attachments\2.24.0\allure-attachments-2.24.0.jar;C:\Users\rithi\.m2\repository\com\github\automatedowl\allure-environment-writer\1.0.0\allure-environment-writer-1.0.0.jar;C:\Users\rithi\.m2\repository\io\github\bonigarcia\webdrivermanager\5.7.0\webdrivermanager-5.7.0.jar;C:\Users\rithi\.m2\repository\com\github\docker-java\docker-java\3.3.5\docker-java-3.3.5.jar;C:\Users\rithi\.m2\repository\com\github\docker-java\docker-java-core\3.3.5\docker-java-core-3.3.5.jar;C:\Users\rithi\.m2\repository\com\github\docker-java\docker-java-api\3.3.5\docker-java-api-3.3.5.jar;C:\Users\rithi\.m2\repository\org\bouncycastle\bcpkix-jdk18on\1.76\bcpkix-jdk18on-1.76.jar;C:\Users\rithi\.m2\repository\org\bouncycastle\bcprov-jdk18on\1.76\bcprov-jdk18on-1.76.jar;C:\Users\rithi\.m2\repository\org\bouncycastle\bcutil-jdk18on\1.76\bcutil-jdk18on-1.76.jar;C:\Users\rithi\.m2\repository\org\slf4j\jcl-over-slf4j\1.7.30\jcl-over-slf4j-1.7.30.jar;C:\Users\rithi\.m2\repository\com\github\docker-java\docker-java-transport-httpclient5\3.3.5\docker-java-transport-httpclient5-3.3.5.jar;C:\Users\rithi\.m2\repository\com\github\docker-java\docker-java-transport\3.3.5\docker-java-transport-3.3.5.jar;C:\Users\rithi\.m2\repository\net\java\dev\jna\jna\5.13.0\jna-5.13.0.jar;C:\Users\rithi\.m2\repository\org\brotli\dec\0.1.2\dec-0.1.2.jar;C:\Users\rithi\.m2\repository\org\apache\commons\commons-lang3\3.14.0\commons-lang3-3.14.0.jar;C:\Users\rithi\.m2\repository\org\apache\commons\commons-compress\1.26.0\commons-compress-1.26.0.jar;C:\Users\rithi\.m2\repository\org\apache\httpcomponents\client5\httpclient5\5.2.1\httpclient5-5.2.1.jar;C:\Users\rithi\.m2\repository\org\apache\httpcomponents\core5\httpcore5\5.2\httpcore5-5.2.jar;C:\Users\rithi\.m2\repository\org\apache\httpcomponents\core5\httpcore5-h2\5.2\httpcore5-h2-5.2.jar;C:\Users\rithi\.m2\repository\com\google\guava\guava\32.1.2-jre\guava-32.1.2-jre.jar;C:\Users\rithi\.m2\repository\com\google\guava\failureaccess\1.0.1\failureaccess-1.0.1.jar;C:\Users\rithi\.m2\repository\com\google\guava\listenablefuture\9999.0-empty-to-avoid-conflict-with-guava\listenablefuture-9999.0-empty-to-avoid-conflict-with-guava.jar;C:\Users\rithi\.m2\repository\com\google\code\findbugs\jsr305\3.0.2\jsr305-3.0.2.jar;C:\Users\rithi\.m2\repository\org\checkerframework\checker-qual\3.33.0\checker-qual-3.33.0.jar;C:\Users\rithi\.m2\repository\com\google\errorprone\error_prone_annotations\2.18.0\error_prone_annotations-2.18.0.jar;C:\Users\rithi\.m2\repository\com\google\j2objc\j2objc-annotations\2.8\j2objc-annotations-2.8.jar;C:\Users\rithi\.m2\repository\org\apache\maven\plugins\maven-compiler-plugin\3.11.0\maven-compiler-plugin-3.11.0.jar;C:\Users\rithi\.m2\repository\org\apache\maven\shared\maven-shared-utils\3.3.4\maven-shared-utils-3.3.4.jar;C:\Users\rithi\.m2\repository\org\apache\maven\shared\maven-shared-incremental\1.1\maven-shared-incremental-1.1.jar;C:\Users\rithi\.m2\repository\org\codehaus\plexus\plexus-component-annotations\1.5.5\plexus-component-annotations-1.5.5.jar;C:\Users\rithi\.m2\repository\org\codehaus\plexus\plexus-java\1.1.2\plexus-java-1.1.2.jar;C:\Users\rithi\.m2\repository\org\ow2\asm\asm\9.4\asm-9.4.jar;C:\Users\rithi\.m2\repository\com\thoughtworks\qdox\qdox\2.0.3\qdox-2.0.3.jar;C:\Users\rithi\.m2\repository\org\codehaus\plexus\plexus-compiler-api\2.13.0\plexus-compiler-api-2.13.0.jar;C:\Users\rithi\.m2\repository\org\codehaus\plexus\plexus-utils\3.4.2\plexus-utils-3.4.2.jar;C:\Users\rithi\.m2\repository\org\codehaus\plexus\plexus-compiler-manager\2.13.0\plexus-compiler-manager-2.13.0.jar;C:\Users\rithi\.m2\repository\org\codehaus\plexus\plexus-compiler-javac\2.13.0\plexus-compiler-javac-2.13.0.jar;C:\Users\rithi\.m2\repository\org\apache\maven\plugins\maven-surefire-plugin\3.1.2\maven-surefire-plugin-3.1.2.jar;C:\Users\rithi\.m2\repository\org\apache\maven\surefire\maven-surefire-common\3.1.2\maven-surefire-common-3.1.2.jar;C:\Users\rithi\.m2\repository\org\apache\maven\surefire\surefire-api\3.1.2\surefire-api-3.1.2.jar;C:\Users\rithi\.m2\repository\org\apache\maven\surefire\surefire-logger-api\3.1.2\surefire-logger-api-3.1.2.jar;C:\Users\rithi\.m2\repository\org\apache\maven\surefire\surefire-extensions-api\3.1.2\surefire-extensions-api-3.1.2.jar;C:\Users\rithi\.m2\repository\org\apache\maven\surefire\surefire-booter\3.1.2\surefire-booter-3.1.2.jar;C:\Users\rithi\.m2\repository\org\apache\maven\surefire\surefire-extensions-spi\3.1.2\surefire-extensions-spi-3.1.2.jar;C:\Users\rithi\.m2\repository\org\eclipse\aether\aether-util\1.0.0.v20140518\aether-util-1.0.0.v20140518.jar;C:\Users\rithi\.m2\repository\org\eclipse\aether\aether-api\1.0.0.v20140518\aether-api-1.0.0.v20140518.jar;C:\Users\rithi\.m2\repository\org\apache\maven\shared\maven-common-artifact-filters\3.1.1\maven-common-artifact-filters-3.1.1.jar;C:\Users\rithi\.m2\repository\org\apache\maven\maven-artifact\3.1.0\maven-artifact-3.1.0.jar;C:\Users\rithi\.m2\repository\org\apache\maven\maven-core\3.1.0\maven-core-3.1.0.jar;C:\Users\rithi\.m2\repository\org\apache\maven\maven-settings\3.1.0\maven-settings-3.1.0.jar;C:\Users\rithi\.m2\repository\org\apache\maven\maven-settings-builder\3.1.0\maven-settings-builder-3.1.0.jar;C:\Users\rithi\.m2\repository\org\apache\maven\maven-repository-metadata\3.1.0\maven-repository-metadata-3.1.0.jar;C:\Users\rithi\.m2\repository\org\apache\maven\maven-model-builder\3.1.0\maven-model-builder-3.1.0.jar;C:\Users\rithi\.m2\repository\org\apache\maven\maven-aether-provider\3.1.0\maven-aether-provider-3.1.0.jar;C:\Users\rithi\.m2\repository\org\eclipse\aether\aether-spi\0.9.0.M2\aether-spi-0.9.0.M2.jar;C:\Users\rithi\.m2\repository\org\eclipse\aether\aether-impl\0.9.0.M2\aether-impl-0.9.0.M2.jar;C:\Users\rithi\.m2\repository\org\eclipse\sisu\org.eclipse.sisu.plexus\0.0.0.M2a\org.eclipse.sisu.plexus-0.0.0.M2a.jar;C:\Users\rithi\.m2\repository\javax\enterprise\cdi-api\1.0\cdi-api-1.0.jar;C:\Users\rithi\.m2\repository\javax\annotation\jsr250-api\1.0\jsr250-api-1.0.jar;C:\Users\rithi\.m2\repository\javax\inject\javax.inject\1\javax.inject-1.jar;C:\Users\rithi\.m2\repository\org\sonatype\sisu\sisu-guice\3.1.0\sisu-guice-3.1.0-no_aop.jar;C:\Users\rithi\.m2\repository\aopalliance\aopalliance\1.0\aopalliance-1.0.jar;C:\Users\rithi\.m2\repository\org\eclipse\sisu\org.eclipse.sisu.inject\0.0.0.M2a\org.eclipse.sisu.inject-0.0.0.M2a.jar;C:\Users\rithi\.m2\repository\asm\asm\3.3.1\asm-3.3.1.jar;C:\Users\rithi\.m2\repository\org\codehaus\plexus\plexus-interpolation\1.16\plexus-interpolation-1.16.jar;C:\Users\rithi\.m2\repository\org\codehaus\plexus\plexus-classworlds\2.4.2\plexus-classworlds-2.4.2.jar;C:\Users\rithi\.m2\repository\org\sonatype\plexus\plexus-sec-dispatcher\1.3\plexus-sec-dispatcher-1.3.jar;C:\Users\rithi\.m2\repository\org\sonatype\plexus\plexus-cipher\1.4\plexus-cipher-1.4.jar;C:\Users\rithi\.m2\repository\org\apache\maven\maven-plugin-api\3.1.0\maven-plugin-api-3.1.0.jar;C:\Users\rithi\.m2\repository\org\apache\maven\surefire\surefire-shared-utils\3.1.2\surefire-shared-utils-3.1.2.jar;C:\Users\rithi\.m2\repository\org\apache\poi\poi\5.2.3\poi-5.2.3.jar;C:\Users\rithi\.m2\repository\commons-codec\commons-codec\1.15\commons-codec-1.15.jar;C:\Users\rithi\.m2\repository\org\apache\commons\commons-collections4\4.4\commons-collections4-4.4.jar;C:\Users\rithi\.m2\repository\org\apache\commons\commons-math3\3.6.1\commons-math3-3.6.1.jar;C:\Users\rithi\.m2\repository\com\zaxxer\SparseBitSet\1.2\SparseBitSet-1.2.jar;C:\Users\rithi\.m2\repository\org\apache\poi\poi-ooxml\5.2.3\poi-ooxml-5.2.3.jar;C:\Users\rithi\.m2\repository\org\apache\poi\poi-ooxml-lite\5.2.3\poi-ooxml-lite-5.2.3.jar;C:\Users\rithi\.m2\repository\org\apache\xmlbeans\xmlbeans\5.1.1\xmlbeans-5.1.1.jar;C:\Users\rithi\.m2\repository\com\github\virtuald\curvesapi\1.07\curvesapi-1.07.jar;C:\Users\rithi\.m2\repository\commons-io\commons-io\2.13.0\commons-io-2.13.0.jar;C:\Users\rithi\.m2\repository\com\github\stephenc\monte\monte-screen-recorder\0.7.7.0\monte-screen-recorder-0.7.7.0.jar;C:\Users\rithi\.m2\repository\org\aeonbits\owner\owner\1.0.12\owner-1.0.12.jar;C:\Users\rithi\.m2\repository\org\projectlombok\lombok\1.18.28\lombok-1.18.28.jar;C:\Users\rithi\.m2\repository\com\mysql\mysql-connector-j\8.1.0\mysql-connector-j-8.1.0.jar;C:\Users\rithi\.m2\repository\com\google\protobuf\protobuf-java\3.21.9\protobuf-java-3.21.9.jar;C:\Users\rithi\.m2\repository\com\google\zxing\javase\3.5.2\javase-3.5.2.jar;C:\Users\rithi\.m2\repository\com\github\jai-imageio\jai-imageio-core\1.4.0\jai-imageio-core-1.4.0.jar;C:\Users\rithi\.m2\repository\com\google\zxing\core\3.5.2\core-3.5.2.jar;C:\Users\rithi\.m2\repository\org\aspectj\aspectjweaver\1.9.20.1\aspectjweaver-1.9.20.1.jar;"/>
    <property name="java.vm.vendor" value="Oracle Corporation"/>
    <property name="sun.arch.data.model" value="64"/>
    <property name="user.variant" value=""/>
    <property name="java.vendor.url" value="https://java.oracle.com/"/>
    <property name="user.timezone" value="Asia/Calcutta"/>
    <property name="os.name" value="Windows 11"/>
    <property name="java.vm.specification.version" value="17"/>
    <property name="sun.java.launcher" value="SUN_STANDARD"/>
    <property name="user.country" value="IN"/>
    <property name="sun.boot.library.path" value="C:\Program Files\Java\jdk-17\bin"/>
    <property name="sun.java.command" value="C:\Users\rithi\AppData\Local\Temp\surefire18403349894461265966\surefirebooter-20250423181831751_3.jar C:\Users\rithi\AppData\Local\Temp\surefire18403349894461265966 2025-04-23T18-18-31_543-jvmRun1 surefire-20250423181831751_1tmp surefire_0-20250423181831751_2tmp"/>
    <property name="jdk.debug" value="release"/>
    <property name="surefire.test.class.path" value="D:\Workspace\AHCA\target\test-classes;D:\Workspace\AHCA\target\classes;C:\Users\rithi\.m2\repository\net\datafaker\datafaker\2.0.1\datafaker-2.0.1.jar;C:\Users\rithi\.m2\repository\org\yaml\snakeyaml\2.0\snakeyaml-2.0.jar;C:\Users\rithi\.m2\repository\com\github\mifmif\generex\1.0.2\generex-1.0.2.jar;C:\Users\rithi\.m2\repository\dk\brics\automaton\automaton\1.11-8\automaton-1.11-8.jar;C:\Users\rithi\.m2\repository\com\github\pengrad\java-telegram-bot-api\6.8.0\java-telegram-bot-api-6.8.0.jar;C:\Users\rithi\.m2\repository\com\google\code\gson\gson\2.9.1\gson-2.9.1.jar;C:\Users\rithi\.m2\repository\com\squareup\okhttp3\okhttp\4.10.0\okhttp-4.10.0.jar;C:\Users\rithi\.m2\repository\com\squareup\okio\okio-jvm\3.0.0\okio-jvm-3.0.0.jar;C:\Users\rithi\.m2\repository\org\jetbrains\kotlin\kotlin-stdlib-common\1.5.31\kotlin-stdlib-common-1.5.31.jar;C:\Users\rithi\.m2\repository\org\jetbrains\kotlin\kotlin-stdlib\1.6.20\kotlin-stdlib-1.6.20.jar;C:\Users\rithi\.m2\repository\org\jetbrains\annotations\13.0\annotations-13.0.jar;C:\Users\rithi\.m2\repository\com\squareup\okhttp3\logging-interceptor\4.10.0\logging-interceptor-4.10.0.jar;C:\Users\rithi\.m2\repository\org\jetbrains\kotlin\kotlin-stdlib-jdk8\1.6.10\kotlin-stdlib-jdk8-1.6.10.jar;C:\Users\rithi\.m2\repository\org\jetbrains\kotlin\kotlin-stdlib-jdk7\1.6.10\kotlin-stdlib-jdk7-1.6.10.jar;C:\Users\rithi\.m2\repository\io\cucumber\cucumber-java\7.13.0\cucumber-java-7.13.0.jar;C:\Users\rithi\.m2\repository\io\cucumber\cucumber-core\7.13.0\cucumber-core-7.13.0.jar;C:\Users\rithi\.m2\repository\io\cucumber\cucumber-gherkin-messages\7.13.0\cucumber-gherkin-messages-7.13.0.jar;C:\Users\rithi\.m2\repository\io\cucumber\tag-expressions\5.0.1\tag-expressions-5.0.1.jar;C:\Users\rithi\.m2\repository\io\cucumber\cucumber-expressions\16.1.2\cucumber-expressions-16.1.2.jar;C:\Users\rithi\.m2\repository\io\cucumber\datatable\7.13.0\datatable-7.13.0.jar;C:\Users\rithi\.m2\repository\io\cucumber\docstring\7.13.0\docstring-7.13.0.jar;C:\Users\rithi\.m2\repository\io\cucumber\html-formatter\20.3.1\html-formatter-20.3.1.jar;C:\Users\rithi\.m2\repository\io\cucumber\junit-xml-formatter\0.2.0\junit-xml-formatter-0.2.0.jar;C:\Users\rithi\.m2\repository\io\cucumber\ci-environment\9.2.0\ci-environment-9.2.0.jar;C:\Users\rithi\.m2\repository\org\apiguardian\apiguardian-api\1.1.2\apiguardian-api-1.1.2.jar;C:\Users\rithi\.m2\repository\io\cucumber\cucumber-testng\7.13.0\cucumber-testng-7.13.0.jar;C:\Users\rithi\.m2\repository\io\cucumber\cucumber-picocontainer\7.13.0\cucumber-picocontainer-7.13.0.jar;C:\Users\rithi\.m2\repository\org\picocontainer\picocontainer\2.15\picocontainer-2.15.jar;C:\Users\rithi\.m2\repository\io\cucumber\cucumber-gherkin\7.13.0\cucumber-gherkin-7.13.0.jar;C:\Users\rithi\.m2\repository\io\cucumber\cucumber-plugin\7.13.0\cucumber-plugin-7.13.0.jar;C:\Users\rithi\.m2\repository\io\cucumber\gherkin\26.2.0\gherkin-26.2.0.jar;C:\Users\rithi\.m2\repository\io\cucumber\messages\22.0.0\messages-22.0.0.jar;C:\Users\rithi\.m2\repository\com\aventstack\extentreports\5.1.0\extentreports-5.1.0.jar;C:\Users\rithi\.m2\repository\io\reactivex\rxjava3\rxjava\3.1.6\rxjava-3.1.6.jar;C:\Users\rithi\.m2\repository\org\reactivestreams\reactive-streams\1.0.4\reactive-streams-1.0.4.jar;C:\Users\rithi\.m2\repository\org\freemarker\freemarker\2.3.32\freemarker-2.3.32.jar;C:\Users\rithi\.m2\repository\tech\grasshopper\pdfextentreporter\1.3.2\pdfextentreporter-1.3.2.jar;C:\Users\rithi\.m2\repository\org\apache\pdfbox\pdfbox\2.0.26\pdfbox-2.0.26.jar;C:\Users\rithi\.m2\repository\org\apache\pdfbox\fontbox\2.0.26\fontbox-2.0.26.jar;C:\Users\rithi\.m2\repository\commons-logging\commons-logging\1.2\commons-logging-1.2.jar;C:\Users\rithi\.m2\repository\org\knowm\xchart\xchart\3.8.0\xchart-3.8.0.jar;C:\Users\rithi\.m2\repository\de\erichseifert\vectorgraphics2d\VectorGraphics2D\0.13\VectorGraphics2D-0.13.jar;C:\Users\rithi\.m2\repository\de\rototor\pdfbox\graphics2d\0.30\graphics2d-0.30.jar;C:\Users\rithi\.m2\repository\com\madgag\animated-gif-lib\1.4\animated-gif-lib-1.4.jar;C:\Users\rithi\.m2\repository\org\jsoup\jsoup\1.14.3\jsoup-1.14.3.jar;C:\Users\rithi\.m2\repository\tech\grasshopper\table-layout\1.5.1\table-layout-1.5.1.jar;C:\Users\rithi\.m2\repository\tech\grasshopper\extentreports-cucumber7-adapter\1.14.0\extentreports-cucumber7-adapter-1.14.0.jar;C:\Users\rithi\.m2\repository\com\aventstack\klov-reporter\5.1.0\klov-reporter-5.1.0.jar;C:\Users\rithi\.m2\repository\org\mongodb\mongodb-driver\3.6.4\mongodb-driver-3.6.4.jar;C:\Users\rithi\.m2\repository\org\mongodb\mongodb-driver-core\3.6.4\mongodb-driver-core-3.6.4.jar;C:\Users\rithi\.m2\repository\org\mongodb\bson\3.6.4\bson-3.6.4.jar;C:\Users\rithi\.m2\repository\org\apache\httpcomponents\httpclient\4.5.13\httpclient-4.5.13.jar;C:\Users\rithi\.m2\repository\org\apache\httpcomponents\httpcore\4.4.13\httpcore-4.4.13.jar;C:\Users\rithi\.m2\repository\org\apache\httpcomponents\httpmime\4.5.13\httpmime-4.5.13.jar;C:\Users\rithi\.m2\repository\tech\grasshopper\htmlextentreporter\1.1.0\htmlextentreporter-1.1.0.jar;C:\Users\rithi\.m2\repository\tech\grasshopper\extent-excel-report\1.4.0\extent-excel-report-1.4.0.jar;C:\Users\rithi\.m2\repository\tech\grasshopper\extent-pdf-report\2.12.0\extent-pdf-report-2.12.0.jar;C:\Users\rithi\.m2\repository\tech\grasshopper\cucumber-pdf-report\2.14.0\cucumber-pdf-report-2.14.0.jar;C:\Users\rithi\.m2\repository\tech\grasshopper\rest-assured-cucumber-pdf-report\1.5.0\rest-assured-cucumber-pdf-report-1.5.0.jar;C:\Users\rithi\.m2\repository\io\qameta\allure\allure-cucumber7-jvm\2.24.0\allure-cucumber7-jvm-2.24.0.jar;C:\Users\rithi\.m2\repository\io\qameta\allure\allure-java-commons\2.24.0\allure-java-commons-2.24.0.jar;C:\Users\rithi\.m2\repository\io\qameta\allure\allure-model\2.24.0\allure-model-2.24.0.jar;C:\Users\rithi\.m2\repository\org\seleniumhq\selenium\selenium-java\4.12.1\selenium-java-4.12.1.jar;C:\Users\rithi\.m2\repository\org\seleniumhq\selenium\selenium-api\4.12.1\selenium-api-4.12.1.jar;C:\Users\rithi\.m2\repository\org\seleniumhq\selenium\selenium-chrome-driver\4.12.1\selenium-chrome-driver-4.12.1.jar;C:\Users\rithi\.m2\repository\org\seleniumhq\selenium\selenium-chromium-driver\4.12.1\selenium-chromium-driver-4.12.1.jar;C:\Users\rithi\.m2\repository\org\seleniumhq\selenium\selenium-json\4.12.1\selenium-json-4.12.1.jar;C:\Users\rithi\.m2\repository\org\seleniumhq\selenium\selenium-manager\4.12.1\selenium-manager-4.12.1.jar;C:\Users\rithi\.m2\repository\org\seleniumhq\selenium\selenium-devtools-v114\4.12.1\selenium-devtools-v114-4.12.1.jar;C:\Users\rithi\.m2\repository\org\seleniumhq\selenium\selenium-devtools-v115\4.12.1\selenium-devtools-v115-4.12.1.jar;C:\Users\rithi\.m2\repository\org\seleniumhq\selenium\selenium-devtools-v116\4.12.1\selenium-devtools-v116-4.12.1.jar;C:\Users\rithi\.m2\repository\org\seleniumhq\selenium\selenium-devtools-v85\4.12.1\selenium-devtools-v85-4.12.1.jar;C:\Users\rithi\.m2\repository\org\seleniumhq\selenium\selenium-edge-driver\4.12.1\selenium-edge-driver-4.12.1.jar;C:\Users\rithi\.m2\repository\org\seleniumhq\selenium\selenium-firefox-driver\4.12.1\selenium-firefox-driver-4.12.1.jar;C:\Users\rithi\.m2\repository\org\seleniumhq\selenium\selenium-ie-driver\4.12.1\selenium-ie-driver-4.12.1.jar;C:\Users\rithi\.m2\repository\org\seleniumhq\selenium\selenium-remote-driver\4.12.1\selenium-remote-driver-4.12.1.jar;C:\Users\rithi\.m2\repository\io\netty\netty-buffer\4.1.96.Final\netty-buffer-4.1.96.Final.jar;C:\Users\rithi\.m2\repository\io\netty\netty-codec-http\4.1.96.Final\netty-codec-http-4.1.96.Final.jar;C:\Users\rithi\.m2\repository\io\netty\netty-codec\4.1.96.Final\netty-codec-4.1.96.Final.jar;C:\Users\rithi\.m2\repository\io\netty\netty-handler\4.1.96.Final\netty-handler-4.1.96.Final.jar;C:\Users\rithi\.m2\repository\io\netty\netty-common\4.1.96.Final\netty-common-4.1.96.Final.jar;C:\Users\rithi\.m2\repository\io\netty\netty-transport-classes-epoll\4.1.96.Final\netty-transport-classes-epoll-4.1.96.Final.jar;C:\Users\rithi\.m2\repository\io\netty\netty-transport-classes-kqueue\4.1.96.Final\netty-transport-classes-kqueue-4.1.96.Final.jar;C:\Users\rithi\.m2\repository\io\netty\netty-transport-native-epoll\4.1.96.Final\netty-transport-native-epoll-4.1.96.Final.jar;C:\Users\rithi\.m2\repository\io\netty\netty-transport-native-kqueue\4.1.96.Final\netty-transport-native-kqueue-4.1.96.Final.jar;C:\Users\rithi\.m2\repository\io\netty\netty-transport-native-unix-common\4.1.96.Final\netty-transport-native-unix-common-4.1.96.Final.jar;C:\Users\rithi\.m2\repository\io\netty\netty-transport\4.1.96.Final\netty-transport-4.1.96.Final.jar;C:\Users\rithi\.m2\repository\io\netty\netty-resolver\4.1.96.Final\netty-resolver-4.1.96.Final.jar;C:\Users\rithi\.m2\repository\io\opentelemetry\opentelemetry-api\1.28.0\opentelemetry-api-1.28.0.jar;C:\Users\rithi\.m2\repository\io\opentelemetry\opentelemetry-context\1.28.0\opentelemetry-context-1.28.0.jar;C:\Users\rithi\.m2\repository\io\opentelemetry\opentelemetry-exporter-logging\1.28.0\opentelemetry-exporter-logging-1.28.0.jar;C:\Users\rithi\.m2\repository\io\opentelemetry\opentelemetry-sdk-metrics\1.28.0\opentelemetry-sdk-metrics-1.28.0.jar;C:\Users\rithi\.m2\repository\io\opentelemetry\opentelemetry-extension-incubator\1.28.0-alpha\opentelemetry-extension-incubator-1.28.0-alpha.jar;C:\Users\rithi\.m2\repository\io\opentelemetry\opentelemetry-sdk-logs\1.28.0\opentelemetry-sdk-logs-1.28.0.jar;C:\Users\rithi\.m2\repository\io\opentelemetry\opentelemetry-sdk-common\1.28.0\opentelemetry-sdk-common-1.28.0.jar;C:\Users\rithi\.m2\repository\io\opentelemetry\opentelemetry-sdk-extension-autoconfigure-spi\1.28.0\opentelemetry-sdk-extension-autoconfigure-spi-1.28.0.jar;C:\Users\rithi\.m2\repository\io\opentelemetry\opentelemetry-sdk-extension-autoconfigure\1.28.0\opentelemetry-sdk-extension-autoconfigure-1.28.0.jar;C:\Users\rithi\.m2\repository\io\opentelemetry\opentelemetry-api-events\1.28.0-alpha\opentelemetry-api-events-1.28.0-alpha.jar;C:\Users\rithi\.m2\repository\io\opentelemetry\opentelemetry-sdk-trace\1.28.0\opentelemetry-sdk-trace-1.28.0.jar;C:\Users\rithi\.m2\repository\io\opentelemetry\opentelemetry-sdk\1.28.0\opentelemetry-sdk-1.28.0.jar;C:\Users\rithi\.m2\repository\io\opentelemetry\opentelemetry-semconv\1.28.0-alpha\opentelemetry-semconv-1.28.0-alpha.jar;C:\Users\rithi\.m2\repository\net\bytebuddy\byte-buddy\1.14.5\byte-buddy-1.14.5.jar;C:\Users\rithi\.m2\repository\org\asynchttpclient\async-http-client\2.12.3\async-http-client-2.12.3.jar;C:\Users\rithi\.m2\repository\org\asynchttpclient\async-http-client-netty-utils\2.12.3\async-http-client-netty-utils-2.12.3.jar;C:\Users\rithi\.m2\repository\io\netty\netty-codec-socks\4.1.60.Final\netty-codec-socks-4.1.60.Final.jar;C:\Users\rithi\.m2\repository\io\netty\netty-handler-proxy\4.1.60.Final\netty-handler-proxy-4.1.60.Final.jar;C:\Users\rithi\.m2\repository\io\netty\netty-transport-native-epoll\4.1.60.Final\netty-transport-native-epoll-4.1.60.Final-linux-x86_64.jar;C:\Users\rithi\.m2\repository\io\netty\netty-transport-native-kqueue\4.1.60.Final\netty-transport-native-kqueue-4.1.60.Final-osx-x86_64.jar;C:\Users\rithi\.m2\repository\com\typesafe\netty\netty-reactive-streams\2.0.4\netty-reactive-streams-2.0.4.jar;C:\Users\rithi\.m2\repository\com\sun\activation\jakarta.activation\1.2.2\jakarta.activation-1.2.2.jar;C:\Users\rithi\.m2\repository\org\seleniumhq\selenium\selenium-os\4.12.1\selenium-os-4.12.1.jar;C:\Users\rithi\.m2\repository\org\apache\commons\commons-exec\1.3\commons-exec-1.3.jar;C:\Users\rithi\.m2\repository\org\seleniumhq\selenium\selenium-safari-driver\4.12.1\selenium-safari-driver-4.12.1.jar;C:\Users\rithi\.m2\repository\org\seleniumhq\selenium\selenium-support\4.12.1\selenium-support-4.12.1.jar;C:\Users\rithi\.m2\repository\org\seleniumhq\selenium\selenium-http-jdk-client\4.12.1\selenium-http-jdk-client-4.12.1.jar;C:\Users\rithi\.m2\repository\com\google\auto\service\auto-service-annotations\1.1.1\auto-service-annotations-1.1.1.jar;C:\Users\rithi\.m2\repository\org\seleniumhq\selenium\selenium-http\4.12.1\selenium-http-4.12.1.jar;C:\Users\rithi\.m2\repository\dev\failsafe\failsafe\3.3.2\failsafe-3.3.2.jar;C:\Users\rithi\.m2\repository\org\testng\testng\7.8.0\testng-7.8.0.jar;C:\Users\rithi\.m2\repository\org\slf4j\slf4j-api\1.7.36\slf4j-api-1.7.36.jar;C:\Users\rithi\.m2\repository\com\beust\jcommander\1.82\jcommander-1.82.jar;C:\Users\rithi\.m2\repository\org\webjars\jquery\3.6.1\jquery-3.6.1.jar;C:\Users\rithi\.m2\repository\com\fasterxml\jackson\core\jackson-databind\2.15.2\jackson-databind-2.15.2.jar;C:\Users\rithi\.m2\repository\com\fasterxml\jackson\core\jackson-annotations\2.15.2\jackson-annotations-2.15.2.jar;C:\Users\rithi\.m2\repository\com\fasterxml\jackson\core\jackson-core\2.15.2\jackson-core-2.15.2.jar;C:\Users\rithi\.m2\repository\com\sun\mail\javax.mail\1.6.2\javax.mail-1.6.2.jar;C:\Users\rithi\.m2\repository\javax\activation\activation\1.1\activation-1.1.jar;C:\Users\rithi\.m2\repository\org\zeroturnaround\zt-zip\1.16\zt-zip-1.16.jar;C:\Users\rithi\.m2\repository\org\apache\logging\log4j\log4j-api\3.0.0-alpha1\log4j-api-3.0.0-alpha1.jar;C:\Users\rithi\.m2\repository\org\apache\logging\log4j\log4j-core\3.0.0-alpha1\log4j-core-3.0.0-alpha1.jar;C:\Users\rithi\.m2\repository\org\apache\logging\log4j\log4j-plugins\3.0.0-alpha1\log4j-plugins-3.0.0-alpha1.jar;C:\Users\rithi\.m2\repository\javax\activation\javax.activation-api\1.2.0\javax.activation-api-1.2.0.jar;C:\Users\rithi\.m2\repository\javax\xml\bind\jaxb-api\2.3.1\jaxb-api-2.3.1.jar;C:\Users\rithi\.m2\repository\com\fasterxml\woodstox\woodstox-core\6.5.0\woodstox-core-6.5.0.jar;C:\Users\rithi\.m2\repository\org\codehaus\woodstox\stax2-api\4.2.1\stax2-api-4.2.1.jar;C:\Users\rithi\.m2\repository\org\apache\logging\log4j\log4j-slf4j-impl\3.0.0-alpha1\log4j-slf4j-impl-3.0.0-alpha1.jar;C:\Users\rithi\.m2\repository\io\qameta\allure\allure-testng\2.24.0\allure-testng-2.24.0.jar;C:\Users\rithi\.m2\repository\io\qameta\allure\allure-test-filter\2.24.0\allure-test-filter-2.24.0.jar;C:\Users\rithi\.m2\repository\io\qameta\allure\allure-attachments\2.24.0\allure-attachments-2.24.0.jar;C:\Users\rithi\.m2\repository\com\github\automatedowl\allure-environment-writer\1.0.0\allure-environment-writer-1.0.0.jar;C:\Users\rithi\.m2\repository\io\github\bonigarcia\webdrivermanager\5.7.0\webdrivermanager-5.7.0.jar;C:\Users\rithi\.m2\repository\com\github\docker-java\docker-java\3.3.5\docker-java-3.3.5.jar;C:\Users\rithi\.m2\repository\com\github\docker-java\docker-java-core\3.3.5\docker-java-core-3.3.5.jar;C:\Users\rithi\.m2\repository\com\github\docker-java\docker-java-api\3.3.5\docker-java-api-3.3.5.jar;C:\Users\rithi\.m2\repository\org\bouncycastle\bcpkix-jdk18on\1.76\bcpkix-jdk18on-1.76.jar;C:\Users\rithi\.m2\repository\org\bouncycastle\bcprov-jdk18on\1.76\bcprov-jdk18on-1.76.jar;C:\Users\rithi\.m2\repository\org\bouncycastle\bcutil-jdk18on\1.76\bcutil-jdk18on-1.76.jar;C:\Users\rithi\.m2\repository\org\slf4j\jcl-over-slf4j\1.7.30\jcl-over-slf4j-1.7.30.jar;C:\Users\rithi\.m2\repository\com\github\docker-java\docker-java-transport-httpclient5\3.3.5\docker-java-transport-httpclient5-3.3.5.jar;C:\Users\rithi\.m2\repository\com\github\docker-java\docker-java-transport\3.3.5\docker-java-transport-3.3.5.jar;C:\Users\rithi\.m2\repository\net\java\dev\jna\jna\5.13.0\jna-5.13.0.jar;C:\Users\rithi\.m2\repository\org\brotli\dec\0.1.2\dec-0.1.2.jar;C:\Users\rithi\.m2\repository\org\apache\commons\commons-lang3\3.14.0\commons-lang3-3.14.0.jar;C:\Users\rithi\.m2\repository\org\apache\commons\commons-compress\1.26.0\commons-compress-1.26.0.jar;C:\Users\rithi\.m2\repository\org\apache\httpcomponents\client5\httpclient5\5.2.1\httpclient5-5.2.1.jar;C:\Users\rithi\.m2\repository\org\apache\httpcomponents\core5\httpcore5\5.2\httpcore5-5.2.jar;C:\Users\rithi\.m2\repository\org\apache\httpcomponents\core5\httpcore5-h2\5.2\httpcore5-h2-5.2.jar;C:\Users\rithi\.m2\repository\com\google\guava\guava\32.1.2-jre\guava-32.1.2-jre.jar;C:\Users\rithi\.m2\repository\com\google\guava\failureaccess\1.0.1\failureaccess-1.0.1.jar;C:\Users\rithi\.m2\repository\com\google\guava\listenablefuture\9999.0-empty-to-avoid-conflict-with-guava\listenablefuture-9999.0-empty-to-avoid-conflict-with-guava.jar;C:\Users\rithi\.m2\repository\com\google\code\findbugs\jsr305\3.0.2\jsr305-3.0.2.jar;C:\Users\rithi\.m2\repository\org\checkerframework\checker-qual\3.33.0\checker-qual-3.33.0.jar;C:\Users\rithi\.m2\repository\com\google\errorprone\error_prone_annotations\2.18.0\error_prone_annotations-2.18.0.jar;C:\Users\rithi\.m2\repository\com\google\j2objc\j2objc-annotations\2.8\j2objc-annotations-2.8.jar;C:\Users\rithi\.m2\repository\org\apache\maven\plugins\maven-compiler-plugin\3.11.0\maven-compiler-plugin-3.11.0.jar;C:\Users\rithi\.m2\repository\org\apache\maven\shared\maven-shared-utils\3.3.4\maven-shared-utils-3.3.4.jar;C:\Users\rithi\.m2\repository\org\apache\maven\shared\maven-shared-incremental\1.1\maven-shared-incremental-1.1.jar;C:\Users\rithi\.m2\repository\org\codehaus\plexus\plexus-component-annotations\1.5.5\plexus-component-annotations-1.5.5.jar;C:\Users\rithi\.m2\repository\org\codehaus\plexus\plexus-java\1.1.2\plexus-java-1.1.2.jar;C:\Users\rithi\.m2\repository\org\ow2\asm\asm\9.4\asm-9.4.jar;C:\Users\rithi\.m2\repository\com\thoughtworks\qdox\qdox\2.0.3\qdox-2.0.3.jar;C:\Users\rithi\.m2\repository\org\codehaus\plexus\plexus-compiler-api\2.13.0\plexus-compiler-api-2.13.0.jar;C:\Users\rithi\.m2\repository\org\codehaus\plexus\plexus-utils\3.4.2\plexus-utils-3.4.2.jar;C:\Users\rithi\.m2\repository\org\codehaus\plexus\plexus-compiler-manager\2.13.0\plexus-compiler-manager-2.13.0.jar;C:\Users\rithi\.m2\repository\org\codehaus\plexus\plexus-compiler-javac\2.13.0\plexus-compiler-javac-2.13.0.jar;C:\Users\rithi\.m2\repository\org\apache\maven\plugins\maven-surefire-plugin\3.1.2\maven-surefire-plugin-3.1.2.jar;C:\Users\rithi\.m2\repository\org\apache\maven\surefire\maven-surefire-common\3.1.2\maven-surefire-common-3.1.2.jar;C:\Users\rithi\.m2\repository\org\apache\maven\surefire\surefire-api\3.1.2\surefire-api-3.1.2.jar;C:\Users\rithi\.m2\repository\org\apache\maven\surefire\surefire-logger-api\3.1.2\surefire-logger-api-3.1.2.jar;C:\Users\rithi\.m2\repository\org\apache\maven\surefire\surefire-extensions-api\3.1.2\surefire-extensions-api-3.1.2.jar;C:\Users\rithi\.m2\repository\org\apache\maven\surefire\surefire-booter\3.1.2\surefire-booter-3.1.2.jar;C:\Users\rithi\.m2\repository\org\apache\maven\surefire\surefire-extensions-spi\3.1.2\surefire-extensions-spi-3.1.2.jar;C:\Users\rithi\.m2\repository\org\eclipse\aether\aether-util\1.0.0.v20140518\aether-util-1.0.0.v20140518.jar;C:\Users\rithi\.m2\repository\org\eclipse\aether\aether-api\1.0.0.v20140518\aether-api-1.0.0.v20140518.jar;C:\Users\rithi\.m2\repository\org\apache\maven\shared\maven-common-artifact-filters\3.1.1\maven-common-artifact-filters-3.1.1.jar;C:\Users\rithi\.m2\repository\org\apache\maven\maven-artifact\3.1.0\maven-artifact-3.1.0.jar;C:\Users\rithi\.m2\repository\org\apache\maven\maven-core\3.1.0\maven-core-3.1.0.jar;C:\Users\rithi\.m2\repository\org\apache\maven\maven-settings\3.1.0\maven-settings-3.1.0.jar;C:\Users\rithi\.m2\repository\org\apache\maven\maven-settings-builder\3.1.0\maven-settings-builder-3.1.0.jar;C:\Users\rithi\.m2\repository\org\apache\maven\maven-repository-metadata\3.1.0\maven-repository-metadata-3.1.0.jar;C:\Users\rithi\.m2\repository\org\apache\maven\maven-model-builder\3.1.0\maven-model-builder-3.1.0.jar;C:\Users\rithi\.m2\repository\org\apache\maven\maven-aether-provider\3.1.0\maven-aether-provider-3.1.0.jar;C:\Users\rithi\.m2\repository\org\eclipse\aether\aether-spi\0.9.0.M2\aether-spi-0.9.0.M2.jar;C:\Users\rithi\.m2\repository\org\eclipse\aether\aether-impl\0.9.0.M2\aether-impl-0.9.0.M2.jar;C:\Users\rithi\.m2\repository\org\eclipse\sisu\org.eclipse.sisu.plexus\0.0.0.M2a\org.eclipse.sisu.plexus-0.0.0.M2a.jar;C:\Users\rithi\.m2\repository\javax\enterprise\cdi-api\1.0\cdi-api-1.0.jar;C:\Users\rithi\.m2\repository\javax\annotation\jsr250-api\1.0\jsr250-api-1.0.jar;C:\Users\rithi\.m2\repository\javax\inject\javax.inject\1\javax.inject-1.jar;C:\Users\rithi\.m2\repository\org\sonatype\sisu\sisu-guice\3.1.0\sisu-guice-3.1.0-no_aop.jar;C:\Users\rithi\.m2\repository\aopalliance\aopalliance\1.0\aopalliance-1.0.jar;C:\Users\rithi\.m2\repository\org\eclipse\sisu\org.eclipse.sisu.inject\0.0.0.M2a\org.eclipse.sisu.inject-0.0.0.M2a.jar;C:\Users\rithi\.m2\repository\asm\asm\3.3.1\asm-3.3.1.jar;C:\Users\rithi\.m2\repository\org\codehaus\plexus\plexus-interpolation\1.16\plexus-interpolation-1.16.jar;C:\Users\rithi\.m2\repository\org\codehaus\plexus\plexus-classworlds\2.4.2\plexus-classworlds-2.4.2.jar;C:\Users\rithi\.m2\repository\org\sonatype\plexus\plexus-sec-dispatcher\1.3\plexus-sec-dispatcher-1.3.jar;C:\Users\rithi\.m2\repository\org\sonatype\plexus\plexus-cipher\1.4\plexus-cipher-1.4.jar;C:\Users\rithi\.m2\repository\org\apache\maven\maven-plugin-api\3.1.0\maven-plugin-api-3.1.0.jar;C:\Users\rithi\.m2\repository\org\apache\maven\surefire\surefire-shared-utils\3.1.2\surefire-shared-utils-3.1.2.jar;C:\Users\rithi\.m2\repository\org\apache\poi\poi\5.2.3\poi-5.2.3.jar;C:\Users\rithi\.m2\repository\commons-codec\commons-codec\1.15\commons-codec-1.15.jar;C:\Users\rithi\.m2\repository\org\apache\commons\commons-collections4\4.4\commons-collections4-4.4.jar;C:\Users\rithi\.m2\repository\org\apache\commons\commons-math3\3.6.1\commons-math3-3.6.1.jar;C:\Users\rithi\.m2\repository\com\zaxxer\SparseBitSet\1.2\SparseBitSet-1.2.jar;C:\Users\rithi\.m2\repository\org\apache\poi\poi-ooxml\5.2.3\poi-ooxml-5.2.3.jar;C:\Users\rithi\.m2\repository\org\apache\poi\poi-ooxml-lite\5.2.3\poi-ooxml-lite-5.2.3.jar;C:\Users\rithi\.m2\repository\org\apache\xmlbeans\xmlbeans\5.1.1\xmlbeans-5.1.1.jar;C:\Users\rithi\.m2\repository\com\github\virtuald\curvesapi\1.07\curvesapi-1.07.jar;C:\Users\rithi\.m2\repository\commons-io\commons-io\2.13.0\commons-io-2.13.0.jar;C:\Users\rithi\.m2\repository\com\github\stephenc\monte\monte-screen-recorder\0.7.7.0\monte-screen-recorder-0.7.7.0.jar;C:\Users\rithi\.m2\repository\org\aeonbits\owner\owner\1.0.12\owner-1.0.12.jar;C:\Users\rithi\.m2\repository\org\projectlombok\lombok\1.18.28\lombok-1.18.28.jar;C:\Users\rithi\.m2\repository\com\mysql\mysql-connector-j\8.1.0\mysql-connector-j-8.1.0.jar;C:\Users\rithi\.m2\repository\com\google\protobuf\protobuf-java\3.21.9\protobuf-java-3.21.9.jar;C:\Users\rithi\.m2\repository\com\google\zxing\javase\3.5.2\javase-3.5.2.jar;C:\Users\rithi\.m2\repository\com\github\jai-imageio\jai-imageio-core\1.4.0\jai-imageio-core-1.4.0.jar;C:\Users\rithi\.m2\repository\com\google\zxing\core\3.5.2\core-3.5.2.jar;C:\Users\rithi\.m2\repository\org\aspectj\aspectjweaver\1.9.20.1\aspectjweaver-1.9.20.1.jar;"/>
    <property name="allure.results.directory" value="target/allure-results"/>
    <property name="sun.cpu.endian" value="little"/>
    <property name="user.home" value="C:\Users\rithi"/>
    <property name="user.language" value="en"/>
    <property name="java.specification.vendor" value="Oracle Corporation"/>
    <property name="java.version.date" value="2024-07-16"/>
    <property name="java.home" value="C:\Program Files\Java\jdk-17"/>
    <property name="file.separator" value="\"/>
    <property name="basedir" value="D:\Workspace\AHCA"/>
    <property name="java.vm.compressedOopsMode" value="Zero based"/>
    <property name="line.separator" value="&#10;"/>
    <property name="java.vm.specification.vendor" value="Oracle Corporation"/>
    <property name="java.specification.name" value="Java Platform API Specification"/>
    <property name="surefire.real.class.path" value="C:\Users\rithi\AppData\Local\Temp\surefire18403349894461265966\surefirebooter-20250423181831751_3.jar"/>
    <property name="user.script" value=""/>
    <property name="sun.management.compiler" value="HotSpot 64-Bit Tiered Compilers"/>
    <property name="java.runtime.version" value="17.0.12+8-LTS-286"/>
    <property name="user.name" value="rithi"/>
    <property name="path.separator" value=";"/>
    <property name="os.version" value="10.0"/>
    <property name="java.runtime.name" value="Java(TM) SE Runtime Environment"/>
    <property name="file.encoding" value="UTF-8"/>
    <property name="java.vm.name" value="Java HotSpot(TM) 64-Bit Server VM"/>
    <property name="localRepository" value="C:\Users\rithi\.m2\repository"/>
    <property name="java.vendor.url.bug" value="https://bugreport.java.com/bugreport/"/>
    <property name="java.io.tmpdir" value="C:\Users\rithi\AppData\Local\Temp\"/>
    <property name="java.version" value="17.0.12"/>
    <property name="user.dir" value="D:\Workspace\AHCA"/>
    <property name="os.arch" value="amd64"/>
    <property name="java.vm.specification.name" value="Java Virtual Machine Specification"/>
    <property name="sun.os.patch.level" value=""/>
    <property name="native.encoding" value="Cp1252"/>
    <property name="java.library.path" value="C:\Program Files\Java\jdk-17\bin;C:\WINDOWS\Sun\Java\bin;C:\WINDOWS\system32;C:\WINDOWS;C:\Python313\Scripts\;C:\Python313\;C:\Program Files\Java\jdk-17\bin;C:\Program Files\apache-maven-3.9.9-bin\apache-maven-3.9.9\bin;C:\WINDOWS\system32;C:\WINDOWS;C:\WINDOWS\System32\Wbem;C:\WINDOWS\System32\WindowsPowerShell\v1.0\;C:\WINDOWS\System32\OpenSSH\;C:\Program Files\NODEJS;C:\Program Files\NODEJS\node_modules\npm\bin;C:\Users\rithi\AppData\Roaming\npm;C:\Users\rithi\AppData\Local\Android\Sdk;C:\Users\rithi\AppData\Local\Android\Sdk\platforms\android;C:\Users\rithi\AppData\Local\Android\Sdk\platform-tools;C:\Program Files\Git\cmd;C:\Program Files\nodejs\;C:\ProgramData\chocolatey\bin;C:\Users\rithi\AppData\Local\Android\Sdk\bin;C:\Users\rithi\AppData\Local\Microsoft\WindowsApps;."/>
    <property name="java.vm.info" value="mixed mode, sharing"/>
    <property name="java.vendor" value="Oracle Corporation"/>
    <property name="java.vm.version" value="17.0.12+8-LTS-286"/>
    <property name="sun.io.unicode.encoding" value="UnicodeLittle"/>
    <property name="java.class.version" value="61.0"/>
    <property name="webdriver.http.factory" value="jdk-http-client"/>
  </properties>
  <testcase name="runScenario[&quot;TC_01 Corporate Registration with Valid Details&quot;, &quot;C_TC_01_Corporate_Registration_with_Valid_Details&quot;](1)" classname="com.thinktimetechno.runners.FullTest.FullTestRunner" time="21.696"/>
  <testcase name="runScenario[&quot;TC_02 Corporate Register(leaving one mandatory field blank)&quot;, &quot;C_TC_02_Register_with_leaving_one_mandatory_field_blank&quot;](2)" classname="com.thinktimetechno.runners.FullTest.FullTestRunner" time="10.264"/>
  <testcase name="runScenario[&quot;TC_03 Corporate Register(with existing accounts credentials)&quot;, &quot;C_TC_03_Register_with_existing_accounts_credentials&quot;](3)" classname="com.thinktimetechno.runners.FullTest.FullTestRunner" time="13.022"/>
  <testcase name="runScenario[&quot;TC_04 Login with Valid Credentials&quot;, &quot;C_TC_04_login_valid_credentials&quot;](4)" classname="com.thinktimetechno.runners.FullTest.FullTestRunner" time="12.623"/>
  <testcase name="runScenario[&quot;TC_05 Login with Valid Username Invalid  Password&quot;, &quot;C_TC_05_login_valid_username_invalid_password&quot;](5)" classname="com.thinktimetechno.runners.FullTest.FullTestRunner" time="10.715"/>
  <testcase name="runScenario[&quot;TC_06 Login with Invalid Username valid  Password&quot;, &quot;C_TC_06_login_invalid_username_valid_password&quot;](6)" classname="com.thinktimetechno.runners.FullTest.FullTestRunner" time="10.143"/>
  <testcase name="runScenario[&quot;TC_07 Login with Invalid Username Invalid  Password&quot;, &quot;C_TC_07_login_invalid_username_invalid_password&quot;](7)" classname="com.thinktimetechno.runners.FullTest.FullTestRunner" time="11.33"/>
  <testcase name="runScenario[&quot;TC_08 Verify Forgot Password Functionality Using a Valid Registered Email Address&quot;, &quot;C_TC_08_Forgot_password_with_valid_registered_email&quot;](8)" classname="com.thinktimetechno.runners.FullTest.FullTestRunner" time="12.455"/>
  <testcase name="runScenario[&quot;TC_09 Verify Forgot Password Functionality Using a Non-Registered/Invalid Email Address&quot;, &quot;C_TC_09_Forgot_password_with_invalid_registered_email&quot;](9)" classname="com.thinktimetechno.runners.FullTest.FullTestRunner" time="12.373"/>
  <testcase name="runScenario[&quot;TC_10 Invite Employee&quot;, &quot;C_TC_10_Invite_Employee&quot;](10)" classname="com.thinktimetechno.runners.FullTest.FullTestRunner" time="43.448"/>
  <testcase name="runScenario[&quot;C_TC_11_Invite_Employee_in_bulk&quot;, &quot;C_TC_11_Invite_Employee_in_bulk&quot;](11)" classname="com.thinktimetechno.runners.FullTest.FullTestRunner" time="44.255">
    <failure message="element click intercepted: Element &lt;button data-role=&quot;none&quot; class=&quot;btn-large btn-default&quot; id=&quot;submit-assign-course&quot; type=&quot;button&quot; onclick=&quot;sendInvitation()&quot;&gt;...&lt;/button&gt; is not clickable at point (2274, 989). Other element would receive the click: &lt;div id=&quot;select2-drop-mask&quot; class=&quot;select2-drop-mask&quot; style=&quot;&quot;&gt;&lt;/div&gt;&#10;  (Session info: chrome=135.0.7049.96)&#10;Build info: version: &apos;4.12.1&apos;, revision: &apos;8e34639b11&apos;&#10;System info: os.name: &apos;Windows 11&apos;, os.arch: &apos;amd64&apos;, os.version: &apos;10.0&apos;, java.version: &apos;17.0.12&apos;&#10;Driver info: org.openqa.selenium.chrome.ChromeDriver&#10;Command: [f491774a7bd819bb102f6cb90df7a80c, clickElement {id=f.B9CE3690A3CF0C42DFC96F210565AA49.d.699D72BF35085190CC2C51313FF51EE8.e.533}]&#10;Capabilities {acceptInsecureCerts: false, browserName: chrome, browserVersion: 135.0.7049.96, chrome: {chromedriverVersion: 135.0.7049.97 (b41307079c9b..., userDataDir: C:\Users\rithi\AppData\Loca...}, fedcm:accounts: true, goog:chromeOptions: {debuggerAddress: localhost:60597}, networkConnectionEnabled: false, pageLoadStrategy: normal, platformName: windows, proxy: Proxy(), se:cdp: ws://localhost:60597/devtoo..., se:cdpVersion: 135.0.7049.96, setWindowRect: true, strictFileInteractability: false, timeouts: {implicit: 0, pageLoad: 300000, script: 30000}, unhandledPromptBehavior: dismiss and notify, webauthn:extension:credBlob: true, webauthn:extension:largeBlob: true, webauthn:extension:minPinLength: true, webauthn:extension:prf: true, webauthn:virtualAuthenticators: true}&#10;Element: [[ChromeDriver: chrome on windows (f491774a7bd819bb102f6cb90df7a80c)] -&gt; xpath: //button[contains(text(),&apos;Next&apos;)]]&#10;Session ID: f491774a7bd819bb102f6cb90df7a80c" type="org.openqa.selenium.ElementClickInterceptedException"><![CDATA[org.openqa.selenium.ElementClickInterceptedException: 
element click intercepted: Element <button data-role="none" class="btn-large btn-default" id="submit-assign-course" type="button" onclick="sendInvitation()">...</button> is not clickable at point (2274, 989). Other element would receive the click: <div id="select2-drop-mask" class="select2-drop-mask" style=""></div>
  (Session info: chrome=135.0.7049.96)
Build info: version: '4.12.1', revision: '8e34639b11'
System info: os.name: 'Windows 11', os.arch: 'amd64', os.version: '10.0', java.version: '17.0.12'
Driver info: org.openqa.selenium.chrome.ChromeDriver
Command: [f491774a7bd819bb102f6cb90df7a80c, clickElement {id=f.B9CE3690A3CF0C42DFC96F210565AA49.d.699D72BF35085190CC2C51313FF51EE8.e.533}]
Capabilities {acceptInsecureCerts: false, browserName: chrome, browserVersion: 135.0.7049.96, chrome: {chromedriverVersion: 135.0.7049.97 (b41307079c9b..., userDataDir: C:\Users\rithi\AppData\Loca...}, fedcm:accounts: true, goog:chromeOptions: {debuggerAddress: localhost:60597}, networkConnectionEnabled: false, pageLoadStrategy: normal, platformName: windows, proxy: Proxy(), se:cdp: ws://localhost:60597/devtoo..., se:cdpVersion: 135.0.7049.96, setWindowRect: true, strictFileInteractability: false, timeouts: {implicit: 0, pageLoad: 300000, script: 30000}, unhandledPromptBehavior: dismiss and notify, webauthn:extension:credBlob: true, webauthn:extension:largeBlob: true, webauthn:extension:minPinLength: true, webauthn:extension:prf: true, webauthn:virtualAuthenticators: true}
Element: [[ChromeDriver: chrome on windows (f491774a7bd819bb102f6cb90df7a80c)] -> xpath: //button[contains(text(),'Next')]]
Session ID: f491774a7bd819bb102f6cb90df7a80c
	at java.base/jdk.internal.reflect.NativeConstructorAccessorImpl.newInstance0(Native Method)
	at java.base/jdk.internal.reflect.NativeConstructorAccessorImpl.newInstance(NativeConstructorAccessorImpl.java:77)
	at java.base/jdk.internal.reflect.DelegatingConstructorAccessorImpl.newInstance(DelegatingConstructorAccessorImpl.java:45)
	at java.base/java.lang.reflect.Constructor.newInstanceWithCaller(Constructor.java:499)
	at java.base/java.lang.reflect.Constructor.newInstance(Constructor.java:480)
	at org.openqa.selenium.remote.codec.w3c.W3CHttpResponseCodec.createException(W3CHttpResponseCodec.java:200)
	at org.openqa.selenium.remote.codec.w3c.W3CHttpResponseCodec.decode(W3CHttpResponseCodec.java:133)
	at org.openqa.selenium.remote.codec.w3c.W3CHttpResponseCodec.decode(W3CHttpResponseCodec.java:52)
	at org.openqa.selenium.remote.HttpCommandExecutor.execute(HttpCommandExecutor.java:191)
	at org.openqa.selenium.remote.service.DriverCommandExecutor.invokeExecute(DriverCommandExecutor.java:196)
	at org.openqa.selenium.remote.service.DriverCommandExecutor.execute(DriverCommandExecutor.java:171)
	at org.openqa.selenium.remote.RemoteWebDriver.execute(RemoteWebDriver.java:602)
	at org.openqa.selenium.remote.RemoteWebElement.execute(RemoteWebElement.java:224)
	at org.openqa.selenium.remote.RemoteWebElement.click(RemoteWebElement.java:77)
	at com.thinktimetechno.keywords.WebUI.clickElement(WebUI.java:2116)
	at com.thinktimetechno.projects.website.Multipages.CorporateLoginPage.click_nxt(CorporateLoginPage.java:151)
	at com.thinktimetechno.projects.website.stepdefinitions.CorporateUser.Corporate_StepDefinitions.group_user_tap_the_button1(Corporate_StepDefinitions.java:406)
	at ✽.GroupUser tap the Next button(file:///D:/Workspace/AHCA/src/test/resources/features/GroupUser/C_TC_11%20Invite%20Employee%20in%20bulk.feature:58)
]]></failure>
    <system-out><![CDATA[
@GroupUser @fulltest @C_TC_11_Invite_Employee_in_bulk
Scenario: C_TC_11_Invite_Employee_in_bulk                                                                               # src/test/resources/features/GroupUser/C_TC_11 Invite Employee in bulk.feature:5
[INFO] 23-04-2025 18:21:18 [LogUtils] - Driver in TestContext: ChromeDriver: chrome on windows (f491774a7bd819bb102f6cb90df7a80c)
[INFO] 23-04-2025 18:21:24 [LogUtils] - Open URL: https://staging2-cpraedcourse.gitview.net/groupadmin/login
  Given User navigates to the group login page "https://staging2-cpraedcourse.gitview.net/groupadmin/login"             # com.thinktimetechno.projects.website.stepdefinitions.CorporateUser.Corporate_StepDefinitions.user_navigates_to_the_group_login_page(java.lang.String)
[INFO] 23-04-2025 18:21:24 [LogUtils] - Verify element visible By.xpath: //input[@id='email']
[INFO] 23-04-2025 18:21:24 [LogUtils] - Set text rohan1223@cpraedcourse.com on By.xpath: //input[@id='email']
[INFO] 23-04-2025 18:21:24 [LogUtils] - Verify element visible By.xpath: //input[@id='password']
[INFO] 23-04-2025 18:21:24 [LogUtils] - Set text Rohan@123 on By.xpath: //input[@id='password']
  When GroupUser enters login credentials:                                                                              # com.thinktimetechno.projects.website.stepdefinitions.CorporateUser.Corporate_StepDefinitions.group_user_enters_login_credentials(io.cucumber.datatable.DataTable)
    | Field    | Value                      |
    | Email    | rohan1223@cpraedcourse.com |
    | Password | Rohan@123                  |
[INFO] 23-04-2025 18:21:24 [LogUtils] - Verify element visible By.xpath: //input[@id='select_course']
[INFO] 23-04-2025 18:21:29 [LogUtils] - Clicked on the element By.xpath: //input[@id='select_course']
  And GroupUser taps on the Login button                                                                                # com.thinktimetechno.projects.website.stepdefinitions.CorporateUser.Corporate_StepDefinitions.group_user_taps_on_the_login_button()
[INFO] 23-04-2025 18:21:29 [LogUtils] - Get Page Title: Dashboard | Groupadmin - American Health Care Academy
  Then GroupUser should redirected to the GroupUser dashboard page                                                      # com.thinktimetechno.projects.website.stepdefinitions.CorporateUser.Corporate_StepDefinitions.group_user_should_redirected_to_the_group_user_dashboard_page()
[INFO] 23-04-2025 18:21:29 [LogUtils] - Verify element visible By.xpath: (//a[contains(text(),'Purchase Codes')])[2]
[INFO] 23-04-2025 18:21:31 [LogUtils] - Clicked on the element By.xpath: (//a[contains(text(),'Purchase Codes')])[2]
  When GroupUser tap on the Purchase Codes button                                                                       # com.thinktimetechno.projects.website.stepdefinitions.CorporateUser.Corporate_StepDefinitions.group_user_taps_on_the_purchasecode_button()
[INFO] 23-04-2025 18:21:31 [LogUtils] - Get Page Title: Invoice | Groupadmin - American Health Care Academy
  Then GroupUser should be navigated to the Purchase Code page                                                          # com.thinktimetechno.projects.website.stepdefinitions.CorporateUser.Corporate_StepDefinitions.group_user_should_see_Purchase_Code_page()
Course found: CPR/AED & First Aid & Bloodborne Course
Error while processing a courseBlock: no such element: Unable to locate element: {"method":"xpath","selector":".//span"}
  (Session info: chrome=135.0.7049.96)
For documentation on this error, please visit: https://www.selenium.dev/documentation/webdriver/troubleshooting/errors#no-such-element-exception
Build info: version: '4.12.1', revision: '8e34639b11'
System info: os.name: 'Windows 11', os.arch: 'amd64', os.version: '10.0', java.version: '17.0.12'
Driver info: org.openqa.selenium.chrome.ChromeDriver
Command: [f491774a7bd819bb102f6cb90df7a80c, findChildElement {id=f.B9CE3690A3CF0C42DFC96F210565AA49.d.2E0E54E924F69FFA642F0A5C4FF2712E.e.201, using=xpath, value=.//span}]
Capabilities {acceptInsecureCerts: false, browserName: chrome, browserVersion: 135.0.7049.96, chrome: {chromedriverVersion: 135.0.7049.97 (b41307079c9b..., userDataDir: C:\Users\rithi\AppData\Loca...}, fedcm:accounts: true, goog:chromeOptions: {debuggerAddress: localhost:60597}, networkConnectionEnabled: false, pageLoadStrategy: normal, platformName: windows, proxy: Proxy(), se:cdp: ws://localhost:60597/devtoo..., se:cdpVersion: 135.0.7049.96, setWindowRect: true, strictFileInteractability: false, timeouts: {implicit: 0, pageLoad: 300000, script: 30000}, unhandledPromptBehavior: dismiss and notify, webauthn:extension:credBlob: true, webauthn:extension:largeBlob: true, webauthn:extension:minPinLength: true, webauthn:extension:prf: true, webauthn:virtualAuthenticators: true}
Session ID: f491774a7bd819bb102f6cb90df7a80c
Course found: CPR/AED & First Aid Course
Error while processing a courseBlock: no such element: Unable to locate element: {"method":"xpath","selector":".//span"}
  (Session info: chrome=135.0.7049.96)
For documentation on this error, please visit: https://www.selenium.dev/documentation/webdriver/troubleshooting/errors#no-such-element-exception
Build info: version: '4.12.1', revision: '8e34639b11'
System info: os.name: 'Windows 11', os.arch: 'amd64', os.version: '10.0', java.version: '17.0.12'
Driver info: org.openqa.selenium.chrome.ChromeDriver
Command: [f491774a7bd819bb102f6cb90df7a80c, findChildElement {id=f.B9CE3690A3CF0C42DFC96F210565AA49.d.2E0E54E924F69FFA642F0A5C4FF2712E.e.205, using=xpath, value=.//span}]
Capabilities {acceptInsecureCerts: false, browserName: chrome, browserVersion: 135.0.7049.96, chrome: {chromedriverVersion: 135.0.7049.97 (b41307079c9b..., userDataDir: C:\Users\rithi\AppData\Loca...}, fedcm:accounts: true, goog:chromeOptions: {debuggerAddress: localhost:60597}, networkConnectionEnabled: false, pageLoadStrategy: normal, platformName: windows, proxy: Proxy(), se:cdp: ws://localhost:60597/devtoo..., se:cdpVersion: 135.0.7049.96, setWindowRect: true, strictFileInteractability: false, timeouts: {implicit: 0, pageLoad: 300000, script: 30000}, unhandledPromptBehavior: dismiss and notify, webauthn:extension:credBlob: true, webauthn:extension:largeBlob: true, webauthn:extension:minPinLength: true, webauthn:extension:prf: true, webauthn:virtualAuthenticators: true}
Session ID: f491774a7bd819bb102f6cb90df7a80c
Course found: CPR/AED Course
Error while processing a courseBlock: no such element: Unable to locate element: {"method":"xpath","selector":".//span"}
  (Session info: chrome=135.0.7049.96)
For documentation on this error, please visit: https://www.selenium.dev/documentation/webdriver/troubleshooting/errors#no-such-element-exception
Build info: version: '4.12.1', revision: '8e34639b11'
System info: os.name: 'Windows 11', os.arch: 'amd64', os.version: '10.0', java.version: '17.0.12'
Driver info: org.openqa.selenium.chrome.ChromeDriver
Command: [f491774a7bd819bb102f6cb90df7a80c, findChildElement {id=f.B9CE3690A3CF0C42DFC96F210565AA49.d.2E0E54E924F69FFA642F0A5C4FF2712E.e.209, using=xpath, value=.//span}]
Capabilities {acceptInsecureCerts: false, browserName: chrome, browserVersion: 135.0.7049.96, chrome: {chromedriverVersion: 135.0.7049.97 (b41307079c9b..., userDataDir: C:\Users\rithi\AppData\Loca...}, fedcm:accounts: true, goog:chromeOptions: {debuggerAddress: localhost:60597}, networkConnectionEnabled: false, pageLoadStrategy: normal, platformName: windows, proxy: Proxy(), se:cdp: ws://localhost:60597/devtoo..., se:cdpVersion: 135.0.7049.96, setWindowRect: true, strictFileInteractability: false, timeouts: {implicit: 0, pageLoad: 300000, script: 30000}, unhandledPromptBehavior: dismiss and notify, webauthn:extension:credBlob: true, webauthn:extension:largeBlob: true, webauthn:extension:minPinLength: true, webauthn:extension:prf: true, webauthn:virtualAuthenticators: true}
Session ID: f491774a7bd819bb102f6cb90df7a80c
Course found: First Aid Course
Set quantity 9 for course: First Aid Course
  And GroupUser enter quantity as 9 for "First Aid Course" course                                                       # com.thinktimetechno.projects.website.stepdefinitions.CorporateUser.Corporate_StepDefinitions.groupUserEnterQuantityForCourse(int,java.lang.String)
[INFO] 23-04-2025 18:21:32 [LogUtils] - Verify element visible By.xpath: //input[@id='po_number']
[INFO] 23-04-2025 18:21:32 [LogUtils] - Set text Rohan on By.xpath: //input[@id='po_number']
[INFO] 23-04-2025 18:21:33 [LogUtils] - Verify element visible By.xpath: //div[@id='invoice_total']
[INFO] 23-04-2025 18:21:33 [LogUtils] - Verify element visible By.xpath: //div[@id='invoice_total']
  And GroupUser enter "Rohan" in Purchase Order                                                                         # com.thinktimetechno.projects.website.stepdefinitions.CorporateUser.Corporate_StepDefinitions.group_user_enterPO(java.lang.String)
[INFO] 23-04-2025 18:21:38 [LogUtils] - Click on element with JS: By.xpath: //a[@id='submit-invoice-course']
  And GroupUser tap the Pay Invoice button                                                                              # com.thinktimetechno.projects.website.stepdefinitions.CorporateUser.Corporate_StepDefinitions.group_user_submitinvoice()
[INFO] 23-04-2025 18:21:43 [LogUtils] - Get Page Title: Payinvoicev3 | Groupadmin - American Health Care Academy
  Then GroupUser should be navigated to the Invoice Payment page                                                        # com.thinktimetechno.projects.website.stepdefinitions.CorporateUser.Corporate_StepDefinitions.group_user_should_see_the_success_message_as()
[INFO] 23-04-2025 18:21:43 [LogUtils] - Verify element visible By.xpath: //input[@id='billing_firstname']
[INFO] 23-04-2025 18:21:43 [LogUtils] - Set text John on By.xpath: //input[@id='billing_firstname']
[INFO] 23-04-2025 18:21:43 [LogUtils] - Verify element visible By.xpath: //input[@id='billing_lastname']
[INFO] 23-04-2025 18:21:43 [LogUtils] - Set text Doe on By.xpath: //input[@id='billing_lastname']
[INFO] 23-04-2025 18:21:43 [LogUtils] - Verify element visible By.xpath: //input[@id='company']
[INFO] 23-04-2025 18:21:43 [LogUtils] - Set text ABC Corporation on By.xpath: //input[@id='company']
[INFO] 23-04-2025 18:21:43 [LogUtils] - Verify element visible By.xpath: //input[@id='billing_address']
[INFO] 23-04-2025 18:21:43 [LogUtils] - Set text 123 Main Street on By.xpath: //input[@id='billing_address']
[INFO] 23-04-2025 18:21:43 [LogUtils] - Verify element visible By.xpath: //input[@id='billing_city']
[INFO] 23-04-2025 18:21:43 [LogUtils] - Set text New York on By.xpath: //input[@id='billing_city']
[INFO] 23-04-2025 18:21:44 [LogUtils] - Verify element visible By.xpath: //select[@id='billing_state']
[INFO] 23-04-2025 18:21:44 [LogUtils] - Set text CA - California on By.xpath: //select[@id='billing_state']
[INFO] 23-04-2025 18:21:44 [LogUtils] - Verify element visible By.xpath: //input[@id='billing_zipcode']
[INFO] 23-04-2025 18:21:44 [LogUtils] - Set text 10001 on By.xpath: //input[@id='billing_zipcode']
  When GroupUser enters billing address details:                                                                        # com.thinktimetechno.projects.website.stepdefinitions.CorporateUser.Corporate_StepDefinitions.group_user_enters_billing_credentials(io.cucumber.datatable.DataTable)
    | Field      | Value           |
    | First Name | John            |
    | Last Name  | Doe             |
    | Company    | ABC Corporation |
    | Address    | 123 Main Street |
    | City       | New York        |
    | State      | CA - California |
    | Zip        | 10001           |
[INFO] 23-04-2025 18:21:44 [LogUtils] - Verify element visible By.xpath: //input[@id='name_on_card']
[INFO] 23-04-2025 18:21:44 [LogUtils] - Set text johndoe on By.xpath: //input[@id='name_on_card']
[INFO] 23-04-2025 18:21:44 [LogUtils] - Verify element visible By.xpath: //input[@id='billing_cardno']
[INFO] 23-04-2025 18:21:44 [LogUtils] - Set text 4242424242424242 on By.xpath: //input[@id='billing_cardno']
[INFO] 23-04-2025 18:21:44 [LogUtils] - Verify element visible By.xpath: //input[@id='billing_exp_month']
[INFO] 23-04-2025 18:21:44 [LogUtils] - Set text 12 on By.xpath: //input[@id='billing_exp_month']
[INFO] 23-04-2025 18:21:44 [LogUtils] - Verify element visible By.xpath: //input[@id='billing_exp_year']
[INFO] 23-04-2025 18:21:44 [LogUtils] - Set text 27 on By.xpath: //input[@id='billing_exp_year']
[INFO] 23-04-2025 18:21:44 [LogUtils] - Verify element visible By.xpath: //input[@id='billing_cvv']
[INFO] 23-04-2025 18:21:44 [LogUtils] - Set text 123 on By.xpath: //input[@id='billing_cvv']
  And GroupUser enters the payment details:                                                                             # com.thinktimetechno.projects.website.stepdefinitions.CorporateUser.Corporate_StepDefinitions.group_user_enters_payment_credentials(io.cucumber.datatable.DataTable)
    | Field             | Value            |
    | Full Name on Card | johndoe          |
    | Card Number       | 4242424242424242 |
    | Expiration Month  | 12               |
    | Expiration Year   | 27               |
    | CVV Code          | 123              |
[INFO] 23-04-2025 18:21:45 [LogUtils] - Click on element with JS: By.xpath: (//div[contains(text(),'Submit Payment')])[1]
  And GroupUser clicks on Submit Payment button                                                                         # com.thinktimetechno.projects.website.stepdefinitions.CorporateUser.Corporate_StepDefinitions.group_user_tap_Submit_Payment_button()
[INFO] 23-04-2025 18:21:47 [LogUtils] - Verify element visible By.xpath: //p[contains(text(),'Invoices')]
[INFO] 23-04-2025 18:21:47 [LogUtils] - Verify element visible By.xpath: //p[contains(text(),'Invoices')]
  Then GroupUser should be navigated to the Invoice page                                                                # com.thinktimetechno.projects.website.stepdefinitions.CorporateUser.Corporate_StepDefinitions.group_user_should_see_the_Invoice_page()
[INFO] 23-04-2025 18:21:48 [LogUtils] - Verify element visible By.xpath: //table[@id='prepaid_code_table']/tbody/tr[1]/td[4]
[INFO] 23-04-2025 18:21:48 [LogUtils] - Verify element visible By.xpath: //table[@id='prepaid_code_table']/tbody/tr[1]/td[4]
$190.71
  Then Group User should see that the total invoice amount is the same on the Create Invoice page and the Invoice page. # com.thinktimetechno.projects.website.stepdefinitions.CorporateUser.Corporate_StepDefinitions.groupuser_see_same_total_invoice_in_Invoice_page()
[INFO] 23-04-2025 18:21:48 [LogUtils] - Verify element visible By.xpath: (//a[contains(text(),'Invite New Employee')])[2]
[INFO] 23-04-2025 18:21:50 [LogUtils] - Clicked on the element By.xpath: (//a[contains(text(),'Invite New Employee')])[2]
  When GroupUser tap the Invite New Employee button                                                                     # com.thinktimetechno.projects.website.stepdefinitions.CorporateUser.Corporate_StepDefinitions.group_user_tap_the_button()
[INFO] 23-04-2025 18:21:50 [LogUtils] - Get Page Title: Invite | Groupadmin - American Health Care Academy
  Then GroupUser lands on the Invite New Employee Page                                                                  # com.thinktimetechno.projects.website.stepdefinitions.CorporateUser.Corporate_StepDefinitions.group_user_lands_on_the_invite_new_employee_page()
[INFO] 23-04-2025 18:21:50 [LogUtils] - Verify element visible By.xpath: (//input[@class='first_name'])[1]
[INFO] 23-04-2025 18:21:51 [LogUtils] - Set text John1 on By.xpath: (//input[@class='first_name'])[1]
[INFO] 23-04-2025 18:21:51 [LogUtils] - Verify element visible By.xpath: (//input[@class='last_name'])[1]
[INFO] 23-04-2025 18:21:51 [LogUtils] - Set text Doe1 on By.xpath: (//input[@class='last_name'])[1]
[INFO] 23-04-2025 18:21:51 [LogUtils] - Verify element visible By.xpath: (//input[@class='email_address'])[1]
[INFO] 23-04-2025 18:21:51 [LogUtils] - Set text john1.doe@example.com on By.xpath: (//input[@class='email_address'])[1]
[INFO] 23-04-2025 18:21:51 [LogUtils] - Verify element visible By.xpath: (//input[@class='phone_number'])[1]
[INFO] 23-04-2025 18:21:51 [LogUtils] - Set text 98765432101 on By.xpath: (//input[@class='phone_number'])[1]
[INFO] 23-04-2025 18:21:51 [LogUtils] - Verify element visible By.xpath: //button[text()='Invite Another Employee']
[INFO] 23-04-2025 18:21:51 [LogUtils] - Clicked on the element By.xpath: //button[text()='Invite Another Employee']
[INFO] 23-04-2025 18:21:51 [LogUtils] - Verify element visible By.xpath: (//input[@class='first_name'])[2]
[INFO] 23-04-2025 18:21:51 [LogUtils] - Verify element visible By.xpath: (//input[@class='first_name'])[2]
[INFO] 23-04-2025 18:21:51 [LogUtils] - Set text John2 on By.xpath: (//input[@class='first_name'])[2]
[INFO] 23-04-2025 18:21:51 [LogUtils] - Verify element visible By.xpath: (//input[@class='last_name'])[2]
[INFO] 23-04-2025 18:21:52 [LogUtils] - Set text Doe2 on By.xpath: (//input[@class='last_name'])[2]
[INFO] 23-04-2025 18:21:52 [LogUtils] - Verify element visible By.xpath: (//input[@class='email_address'])[2]
[INFO] 23-04-2025 18:21:52 [LogUtils] - Set text john2.doe@example.com on By.xpath: (//input[@class='email_address'])[2]
[INFO] 23-04-2025 18:21:52 [LogUtils] - Verify element visible By.xpath: (//input[@class='phone_number'])[2]
[INFO] 23-04-2025 18:21:52 [LogUtils] - Set text 98765432102 on By.xpath: (//input[@class='phone_number'])[2]
[INFO] 23-04-2025 18:21:52 [LogUtils] - Verify element visible By.xpath: //button[text()='Invite Another Employee']
[INFO] 23-04-2025 18:21:52 [LogUtils] - Clicked on the element By.xpath: //button[text()='Invite Another Employee']
[INFO] 23-04-2025 18:21:52 [LogUtils] - Verify element visible By.xpath: (//input[@class='first_name'])[3]
[INFO] 23-04-2025 18:21:52 [LogUtils] - Verify element visible By.xpath: (//input[@class='first_name'])[3]
[INFO] 23-04-2025 18:21:52 [LogUtils] - Set text John3 on By.xpath: (//input[@class='first_name'])[3]
[INFO] 23-04-2025 18:21:52 [LogUtils] - Verify element visible By.xpath: (//input[@class='last_name'])[3]
[INFO] 23-04-2025 18:21:52 [LogUtils] - Set text Doe3 on By.xpath: (//input[@class='last_name'])[3]
[INFO] 23-04-2025 18:21:52 [LogUtils] - Verify element visible By.xpath: (//input[@class='email_address'])[3]
[INFO] 23-04-2025 18:21:52 [LogUtils] - Set text john3.doe@example.com on By.xpath: (//input[@class='email_address'])[3]
[INFO] 23-04-2025 18:21:52 [LogUtils] - Verify element visible By.xpath: (//input[@class='phone_number'])[3]
[INFO] 23-04-2025 18:21:53 [LogUtils] - Set text 98765432103 on By.xpath: (//input[@class='phone_number'])[3]
[INFO] 23-04-2025 18:21:53 [LogUtils] - Verify element visible By.xpath: //button[text()='Invite Another Employee']
[INFO] 23-04-2025 18:21:53 [LogUtils] - Clicked on the element By.xpath: //button[text()='Invite Another Employee']
[INFO] 23-04-2025 18:21:53 [LogUtils] - Verify element visible By.xpath: (//input[@class='first_name'])[4]
[INFO] 23-04-2025 18:21:53 [LogUtils] - Verify element visible By.xpath: (//input[@class='first_name'])[4]
[INFO] 23-04-2025 18:21:53 [LogUtils] - Set text John4 on By.xpath: (//input[@class='first_name'])[4]
[INFO] 23-04-2025 18:21:53 [LogUtils] - Verify element visible By.xpath: (//input[@class='last_name'])[4]
[INFO] 23-04-2025 18:21:53 [LogUtils] - Set text Doe4 on By.xpath: (//input[@class='last_name'])[4]
[INFO] 23-04-2025 18:21:53 [LogUtils] - Verify element visible By.xpath: (//input[@class='email_address'])[4]
[INFO] 23-04-2025 18:21:53 [LogUtils] - Set text john4.doe@example.com on By.xpath: (//input[@class='email_address'])[4]
[INFO] 23-04-2025 18:21:53 [LogUtils] - Verify element visible By.xpath: (//input[@class='phone_number'])[4]
[INFO] 23-04-2025 18:21:53 [LogUtils] - Set text 98765432104 on By.xpath: (//input[@class='phone_number'])[4]
[INFO] 23-04-2025 18:21:53 [LogUtils] - Verify element visible By.xpath: //button[text()='Invite Another Employee']
[INFO] 23-04-2025 18:21:53 [LogUtils] - Clicked on the element By.xpath: //button[text()='Invite Another Employee']
[INFO] 23-04-2025 18:21:53 [LogUtils] - Verify element visible By.xpath: (//input[@class='first_name'])[5]
[INFO] 23-04-2025 18:21:54 [LogUtils] - Verify element visible By.xpath: (//input[@class='first_name'])[5]
[INFO] 23-04-2025 18:21:54 [LogUtils] - Set text John5 on By.xpath: (//input[@class='first_name'])[5]
[INFO] 23-04-2025 18:21:54 [LogUtils] - Verify element visible By.xpath: (//input[@class='last_name'])[5]
[INFO] 23-04-2025 18:21:54 [LogUtils] - Set text Doe5 on By.xpath: (//input[@class='last_name'])[5]
[INFO] 23-04-2025 18:21:54 [LogUtils] - Verify element visible By.xpath: (//input[@class='email_address'])[5]
[INFO] 23-04-2025 18:21:54 [LogUtils] - Set text john5.doe@example.com on By.xpath: (//input[@class='email_address'])[5]
[INFO] 23-04-2025 18:21:54 [LogUtils] - Verify element visible By.xpath: (//input[@class='phone_number'])[5]
[INFO] 23-04-2025 18:21:54 [LogUtils] - Set text 98765432105 on By.xpath: (//input[@class='phone_number'])[5]
  When GroupUser enters the following employee details:                                                                 # com.thinktimetechno.projects.website.stepdefinitions.CorporateUser.Corporate_StepDefinitions.group_user_enters_the_following_employee_details(io.cucumber.datatable.DataTable)
    | First Name | Last Name | Email Address         | Phone Number |
    | John1      | Doe1      | john1.doe@example.com | 98765432101  |
    | John2      | Doe2      | john2.doe@example.com | 98765432102  |
    | John3      | Doe3      | john3.doe@example.com | 98765432103  |
    | John4      | Doe4      | john4.doe@example.com | 98765432104  |
    | John5      | Doe5      | john5.doe@example.com | 98765432105  |
[INFO] 23-04-2025 18:21:54 [LogUtils] - Verify element visible By.xpath: //button[text()='Next']
[INFO] 23-04-2025 18:21:54 [LogUtils] - Clicked on the element By.xpath: //button[text()='Next']
  And GroupUser taps on the Next button                                                                                 # com.thinktimetechno.projects.website.stepdefinitions.CorporateUser.Corporate_StepDefinitions.group_user_taps_the_button1()
[INFO] 23-04-2025 18:21:57 [LogUtils] - Verify element visible By.id: s2id_codeauth_pre_paid
[INFO] 23-04-2025 18:21:58 [LogUtils] - Clicked on the element By.id: s2id_codeauth_pre_paid
  And GroupUser select the payment type as Pre-Paid                                                                     # com.thinktimetechno.projects.website.stepdefinitions.CorporateUser.Corporate_StepDefinitions.group_user_select_the_payment_type_as()
[INFO] 23-04-2025 18:21:58 [LogUtils] - Click on element with JS: By.xpath: (//div[@class='select2-result-label'])[2]
[INFO] 23-04-2025 18:21:58 [LogUtils] - Click on element with JS: By.xpath: (//div[@class='select2-result-label'])[2]
[INFO] 23-04-2025 18:21:58 [LogUtils] - Click on element with JS: By.xpath: (//div[@class='select2-result-label'])[2]
[INFO] 23-04-2025 18:21:58 [LogUtils] - Click on element with JS: By.xpath: (//div[@class='select2-result-label'])[2]
[INFO] 23-04-2025 18:21:58 [LogUtils] - Click on element with JS: By.xpath: (//div[@class='select2-result-label'])[2]
  And GroupUser select the first available course code                                                                  # com.thinktimetechno.projects.website.stepdefinitions.CorporateUser.Corporate_StepDefinitions.group_user_select_the_first_available_course_code()
[INFO] 23-04-2025 18:21:58 [LogUtils] - Verify element visible By.xpath: //button[contains(text(),'Next')]
  And GroupUser tap the Next button                                                                                     # com.thinktimetechno.projects.website.stepdefinitions.CorporateUser.Corporate_StepDefinitions.group_user_tap_the_button1()
      org.openqa.selenium.ElementClickInterceptedException: element click intercepted: Element <button data-role="none" class="btn-large btn-default" id="submit-assign-course" type="button" onclick="sendInvitation()">...</button> is not clickable at point (2274, 989). Other element would receive the click: <div id="select2-drop-mask" class="select2-drop-mask" style=""></div>
  (Session info: chrome=135.0.7049.96)
Build info: version: '4.12.1', revision: '8e34639b11'
System info: os.name: 'Windows 11', os.arch: 'amd64', os.version: '10.0', java.version: '17.0.12'
Driver info: org.openqa.selenium.chrome.ChromeDriver
Command: [f491774a7bd819bb102f6cb90df7a80c, clickElement {id=f.B9CE3690A3CF0C42DFC96F210565AA49.d.699D72BF35085190CC2C51313FF51EE8.e.533}]
Capabilities {acceptInsecureCerts: false, browserName: chrome, browserVersion: 135.0.7049.96, chrome: {chromedriverVersion: 135.0.7049.97 (b41307079c9b..., userDataDir: C:\Users\rithi\AppData\Loca...}, fedcm:accounts: true, goog:chromeOptions: {debuggerAddress: localhost:60597}, networkConnectionEnabled: false, pageLoadStrategy: normal, platformName: windows, proxy: Proxy(), se:cdp: ws://localhost:60597/devtoo..., se:cdpVersion: 135.0.7049.96, setWindowRect: true, strictFileInteractability: false, timeouts: {implicit: 0, pageLoad: 300000, script: 30000}, unhandledPromptBehavior: dismiss and notify, webauthn:extension:credBlob: true, webauthn:extension:largeBlob: true, webauthn:extension:minPinLength: true, webauthn:extension:prf: true, webauthn:virtualAuthenticators: true}
Element: [[ChromeDriver: chrome on windows (f491774a7bd819bb102f6cb90df7a80c)] -> xpath: //button[contains(text(),'Next')]]
Session ID: f491774a7bd819bb102f6cb90df7a80c
	at java.base/jdk.internal.reflect.NativeConstructorAccessorImpl.newInstance0(Native Method)
	at java.base/jdk.internal.reflect.NativeConstructorAccessorImpl.newInstance(NativeConstructorAccessorImpl.java:77)
	at java.base/jdk.internal.reflect.DelegatingConstructorAccessorImpl.newInstance(DelegatingConstructorAccessorImpl.java:45)
	at java.base/java.lang.reflect.Constructor.newInstanceWithCaller(Constructor.java:499)
	at java.base/java.lang.reflect.Constructor.newInstance(Constructor.java:480)
	at org.openqa.selenium.remote.codec.w3c.W3CHttpResponseCodec.createException(W3CHttpResponseCodec.java:200)
	at org.openqa.selenium.remote.codec.w3c.W3CHttpResponseCodec.decode(W3CHttpResponseCodec.java:133)
	at org.openqa.selenium.remote.codec.w3c.W3CHttpResponseCodec.decode(W3CHttpResponseCodec.java:52)
	at org.openqa.selenium.remote.HttpCommandExecutor.execute(HttpCommandExecutor.java:191)
	at org.openqa.selenium.remote.service.DriverCommandExecutor.invokeExecute(DriverCommandExecutor.java:196)
	at org.openqa.selenium.remote.service.DriverCommandExecutor.execute(DriverCommandExecutor.java:171)
	at org.openqa.selenium.remote.RemoteWebDriver.execute(RemoteWebDriver.java:602)
	at org.openqa.selenium.remote.RemoteWebElement.execute(RemoteWebElement.java:224)
	at org.openqa.selenium.remote.RemoteWebElement.click(RemoteWebElement.java:77)
	at com.thinktimetechno.keywords.WebUI.clickElement(WebUI.java:2116)
	at com.thinktimetechno.projects.website.Multipages.CorporateLoginPage.click_nxt(CorporateLoginPage.java:151)
	at com.thinktimetechno.projects.website.stepdefinitions.CorporateUser.Corporate_StepDefinitions.group_user_tap_the_button1(Corporate_StepDefinitions.java:406)
	at ✽.GroupUser tap the Next button(file:///D:/Workspace/AHCA/src/test/resources/features/GroupUser/C_TC_11%20Invite%20Employee%20in%20bulk.feature:58)


    Embedding Screenshot Failed [image/png 177578 bytes]

  Then GroupUser should see a message "Congratulations!"                                                                # com.thinktimetechno.projects.website.stepdefinitions.CorporateUser.Corporate_StepDefinitions.group_user_should_see_a_message(java.lang.String)
[ERROR] 23-04-2025 18:22:01 [LifecycleNotifier] - Could not invoke listener method
org.openqa.selenium.NoSuchSessionException: Session ID is null. Using WebDriver after calling quit()?
Build info: version: '4.12.1', revision: '8e34639b11'
System info: os.name: 'Windows 11', os.arch: 'amd64', os.version: '10.0', java.version: '17.0.12'
Driver info: org.openqa.selenium.chrome.ChromeDriver
Command: [null, screenshot {}]
Capabilities {acceptInsecureCerts: false, browserName: chrome, browserVersion: 135.0.7049.96, chrome: {chromedriverVersion: 135.0.7049.97 (b41307079c9b..., userDataDir: C:\Users\rithi\AppData\Loca...}, fedcm:accounts: true, goog:chromeOptions: {debuggerAddress: localhost:60597}, networkConnectionEnabled: false, pageLoadStrategy: normal, platformName: windows, proxy: Proxy(), se:cdp: ws://localhost:60597/devtoo..., se:cdpVersion: 135.0.7049.96, setWindowRect: true, strictFileInteractability: false, timeouts: {implicit: 0, pageLoad: 300000, script: 30000}, unhandledPromptBehavior: dismiss and notify, webauthn:extension:credBlob: true, webauthn:extension:largeBlob: true, webauthn:extension:minPinLength: true, webauthn:extension:prf: true, webauthn:virtualAuthenticators: true}
	at org.openqa.selenium.remote.HttpCommandExecutor.execute(HttpCommandExecutor.java:152) ~[selenium-remote-driver-4.12.1.jar:?]
	at org.openqa.selenium.remote.service.DriverCommandExecutor.invokeExecute(DriverCommandExecutor.java:196) ~[selenium-remote-driver-4.12.1.jar:?]
	at org.openqa.selenium.remote.service.DriverCommandExecutor.execute(DriverCommandExecutor.java:171) ~[selenium-remote-driver-4.12.1.jar:?]
	at org.openqa.selenium.remote.RemoteWebDriver.execute(RemoteWebDriver.java:602) ~[selenium-remote-driver-4.12.1.jar:?]
	at org.openqa.selenium.remote.RemoteWebDriver.execute(RemoteWebDriver.java:675) ~[selenium-remote-driver-4.12.1.jar:?]
	at org.openqa.selenium.remote.RemoteWebDriver.execute(RemoteWebDriver.java:679) ~[selenium-remote-driver-4.12.1.jar:?]
	at org.openqa.selenium.remote.RemoteWebDriver.getScreenshotAs(RemoteWebDriver.java:325) ~[selenium-remote-driver-4.12.1.jar:?]
	at java.base/jdk.internal.reflect.NativeMethodAccessorImpl.invoke0(Native Method) ~[?:?]
	at java.base/jdk.internal.reflect.NativeMethodAccessorImpl.invoke(NativeMethodAccessorImpl.java:77) ~[?:?]
	at java.base/jdk.internal.reflect.DelegatingMethodAccessorImpl.invoke(DelegatingMethodAccessorImpl.java:43) ~[?:?]
	at java.base/java.lang.reflect.Method.invoke(Method.java:568) ~[?:?]
	at org.openqa.selenium.support.ThreadGuard$WebDriverInvocationHandler.invokeUnderlying(ThreadGuard.java:99) ~[selenium-support-4.12.1.jar:?]
	at org.openqa.selenium.support.ThreadGuard$WebDriverInvocationHandler.invoke(ThreadGuard.java:91) ~[selenium-support-4.12.1.jar:?]
	at jdk.proxy2/jdk.proxy2.$Proxy57.getScreenshotAs(Unknown Source) ~[?:?]
	at com.thinktimetechno.listeners.AllureListener.beforeTestStop(AllureListener.java:43) ~[test-classes/:?]
	at io.qameta.allure.listener.LifecycleNotifier.lambda$runSafely$0(LifecycleNotifier.java:211) ~[allure-java-commons-2.24.0.jar:2.24.0]
	at java.base/java.util.ArrayList.forEach(ArrayList.java:1511) ~[?:?]
	at io.qameta.allure.listener.LifecycleNotifier.runSafely(LifecycleNotifier.java:209) ~[allure-java-commons-2.24.0.jar:2.24.0]
	at io.qameta.allure.listener.LifecycleNotifier.beforeTestStop(LifecycleNotifier.java:88) ~[allure-java-commons-2.24.0.jar:2.24.0]
	at io.qameta.allure.AllureLifecycle.stopTestCase(AllureLifecycle.java:420) ~[allure-java-commons-2.24.0.jar:2.24.0]
	at io.qameta.allure.cucumber7jvm.AllureCucumber7Jvm.handleTestCaseFinished(AllureCucumber7Jvm.java:204) ~[allure-cucumber7-jvm-2.24.0.jar:2.24.0]
	at io.cucumber.core.eventbus.AbstractEventPublisher.send(AbstractEventPublisher.java:51) ~[cucumber-core-7.13.0.jar:7.13.0]
	at io.cucumber.core.eventbus.AbstractEventBus.send(AbstractEventBus.java:12) ~[cucumber-core-7.13.0.jar:7.13.0]
	at io.cucumber.core.runtime.SynchronizedEventBus.send(SynchronizedEventBus.java:47) ~[cucumber-core-7.13.0.jar:7.13.0]
	at io.cucumber.core.runtime.ThreadLocalRunnerSupplier$LocalEventBus.send(ThreadLocalRunnerSupplier.java:62) ~[cucumber-core-7.13.0.jar:7.13.0]
	at io.cucumber.core.runner.TestCase.emitTestCaseFinished(TestCase.java:219) ~[cucumber-core-7.13.0.jar:7.13.0]
	at io.cucumber.core.runner.TestCase.run(TestCase.java:98) ~[cucumber-core-7.13.0.jar:7.13.0]
	at io.cucumber.core.runner.Runner.runPickle(Runner.java:75) ~[cucumber-core-7.13.0.jar:7.13.0]
	at io.cucumber.testng.TestNGCucumberRunner.lambda$runScenario$1(TestNGCucumberRunner.java:132) ~[cucumber-testng-7.13.0.jar:7.13.0]
	at io.cucumber.core.runtime.CucumberExecutionContext.lambda$runTestCase$5(CucumberExecutionContext.java:137) ~[cucumber-core-7.13.0.jar:7.13.0]
	at io.cucumber.core.runtime.RethrowingThrowableCollector.executeAndThrow(RethrowingThrowableCollector.java:23) ~[cucumber-core-7.13.0.jar:7.13.0]
	at io.cucumber.core.runtime.CucumberExecutionContext.runTestCase(CucumberExecutionContext.java:137) ~[cucumber-core-7.13.0.jar:7.13.0]
	at io.cucumber.testng.TestNGCucumberRunner.runScenario(TestNGCucumberRunner.java:129) ~[cucumber-testng-7.13.0.jar:7.13.0]
	at io.cucumber.testng.AbstractTestNGCucumberTests.runScenario(AbstractTestNGCucumberTests.java:35) ~[cucumber-testng-7.13.0.jar:7.13.0]
	at java.base/jdk.internal.reflect.NativeMethodAccessorImpl.invoke0(Native Method) ~[?:?]
	at java.base/jdk.internal.reflect.NativeMethodAccessorImpl.invoke(NativeMethodAccessorImpl.java:77) ~[?:?]
	at java.base/jdk.internal.reflect.DelegatingMethodAccessorImpl.invoke(DelegatingMethodAccessorImpl.java:43) ~[?:?]
	at java.base/java.lang.reflect.Method.invoke(Method.java:568) ~[?:?]
	at org.testng.internal.invokers.MethodInvocationHelper.invokeMethod(MethodInvocationHelper.java:139) ~[testng-7.8.0.jar:7.8.0]
	at org.testng.internal.invokers.TestInvoker.invokeMethod(TestInvoker.java:664) ~[testng-7.8.0.jar:7.8.0]
	at org.testng.internal.invokers.TestInvoker.invokeTestMethod(TestInvoker.java:227) ~[testng-7.8.0.jar:7.8.0]
	at org.testng.internal.invokers.MethodRunner.runInSequence(MethodRunner.java:50) ~[testng-7.8.0.jar:7.8.0]
	at org.testng.internal.invokers.TestInvoker$MethodInvocationAgent.invoke(TestInvoker.java:957) ~[testng-7.8.0.jar:7.8.0]
	at org.testng.internal.invokers.TestInvoker.invokeTestMethods(TestInvoker.java:200) ~[testng-7.8.0.jar:7.8.0]
	at org.testng.internal.invokers.TestMethodWorker.invokeTestMethods(TestMethodWorker.java:148) ~[testng-7.8.0.jar:7.8.0]
	at org.testng.internal.invokers.TestMethodWorker.run(TestMethodWorker.java:128) ~[testng-7.8.0.jar:7.8.0]
	at java.base/java.util.ArrayList.forEach(ArrayList.java:1511) [?:?]
	at org.testng.TestRunner.privateRun(TestRunner.java:848) [testng-7.8.0.jar:7.8.0]
	at org.testng.TestRunner.run(TestRunner.java:621) [testng-7.8.0.jar:7.8.0]
	at org.testng.SuiteRunner.runTest(SuiteRunner.java:443) [testng-7.8.0.jar:7.8.0]
	at org.testng.SuiteRunner.runSequentially(SuiteRunner.java:437) [testng-7.8.0.jar:7.8.0]
	at org.testng.SuiteRunner.privateRun(SuiteRunner.java:397) [testng-7.8.0.jar:7.8.0]
	at org.testng.SuiteRunner.run(SuiteRunner.java:336) [testng-7.8.0.jar:7.8.0]
	at org.testng.SuiteRunnerWorker.runSuite(SuiteRunnerWorker.java:52) [testng-7.8.0.jar:7.8.0]
	at org.testng.SuiteRunnerWorker.run(SuiteRunnerWorker.java:95) [testng-7.8.0.jar:7.8.0]
	at org.testng.TestNG.runSuitesSequentially(TestNG.java:1280) [testng-7.8.0.jar:7.8.0]
	at org.testng.TestNG.runSuitesLocally(TestNG.java:1200) [testng-7.8.0.jar:7.8.0]
	at org.testng.TestNG.runSuites(TestNG.java:1114) [testng-7.8.0.jar:7.8.0]
	at org.testng.TestNG.run(TestNG.java:1082) [testng-7.8.0.jar:7.8.0]
	at org.apache.maven.surefire.testng.TestNGExecutor.run(TestNGExecutor.java:308) [surefire-testng-3.1.2.jar:3.1.2]
	at org.apache.maven.surefire.testng.TestNGXmlTestSuite.execute(TestNGXmlTestSuite.java:71) [surefire-testng-3.1.2.jar:3.1.2]
	at org.apache.maven.surefire.testng.TestNGProvider.invoke(TestNGProvider.java:113) [surefire-testng-3.1.2.jar:3.1.2]
	at org.apache.maven.surefire.booter.ForkedBooter.runSuitesInProcess(ForkedBooter.java:385) [surefire-booter-3.1.2.jar:3.1.2]
	at org.apache.maven.surefire.booter.ForkedBooter.execute(ForkedBooter.java:162) [surefire-booter-3.1.2.jar:3.1.2]
	at org.apache.maven.surefire.booter.ForkedBooter.run(ForkedBooter.java:507) [surefire-booter-3.1.2.jar:3.1.2]
	at org.apache.maven.surefire.booter.ForkedBooter.main(ForkedBooter.java:495) [surefire-booter-3.1.2.jar:3.1.2]
]]></system-out>
    <system-err><![CDATA[Apr 23, 2025 6:21:18 PM org.openqa.selenium.devtools.CdpVersionFinder findNearestMatch
WARNING: Unable to find CDP implementation matching 135
Apr 23, 2025 6:21:18 PM org.openqa.selenium.chromium.ChromiumDriver lambda$new$5
WARNING: Unable to find version of CDP to use for 135.0.7049.96. You may need to include a dependency on a specific version of the CDP using something similar to `org.seleniumhq.selenium:selenium-devtools-v86:4.12.1` where the version ("v86") matches the version of the chromium-based browser you're using and the version number of the artifact is the same as Selenium's.
]]></system-err>
  </testcase>
  <testcase name="runScenario[&quot;C_TC_12 Purchase Codes(select quantity above 5)&quot;, &quot;C_TC_12_Purchase Codes(select quantity above 5)&quot;](12)" classname="com.thinktimetechno.runners.FullTest.FullTestRunner" time="35.082"/>
  <testcase name="runScenario[&quot;C_TC_13_Purchase Codes(select quantity below 5)&quot;, &quot;C_TC_13_Purchase Codes(select quantity below 5)&quot;](13)" classname="com.thinktimetechno.runners.FullTest.FullTestRunner" time="22.82"/>
  <testcase name="runScenario[&quot;C_TC_14_Export_Reports&quot;, &quot;C_TC_14_Export_Reports&quot;](14)" classname="com.thinktimetechno.runners.FullTest.FullTestRunner" time="21.636"/>
  <testcase name="runScenario[&quot;TC_01 Registration with Valid Details&quot;, &quot;SU_TC01_Register_with_valid_credentials&quot;](15)" classname="com.thinktimetechno.runners.FullTest.FullTestRunner" time="24.028"/>
  <testcase name="runScenario[&quot;TC_02 Register(leaving one mandatory field blank)&quot;, &quot;SU_TC02_Register_with_leaving_one_mandatory_field_blank&quot;](16)" classname="com.thinktimetechno.runners.FullTest.FullTestRunner" time="12.907"/>
  <testcase name="runScenario[&quot;TC_03 Register(with existing accounts credentials)&quot;, &quot;SU_TC03_Register_with_existing_accounts_credentials&quot;](17)" classname="com.thinktimetechno.runners.FullTest.FullTestRunner" time="12.943"/>
  <testcase name="runScenario[&quot;TC_04 Navigate to Registration Page from Login Page&quot;, &quot;SU_TC04_Navigate_to_Registration_Page_from_Login_Page&quot;](18)" classname="com.thinktimetechno.runners.FullTest.FullTestRunner" time="28.875"/>
  <testcase name="runScenario[&quot;TC_05 Login with Valid Credentials&quot;, &quot;SU_TC05_login_valid_credentials&quot;](19)" classname="com.thinktimetechno.runners.FullTest.FullTestRunner" time="14.147"/>
  <testcase name="runScenario[&quot;TC_06 Login with Valid Username Invalid  Password&quot;, &quot;SU_TC06_Login_with_Valid_Username_Invalid_Password&quot;](20)" classname="com.thinktimetechno.runners.FullTest.FullTestRunner" time="13.467"/>
  <testcase name="runScenario[&quot;TC_07 Login with Invalid Username valid  Password&quot;, &quot;SU_TC07_Login_with_InValid_Username_valid_Password&quot;](21)" classname="com.thinktimetechno.runners.FullTest.FullTestRunner" time="11.634"/>
  <testcase name="runScenario[&quot;TC_08 Login with Invalid Username Invalid  Password&quot;, &quot;SU_TC08_Login_with_InValid_Username_Invalid_Password&quot;](22)" classname="com.thinktimetechno.runners.FullTest.FullTestRunner" time="11.515"/>
  <testcase name="runScenario[&quot;TC_09 Navigate to Reset Password Page&quot;, &quot;SU_TC09_Navigate_to_Reset_password_page&quot;](23)" classname="com.thinktimetechno.runners.FullTest.FullTestRunner" time="17.152"/>
  <testcase name="runScenario[&quot;SU_TC10_store_purchase&quot;, &quot;SU_TC10_store_purchase&quot;](24)" classname="com.thinktimetechno.runners.FullTest.FullTestRunner" time="24.752"/>
  <testcase name="runScenario[&quot;TC_11 Take Quiz (failed in quiz)&quot;, &quot;SU_TC11_Take_Quiz_failed_in_quiz&quot;](25)" classname="com.thinktimetechno.runners.FullTest.FullTestRunner" time="29.34">
    <failure message="Index 1 out of bounds for length 1" type="java.lang.ArrayIndexOutOfBoundsException"><![CDATA[java.lang.ArrayIndexOutOfBoundsException: Index 1 out of bounds for length 1
	at com.thinktimetechno.projects.website.pages.QuizPage.question_and_wronganswer(QuizPage.java:139)
	at com.thinktimetechno.projects.website.stepdefinitions.SingleUser.Single_User_StepDefinitions.user_attends_all_the_wrongquestions(Single_User_StepDefinitions.java:438)
	at ✽.User attends all the 20 questions with some wrong answer(file:///D:/Workspace/AHCA/src/test/resources/features/SingleUser/SU_TC_11%20Take%20Quiz(failed%20in%20quiz).feature:32)
]]></failure>
    <system-out><![CDATA[
@SingleUser @fulltest @SU_TC11_Take_Quiz_failed_in_quiz
Scenario: TC_11 Take Quiz (failed in quiz)                                                                                                                      # src/test/resources/features/SingleUser/SU_TC_11 Take Quiz(failed in quiz).feature:5
[INFO] 23-04-2025 18:26:13 [LogUtils] - Driver in TestContext: ChromeDriver: chrome on windows (2b51ef51747fb0f26e7359dd495a228c)
[INFO] 23-04-2025 18:26:20 [LogUtils] - Open URL: https://staging2-cpraedcourse.gitview.net/register
  Given User navigate to "https://staging2-cpraedcourse.gitview.net/register" for SingleUser registration                                                       # com.thinktimetechno.projects.website.stepdefinitions.SingleUser.Single_User_StepDefinitions.user_navigate_to_for_single_user_registration(java.lang.String)
[INFO] 23-04-2025 18:26:20 [LogUtils] - Verify element visible By.xpath: //input[@id='first_name']
[INFO] 23-04-2025 18:26:21 [LogUtils] - Set text John1 on By.xpath: //input[@id='first_name']
[INFO] 23-04-2025 18:26:21 [LogUtils] - Verify element visible By.xpath: //input[@id='last_name']
[INFO] 23-04-2025 18:26:21 [LogUtils] - Set text Doe1 on By.xpath: //input[@id='last_name']
[INFO] 23-04-2025 18:26:21 [LogUtils] - Verify element visible By.xpath: //input[@id='phone_number']
[INFO] 23-04-2025 18:26:21 [LogUtils] - Clicked on the element By.xpath: //input[@id='phone_number']
[INFO] 23-04-2025 18:26:21 [LogUtils] - Verify element visible By.xpath: //input[@id='phone_number']
[INFO] 23-04-2025 18:26:21 [LogUtils] - Set text 98765432109 on By.xpath: //input[@id='phone_number']
[INFO] 23-04-2025 18:26:21 [LogUtils] - Verify element visible By.xpath: //input[@id='email_address']
[INFO] 23-04-2025 18:26:21 [LogUtils] - Set text john.doe20250423182620@example.com on By.xpath: //input[@id='email_address']
[INFO] 23-04-2025 18:26:21 [LogUtils] - Verify element visible By.xpath: //input[@id='username']
[INFO] 23-04-2025 18:26:21 [LogUtils] - Set text johndoe20250423182620 on By.xpath: //input[@id='username']
[INFO] 23-04-2025 18:26:22 [LogUtils] - Verify element visible By.xpath: //input[@id='password']
[INFO] 23-04-2025 18:26:22 [LogUtils] - Set text Secure@123 on By.xpath: //input[@id='password']
[INFO] 23-04-2025 18:26:22 [LogUtils] - Verify element visible By.xpath: //input[@id='confirm_password']
[INFO] 23-04-2025 18:26:22 [LogUtils] - Set text Secure@123 on By.xpath: //input[@id='confirm_password']
  When User enters the following valid registration details:                                                                                                    # com.thinktimetechno.projects.website.stepdefinitions.SingleUser.Single_User_StepDefinitions.user_enters_the_following_valid_registration_details(io.cucumber.datatable.DataTable)
    | Field            | Value                |
    | First Name       | John1                |
    | Last Name        | Doe1                 |
    | Phone Number     | 98765432109          |
    | Email Address    | john.doe@example.com |
    | Username         | johndoe              |
    | Password         | Secure@123           |
    | Confirm Password | Secure@123           |
[INFO] 23-04-2025 18:26:22 [LogUtils] - Verify element visible By.xpath: //input[@id='opt_in_button']
[INFO] 23-04-2025 18:26:22 [LogUtils] - Clicked on the element By.xpath: //input[@id='opt_in_button']
  And User agrees to the Terms and Privacy Policy                                                                                                               # com.thinktimetechno.projects.website.stepdefinitions.SingleUser.Single_User_StepDefinitions.user_agrees_to_the_terms_and_privacy_policy()
[INFO] 23-04-2025 18:26:31 [LogUtils] - Click on element with JS: By.id: register-button
  And User clicks on the Register Now button                                                                                                                    # com.thinktimetechno.projects.website.stepdefinitions.SingleUser.Single_User_StepDefinitions.user_clicks_on_the_register_now_button()
[INFO] 23-04-2025 18:26:31 [LogUtils] - Verify element visible By.xpath: (//h3[contains(text(),'Are you a Healthcare Provider? ')])[1]
[INFO] 23-04-2025 18:26:31 [LogUtils] - Verify element visible By.xpath: (//h3[contains(text(),'Are you a Healthcare Provider? ')])[1]
  Then User is on the Are you a Healthcare Provider? page                                                                                                       # com.thinktimetechno.projects.website.stepdefinitions.SingleUser.Single_User_StepDefinitions.user_is_on_the_page()
[INFO] 23-04-2025 18:26:31 [LogUtils] - Click on element with JS: By.xpath: //div/a[contains(text(),'Yes, I am a healthcare provider')]
  When User selects "Yes, I am a healthcare provider"                                                                                                           # com.thinktimetechno.projects.website.stepdefinitions.SingleUser.Single_User_StepDefinitions.user_selects(java.lang.String)
[INFO] 23-04-2025 18:26:31 [LogUtils] - Verify element visible By.xpath: (//h3[contains(text(),'Please choose your profession')])[2]
  Then User should be navigated to the Please choose your profession page                                                                                       # com.thinktimetechno.projects.website.stepdefinitions.SingleUser.Single_User_StepDefinitions.user_should_be_navigated_to_the_profession_page()
[INFO] 23-04-2025 18:26:31 [LogUtils] - Verify element visible By.xpath: (//a[contains(text(),'Doctor / Physicians')])[1]
[INFO] 23-04-2025 18:26:31 [LogUtils] - Clicked on the element By.xpath: (//a[contains(text(),'Doctor / Physicians')])[1]
  When User selects the profession as "Doctor / Physicians"                                                                                                     # com.thinktimetechno.projects.website.stepdefinitions.SingleUser.Single_User_StepDefinitions.user_selects_the_profession_as(java.lang.String)
[INFO] 23-04-2025 18:26:31 [LogUtils] - Verify element visible By.xpath: (//h3[contains(text(),'Please Select The Course Below For ')])[1]
  Then User should be navigated to the Course Selection page                                                                                                    # com.thinktimetechno.projects.website.stepdefinitions.SingleUser.Single_User_StepDefinitions.user_should_be_navigated_to_the_course_page()
[INFO] 23-04-2025 18:26:32 [LogUtils] - Verify element visible By.xpath: (//a[contains(text(),'Combo Healthcare Provider BLS')])[1]
[INFO] 23-04-2025 18:26:32 [LogUtils] - Clicked on the element By.xpath: (//a[contains(text(),'Combo Healthcare Provider BLS')])[1]
  When User selects the course as "Combo Healthcare Provider BLS"                                                                                               # com.thinktimetechno.projects.website.stepdefinitions.SingleUser.Single_User_StepDefinitions.user_selects_the_course_as(java.lang.String)
[INFO] 23-04-2025 18:26:37 [LogUtils] - Get Page Title: CPR - Introduction - American Health Care Academy
  Then User lands on the Course Page                                                                                                                            # com.thinktimetechno.projects.website.stepdefinitions.SingleUser.Single_User_StepDefinitions.user_lands_on_the()
[INFO] 23-04-2025 18:26:37 [LogUtils] - Verify element visible By.xpath: //div[@class='left-take-quiz ']/a[contains(text(),'Take Quiz')]
[INFO] 23-04-2025 18:26:39 [LogUtils] - Clicked on the element By.xpath: //div[@class='left-take-quiz ']/a[contains(text(),'Take Quiz')]
  When User taps on the Take Quiz button                                                                                                                        # com.thinktimetechno.projects.website.stepdefinitions.SingleUser.Single_User_StepDefinitions.user_taps_on_the_button()
[INFO] 23-04-2025 18:26:39 [LogUtils] - Get Page Title: Hc Fa | Quiz - American Health Care Academy
  Then User lands on the Quiz Page                                                                                                                              # com.thinktimetechno.projects.website.stepdefinitions.SingleUser.Single_User_StepDefinitions.user_lands_on_the_()
[INFO] 23-04-2025 18:26:39 [LogUtils] - Click on element with JS: By.xpath: //input[@class='input-radio-answer' and following-sibling::label[contains(text(), 'When you use whatever hand you want')]]
[INFO] 23-04-2025 18:26:39 [LogUtils] - Click on element with JS: By.xpath: //input[@class='input-radio-answer' and following-sibling::label[contains(text(), 'If someone else can respond instead')]]
[INFO] 23-04-2025 18:26:39 [LogUtils] - Click on element with JS: By.xpath: //input[@class='input-radio-answer' and following-sibling::label[contains(text(), 'At least 10 compressions per minute')]]
[INFO] 23-04-2025 18:26:39 [LogUtils] - Click on element with JS: By.xpath: //input[@class='input-radio-answer' and following-sibling::label[contains(text(), 'One fist over the other')]]
[INFO] 23-04-2025 18:26:40 [LogUtils] - Click on element with JS: By.xpath: //input[@id='next_btn']
  When User attends all the 20 questions with some wrong answer                                                                                                 # com.thinktimetechno.projects.website.stepdefinitions.SingleUser.Single_User_StepDefinitions.user_attends_all_the_wrongquestions(java.lang.Integer)
      java.lang.ArrayIndexOutOfBoundsException: Index 1 out of bounds for length 1
	at com.thinktimetechno.projects.website.pages.QuizPage.question_and_wronganswer(QuizPage.java:139)
	at com.thinktimetechno.projects.website.stepdefinitions.SingleUser.Single_User_StepDefinitions.user_attends_all_the_wrongquestions(Single_User_StepDefinitions.java:438)
	at ✽.User attends all the 20 questions with some wrong answer(file:///D:/Workspace/AHCA/src/test/resources/features/SingleUser/SU_TC_11%20Take%20Quiz(failed%20in%20quiz).feature:32)


    Embedding Screenshot Failed [image/png 110199 bytes]

  And User taps on the Submit Quiz button                                                                                                                       # com.thinktimetechno.projects.website.stepdefinitions.SingleUser.Single_User_StepDefinitions.user_taps_on()
  Then User lands on the Quiz Fail Page                                                                                                                         # com.thinktimetechno.projects.website.stepdefinitions.SingleUser.Single_User_StepDefinitions.user_lands_on_the_quiz_fail_page()
  And User should be able to see the fail message as "You did not reach a passing score of 75% or higher. You may re-attempt the quiz at no additional charge." # com.thinktimetechno.projects.website.stepdefinitions.SingleUser.Single_User_StepDefinitions.user_should_be_able_to_see_the_fail_message_as(java.lang.String)
[ERROR] 23-04-2025 18:26:41 [LifecycleNotifier] - Could not invoke listener method
org.openqa.selenium.NoSuchSessionException: Session ID is null. Using WebDriver after calling quit()?
Build info: version: '4.12.1', revision: '8e34639b11'
System info: os.name: 'Windows 11', os.arch: 'amd64', os.version: '10.0', java.version: '17.0.12'
Driver info: org.openqa.selenium.chrome.ChromeDriver
Command: [null, screenshot {}]
Capabilities {acceptInsecureCerts: false, browserName: chrome, browserVersion: 135.0.7049.96, chrome: {chromedriverVersion: 135.0.7049.97 (b41307079c9b..., userDataDir: C:\Users\rithi\AppData\Loca...}, fedcm:accounts: true, goog:chromeOptions: {debuggerAddress: localhost:61722}, networkConnectionEnabled: false, pageLoadStrategy: normal, platformName: windows, proxy: Proxy(), se:cdp: ws://localhost:61722/devtoo..., se:cdpVersion: 135.0.7049.96, setWindowRect: true, strictFileInteractability: false, timeouts: {implicit: 0, pageLoad: 300000, script: 30000}, unhandledPromptBehavior: dismiss and notify, webauthn:extension:credBlob: true, webauthn:extension:largeBlob: true, webauthn:extension:minPinLength: true, webauthn:extension:prf: true, webauthn:virtualAuthenticators: true}
	at org.openqa.selenium.remote.HttpCommandExecutor.execute(HttpCommandExecutor.java:152) ~[selenium-remote-driver-4.12.1.jar:?]
	at org.openqa.selenium.remote.service.DriverCommandExecutor.invokeExecute(DriverCommandExecutor.java:196) ~[selenium-remote-driver-4.12.1.jar:?]
	at org.openqa.selenium.remote.service.DriverCommandExecutor.execute(DriverCommandExecutor.java:171) ~[selenium-remote-driver-4.12.1.jar:?]
	at org.openqa.selenium.remote.RemoteWebDriver.execute(RemoteWebDriver.java:602) ~[selenium-remote-driver-4.12.1.jar:?]
	at org.openqa.selenium.remote.RemoteWebDriver.execute(RemoteWebDriver.java:675) ~[selenium-remote-driver-4.12.1.jar:?]
	at org.openqa.selenium.remote.RemoteWebDriver.execute(RemoteWebDriver.java:679) ~[selenium-remote-driver-4.12.1.jar:?]
	at org.openqa.selenium.remote.RemoteWebDriver.getScreenshotAs(RemoteWebDriver.java:325) ~[selenium-remote-driver-4.12.1.jar:?]
	at java.base/jdk.internal.reflect.NativeMethodAccessorImpl.invoke0(Native Method) ~[?:?]
	at java.base/jdk.internal.reflect.NativeMethodAccessorImpl.invoke(NativeMethodAccessorImpl.java:77) ~[?:?]
	at java.base/jdk.internal.reflect.DelegatingMethodAccessorImpl.invoke(DelegatingMethodAccessorImpl.java:43) ~[?:?]
	at java.base/java.lang.reflect.Method.invoke(Method.java:568) ~[?:?]
	at org.openqa.selenium.support.ThreadGuard$WebDriverInvocationHandler.invokeUnderlying(ThreadGuard.java:99) ~[selenium-support-4.12.1.jar:?]
	at org.openqa.selenium.support.ThreadGuard$WebDriverInvocationHandler.invoke(ThreadGuard.java:91) ~[selenium-support-4.12.1.jar:?]
	at jdk.proxy2/jdk.proxy2.$Proxy57.getScreenshotAs(Unknown Source) ~[?:?]
	at com.thinktimetechno.listeners.AllureListener.beforeTestStop(AllureListener.java:43) ~[test-classes/:?]
	at io.qameta.allure.listener.LifecycleNotifier.lambda$runSafely$0(LifecycleNotifier.java:211) ~[allure-java-commons-2.24.0.jar:2.24.0]
	at java.base/java.util.ArrayList.forEach(ArrayList.java:1511) ~[?:?]
	at io.qameta.allure.listener.LifecycleNotifier.runSafely(LifecycleNotifier.java:209) ~[allure-java-commons-2.24.0.jar:2.24.0]
	at io.qameta.allure.listener.LifecycleNotifier.beforeTestStop(LifecycleNotifier.java:88) ~[allure-java-commons-2.24.0.jar:2.24.0]
	at io.qameta.allure.AllureLifecycle.stopTestCase(AllureLifecycle.java:420) ~[allure-java-commons-2.24.0.jar:2.24.0]
	at io.qameta.allure.cucumber7jvm.AllureCucumber7Jvm.handleTestCaseFinished(AllureCucumber7Jvm.java:204) ~[allure-cucumber7-jvm-2.24.0.jar:2.24.0]
	at io.cucumber.core.eventbus.AbstractEventPublisher.send(AbstractEventPublisher.java:51) ~[cucumber-core-7.13.0.jar:7.13.0]
	at io.cucumber.core.eventbus.AbstractEventBus.send(AbstractEventBus.java:12) ~[cucumber-core-7.13.0.jar:7.13.0]
	at io.cucumber.core.runtime.SynchronizedEventBus.send(SynchronizedEventBus.java:47) ~[cucumber-core-7.13.0.jar:7.13.0]
	at io.cucumber.core.runtime.ThreadLocalRunnerSupplier$LocalEventBus.send(ThreadLocalRunnerSupplier.java:62) ~[cucumber-core-7.13.0.jar:7.13.0]
	at io.cucumber.core.runner.TestCase.emitTestCaseFinished(TestCase.java:219) ~[cucumber-core-7.13.0.jar:7.13.0]
	at io.cucumber.core.runner.TestCase.run(TestCase.java:98) ~[cucumber-core-7.13.0.jar:7.13.0]
	at io.cucumber.core.runner.Runner.runPickle(Runner.java:75) ~[cucumber-core-7.13.0.jar:7.13.0]
	at io.cucumber.testng.TestNGCucumberRunner.lambda$runScenario$1(TestNGCucumberRunner.java:132) ~[cucumber-testng-7.13.0.jar:7.13.0]
	at io.cucumber.core.runtime.CucumberExecutionContext.lambda$runTestCase$5(CucumberExecutionContext.java:137) ~[cucumber-core-7.13.0.jar:7.13.0]
	at io.cucumber.core.runtime.RethrowingThrowableCollector.executeAndThrow(RethrowingThrowableCollector.java:23) ~[cucumber-core-7.13.0.jar:7.13.0]
	at io.cucumber.core.runtime.CucumberExecutionContext.runTestCase(CucumberExecutionContext.java:137) ~[cucumber-core-7.13.0.jar:7.13.0]
	at io.cucumber.testng.TestNGCucumberRunner.runScenario(TestNGCucumberRunner.java:129) ~[cucumber-testng-7.13.0.jar:7.13.0]
	at io.cucumber.testng.AbstractTestNGCucumberTests.runScenario(AbstractTestNGCucumberTests.java:35) ~[cucumber-testng-7.13.0.jar:7.13.0]
	at jdk.internal.reflect.GeneratedMethodAccessor149.invoke(Unknown Source) ~[?:?]
	at java.base/jdk.internal.reflect.DelegatingMethodAccessorImpl.invoke(DelegatingMethodAccessorImpl.java:43) ~[?:?]
	at java.base/java.lang.reflect.Method.invoke(Method.java:568) ~[?:?]
	at org.testng.internal.invokers.MethodInvocationHelper.invokeMethod(MethodInvocationHelper.java:139) ~[testng-7.8.0.jar:7.8.0]
	at org.testng.internal.invokers.TestInvoker.invokeMethod(TestInvoker.java:664) ~[testng-7.8.0.jar:7.8.0]
	at org.testng.internal.invokers.TestInvoker.invokeTestMethod(TestInvoker.java:227) ~[testng-7.8.0.jar:7.8.0]
	at org.testng.internal.invokers.MethodRunner.runInSequence(MethodRunner.java:50) ~[testng-7.8.0.jar:7.8.0]
	at org.testng.internal.invokers.TestInvoker$MethodInvocationAgent.invoke(TestInvoker.java:957) ~[testng-7.8.0.jar:7.8.0]
	at org.testng.internal.invokers.TestInvoker.invokeTestMethods(TestInvoker.java:200) ~[testng-7.8.0.jar:7.8.0]
	at org.testng.internal.invokers.TestMethodWorker.invokeTestMethods(TestMethodWorker.java:148) ~[testng-7.8.0.jar:7.8.0]
	at org.testng.internal.invokers.TestMethodWorker.run(TestMethodWorker.java:128) ~[testng-7.8.0.jar:7.8.0]
	at java.base/java.util.ArrayList.forEach(ArrayList.java:1511) [?:?]
	at org.testng.TestRunner.privateRun(TestRunner.java:848) [testng-7.8.0.jar:7.8.0]
	at org.testng.TestRunner.run(TestRunner.java:621) [testng-7.8.0.jar:7.8.0]
	at org.testng.SuiteRunner.runTest(SuiteRunner.java:443) [testng-7.8.0.jar:7.8.0]
	at org.testng.SuiteRunner.runSequentially(SuiteRunner.java:437) [testng-7.8.0.jar:7.8.0]
	at org.testng.SuiteRunner.privateRun(SuiteRunner.java:397) [testng-7.8.0.jar:7.8.0]
	at org.testng.SuiteRunner.run(SuiteRunner.java:336) [testng-7.8.0.jar:7.8.0]
	at org.testng.SuiteRunnerWorker.runSuite(SuiteRunnerWorker.java:52) [testng-7.8.0.jar:7.8.0]
	at org.testng.SuiteRunnerWorker.run(SuiteRunnerWorker.java:95) [testng-7.8.0.jar:7.8.0]
	at org.testng.TestNG.runSuitesSequentially(TestNG.java:1280) [testng-7.8.0.jar:7.8.0]
	at org.testng.TestNG.runSuitesLocally(TestNG.java:1200) [testng-7.8.0.jar:7.8.0]
	at org.testng.TestNG.runSuites(TestNG.java:1114) [testng-7.8.0.jar:7.8.0]
	at org.testng.TestNG.run(TestNG.java:1082) [testng-7.8.0.jar:7.8.0]
	at org.apache.maven.surefire.testng.TestNGExecutor.run(TestNGExecutor.java:308) [surefire-testng-3.1.2.jar:3.1.2]
	at org.apache.maven.surefire.testng.TestNGXmlTestSuite.execute(TestNGXmlTestSuite.java:71) [surefire-testng-3.1.2.jar:3.1.2]
	at org.apache.maven.surefire.testng.TestNGProvider.invoke(TestNGProvider.java:113) [surefire-testng-3.1.2.jar:3.1.2]
	at org.apache.maven.surefire.booter.ForkedBooter.runSuitesInProcess(ForkedBooter.java:385) [surefire-booter-3.1.2.jar:3.1.2]
	at org.apache.maven.surefire.booter.ForkedBooter.execute(ForkedBooter.java:162) [surefire-booter-3.1.2.jar:3.1.2]
	at org.apache.maven.surefire.booter.ForkedBooter.run(ForkedBooter.java:507) [surefire-booter-3.1.2.jar:3.1.2]
	at org.apache.maven.surefire.booter.ForkedBooter.main(ForkedBooter.java:495) [surefire-booter-3.1.2.jar:3.1.2]
]]></system-out>
    <system-err><![CDATA[Apr 23, 2025 6:26:13 PM org.openqa.selenium.devtools.CdpVersionFinder findNearestMatch
WARNING: Unable to find CDP implementation matching 135
Apr 23, 2025 6:26:13 PM org.openqa.selenium.chromium.ChromiumDriver lambda$new$5
WARNING: Unable to find version of CDP to use for 135.0.7049.96. You may need to include a dependency on a specific version of the CDP using something similar to `org.seleniumhq.selenium:selenium-devtools-v86:4.12.1` where the version ("v86") matches the version of the chromium-based browser you're using and the version number of the artifact is the same as Selenium's.
]]></system-err>
  </testcase>
  <testcase name="runScenario[&quot;TC_12 SU_TC12_Quiz_Reattempt_Passed&quot;, &quot;SU_TC12_Quiz_Reattempt_Passed&quot;](26)" classname="com.thinktimetechno.runners.FullTest.FullTestRunner" time="38.158">
    <failure message="Index 1 out of bounds for length 1" type="java.lang.ArrayIndexOutOfBoundsException"><![CDATA[java.lang.ArrayIndexOutOfBoundsException: Index 1 out of bounds for length 1
	at com.thinktimetechno.projects.website.pages.QuizPage.question_and_wronganswer(QuizPage.java:139)
	at com.thinktimetechno.projects.website.stepdefinitions.SingleUser.Single_User_StepDefinitions.user_attends_all_the_wrongquestions(Single_User_StepDefinitions.java:438)
	at ✽.User attends all the 20 questions with some wrong answer(file:///D:/Workspace/AHCA/src/test/resources/features/SingleUser/SU_TC_12%20Quiz%20Reattempt%20Passed.feature:32)
]]></failure>
    <system-out><![CDATA[
@SingleUser @fulltest @SU_TC12_Quiz_Reattempt_Passed
Scenario: TC_12 SU_TC12_Quiz_Reattempt_Passed                                                                                                                   # src/test/resources/features/SingleUser/SU_TC_12 Quiz Reattempt Passed.feature:5
[INFO] 23-04-2025 18:26:43 [LogUtils] - Driver in TestContext: ChromeDriver: chrome on windows (9c09d82d203a30254250127ba4b42232)
[INFO] 23-04-2025 18:26:49 [LogUtils] - Open URL: https://staging2-cpraedcourse.gitview.net/register
  Given User navigate to "https://staging2-cpraedcourse.gitview.net/register" for SingleUser registration                                                       # com.thinktimetechno.projects.website.stepdefinitions.SingleUser.Single_User_StepDefinitions.user_navigate_to_for_single_user_registration(java.lang.String)
[INFO] 23-04-2025 18:26:50 [LogUtils] - Verify element visible By.xpath: //input[@id='first_name']
[INFO] 23-04-2025 18:26:50 [LogUtils] - Set text John1 on By.xpath: //input[@id='first_name']
[INFO] 23-04-2025 18:26:50 [LogUtils] - Verify element visible By.xpath: //input[@id='last_name']
[INFO] 23-04-2025 18:26:50 [LogUtils] - Set text Doe1 on By.xpath: //input[@id='last_name']
[INFO] 23-04-2025 18:26:50 [LogUtils] - Verify element visible By.xpath: //input[@id='phone_number']
[INFO] 23-04-2025 18:26:50 [LogUtils] - Clicked on the element By.xpath: //input[@id='phone_number']
[INFO] 23-04-2025 18:26:50 [LogUtils] - Verify element visible By.xpath: //input[@id='phone_number']
[INFO] 23-04-2025 18:26:50 [LogUtils] - Set text 98765432109 on By.xpath: //input[@id='phone_number']
[INFO] 23-04-2025 18:26:50 [LogUtils] - Verify element visible By.xpath: //input[@id='email_address']
[INFO] 23-04-2025 18:26:50 [LogUtils] - Set text john.doe20250423182649@example.com on By.xpath: //input[@id='email_address']
[INFO] 23-04-2025 18:26:50 [LogUtils] - Verify element visible By.xpath: //input[@id='username']
[INFO] 23-04-2025 18:26:50 [LogUtils] - Set text johndoe20250423182649 on By.xpath: //input[@id='username']
[INFO] 23-04-2025 18:26:51 [LogUtils] - Verify element visible By.xpath: //input[@id='password']
[INFO] 23-04-2025 18:26:51 [LogUtils] - Set text Secure@123 on By.xpath: //input[@id='password']
[INFO] 23-04-2025 18:26:51 [LogUtils] - Verify element visible By.xpath: //input[@id='confirm_password']
[INFO] 23-04-2025 18:26:51 [LogUtils] - Set text Secure@123 on By.xpath: //input[@id='confirm_password']
  When User enters the following valid registration details:                                                                                                    # com.thinktimetechno.projects.website.stepdefinitions.SingleUser.Single_User_StepDefinitions.user_enters_the_following_valid_registration_details(io.cucumber.datatable.DataTable)
    | Field            | Value                |
    | First Name       | John1                |
    | Last Name        | Doe1                 |
    | Phone Number     | 98765432109          |
    | Email Address    | john.doe@example.com |
    | Username         | johndoe              |
    | Password         | Secure@123           |
    | Confirm Password | Secure@123           |
[INFO] 23-04-2025 18:26:51 [LogUtils] - Verify element visible By.xpath: //input[@id='opt_in_button']
[INFO] 23-04-2025 18:26:51 [LogUtils] - Clicked on the element By.xpath: //input[@id='opt_in_button']
  And User agrees to the Terms and Privacy Policy                                                                                                               # com.thinktimetechno.projects.website.stepdefinitions.SingleUser.Single_User_StepDefinitions.user_agrees_to_the_terms_and_privacy_policy()
[INFO] 23-04-2025 18:26:59 [LogUtils] - Click on element with JS: By.id: register-button
  And User clicks on the Register Now button                                                                                                                    # com.thinktimetechno.projects.website.stepdefinitions.SingleUser.Single_User_StepDefinitions.user_clicks_on_the_register_now_button()
[INFO] 23-04-2025 18:26:59 [LogUtils] - Verify element visible By.xpath: (//h3[contains(text(),'Are you a Healthcare Provider? ')])[1]
[INFO] 23-04-2025 18:27:00 [LogUtils] - Verify element visible By.xpath: (//h3[contains(text(),'Are you a Healthcare Provider? ')])[1]
  Then User is on the Are you a Healthcare Provider? page                                                                                                       # com.thinktimetechno.projects.website.stepdefinitions.SingleUser.Single_User_StepDefinitions.user_is_on_the_page()
[INFO] 23-04-2025 18:27:00 [LogUtils] - Click on element with JS: By.xpath: //div/a[contains(text(),'Yes, I am a healthcare provider')]
  When User selects "Yes, I am a healthcare provider"                                                                                                           # com.thinktimetechno.projects.website.stepdefinitions.SingleUser.Single_User_StepDefinitions.user_selects(java.lang.String)
[INFO] 23-04-2025 18:27:00 [LogUtils] - Verify element visible By.xpath: (//h3[contains(text(),'Please choose your profession')])[2]
  Then User should be navigated to the Please choose your profession page                                                                                       # com.thinktimetechno.projects.website.stepdefinitions.SingleUser.Single_User_StepDefinitions.user_should_be_navigated_to_the_profession_page()
[INFO] 23-04-2025 18:27:00 [LogUtils] - Verify element visible By.xpath: (//a[contains(text(),'Doctor / Physicians')])[1]
[INFO] 23-04-2025 18:27:00 [LogUtils] - Clicked on the element By.xpath: (//a[contains(text(),'Doctor / Physicians')])[1]
  When User selects the profession as "Doctor / Physicians"                                                                                                     # com.thinktimetechno.projects.website.stepdefinitions.SingleUser.Single_User_StepDefinitions.user_selects_the_profession_as(java.lang.String)
[INFO] 23-04-2025 18:27:00 [LogUtils] - Verify element visible By.xpath: (//h3[contains(text(),'Please Select The Course Below For ')])[1]
  Then User should be navigated to the Course Selection page                                                                                                    # com.thinktimetechno.projects.website.stepdefinitions.SingleUser.Single_User_StepDefinitions.user_should_be_navigated_to_the_course_page()
[INFO] 23-04-2025 18:27:00 [LogUtils] - Verify element visible By.xpath: (//a[contains(text(),'Combo Healthcare Provider BLS')])[1]
[INFO] 23-04-2025 18:27:00 [LogUtils] - Clicked on the element By.xpath: (//a[contains(text(),'Combo Healthcare Provider BLS')])[1]
  When User selects the course as "Combo Healthcare Provider BLS"                                                                                               # com.thinktimetechno.projects.website.stepdefinitions.SingleUser.Single_User_StepDefinitions.user_selects_the_course_as(java.lang.String)
[INFO] 23-04-2025 18:27:12 [LogUtils] - Get Page Title: CPR - Introduction - American Health Care Academy
  Then User lands on the Course Page                                                                                                                            # com.thinktimetechno.projects.website.stepdefinitions.SingleUser.Single_User_StepDefinitions.user_lands_on_the()
[INFO] 23-04-2025 18:27:13 [LogUtils] - Verify element visible By.xpath: //div[@class='left-take-quiz ']/a[contains(text(),'Take Quiz')]
[INFO] 23-04-2025 18:27:15 [LogUtils] - Clicked on the element By.xpath: //div[@class='left-take-quiz ']/a[contains(text(),'Take Quiz')]
  When User taps on the Take Quiz button                                                                                                                        # com.thinktimetechno.projects.website.stepdefinitions.SingleUser.Single_User_StepDefinitions.user_taps_on_the_button()
[INFO] 23-04-2025 18:27:16 [LogUtils] - Get Page Title: Hc Fa | Quiz - American Health Care Academy
  Then User lands on the Quiz Page                                                                                                                              # com.thinktimetechno.projects.website.stepdefinitions.SingleUser.Single_User_StepDefinitions.user_lands_on_the_()
[INFO] 23-04-2025 18:27:16 [LogUtils] - Click on element with JS: By.xpath: //input[@class='input-radio-answer' and following-sibling::label[contains(text(), 'When you use whatever hand you want')]]
[INFO] 23-04-2025 18:27:16 [LogUtils] - Click on element with JS: By.xpath: //input[@class='input-radio-answer' and following-sibling::label[contains(text(), 'If someone else can respond instead')]]
[INFO] 23-04-2025 18:27:16 [LogUtils] - Click on element with JS: By.xpath: //input[@class='input-radio-answer' and following-sibling::label[contains(text(), 'At least 10 compressions per minute')]]
[INFO] 23-04-2025 18:27:16 [LogUtils] - Click on element with JS: By.xpath: //input[@class='input-radio-answer' and following-sibling::label[contains(text(), 'One fist over the other')]]
[INFO] 23-04-2025 18:27:16 [LogUtils] - Click on element with JS: By.xpath: //input[@id='next_btn']
[INFO] 23-04-2025 18:27:16 [LogUtils] - Click on element with JS: By.xpath: //input[@class='input-radio-answer' and following-sibling::label[contains(text(), '2 inches, but no more than 2.4')]]
[INFO] 23-04-2025 18:27:16 [LogUtils] - Click on element with JS: By.xpath: //input[@class='input-radio-answer' and following-sibling::label[contains(text(), 'Tilt the head back and lift the chin')]]
[INFO] 23-04-2025 18:27:16 [LogUtils] - Click on element with JS: By.xpath: //input[@class='input-radio-answer' and following-sibling::label[contains(text(), '1.5, 100 to 120')]]
[INFO] 23-04-2025 18:27:16 [LogUtils] - Click on element with JS: By.xpath: //input[@class='input-radio-answer' and following-sibling::label[contains(text(), '2 fingers')]]
[INFO] 23-04-2025 18:27:16 [LogUtils] - Click on element with JS: By.xpath: //input[@id='next_btn']
[INFO] 23-04-2025 18:27:16 [LogUtils] - Click on element with JS: By.xpath: //input[@class='input-radio-answer' and following-sibling::label[contains(text(), 'All of the above')]]
[INFO] 23-04-2025 18:27:17 [LogUtils] - Click on element with JS: By.xpath: //input[@class='input-radio-answer' and following-sibling::label[contains(text(), 'Thrusts into the abdomen')]]
[INFO] 23-04-2025 18:27:17 [LogUtils] - Click on element with JS: By.xpath: //input[@class='input-radio-answer' and following-sibling::label[contains(text(), 'Both A and B')]]
[INFO] 23-04-2025 18:27:17 [LogUtils] - Click on element with JS: By.xpath: //input[@class='input-radio-answer' and following-sibling::label[contains(text(), 'Heart attack')]]
[INFO] 23-04-2025 18:27:17 [LogUtils] - Click on element with JS: By.xpath: //input[@id='next_btn']
  When User attends all the 20 questions with some wrong answer                                                                                                 # com.thinktimetechno.projects.website.stepdefinitions.SingleUser.Single_User_StepDefinitions.user_attends_all_the_wrongquestions(java.lang.Integer)
      java.lang.ArrayIndexOutOfBoundsException: Index 1 out of bounds for length 1
	at com.thinktimetechno.projects.website.pages.QuizPage.question_and_wronganswer(QuizPage.java:139)
	at com.thinktimetechno.projects.website.stepdefinitions.SingleUser.Single_User_StepDefinitions.user_attends_all_the_wrongquestions(Single_User_StepDefinitions.java:438)
	at ✽.User attends all the 20 questions with some wrong answer(file:///D:/Workspace/AHCA/src/test/resources/features/SingleUser/SU_TC_12%20Quiz%20Reattempt%20Passed.feature:32)


    Embedding Screenshot Failed [image/png 109724 bytes]

  And User taps on the Submit Quiz button                                                                                                                       # com.thinktimetechno.projects.website.stepdefinitions.SingleUser.Single_User_StepDefinitions.user_taps_on()
  Then User lands on the Quiz Fail Page                                                                                                                         # com.thinktimetechno.projects.website.stepdefinitions.SingleUser.Single_User_StepDefinitions.user_lands_on_the_quiz_fail_page()
  And User should be able to see the fail message as "You did not reach a passing score of 75% or higher. You may re-attempt the quiz at no additional charge." # com.thinktimetechno.projects.website.stepdefinitions.SingleUser.Single_User_StepDefinitions.user_should_be_able_to_see_the_fail_message_as(java.lang.String)
  When User Tap on RE-ATTEMPT QUIZ button                                                                                                                       # com.thinktimetechno.projects.website.stepdefinitions.SingleUser.Single_User_StepDefinitions.user_taps_on_the_reattemptquiz_button()
  And User attends all the 20 questions                                                                                                                         # com.thinktimetechno.projects.website.stepdefinitions.SingleUser.Single_User_StepDefinitions.user_attends_all_the_questions(java.lang.Integer)
  And User taps on the Submit Quiz button                                                                                                                       # com.thinktimetechno.projects.website.stepdefinitions.SingleUser.Single_User_StepDefinitions.user_taps_on()
  Then User lands on the Quiz Success Page                                                                                                                      # com.thinktimetechno.projects.website.stepdefinitions.SingleUser.Single_User_StepDefinitions.user_quiz_lands_on_the_()
[ERROR] 23-04-2025 18:27:19 [LifecycleNotifier] - Could not invoke listener method
org.openqa.selenium.NoSuchSessionException: Session ID is null. Using WebDriver after calling quit()?
Build info: version: '4.12.1', revision: '8e34639b11'
System info: os.name: 'Windows 11', os.arch: 'amd64', os.version: '10.0', java.version: '17.0.12'
Driver info: org.openqa.selenium.chrome.ChromeDriver
Command: [null, screenshot {}]
Capabilities {acceptInsecureCerts: false, browserName: chrome, browserVersion: 135.0.7049.96, chrome: {chromedriverVersion: 135.0.7049.97 (b41307079c9b..., userDataDir: C:\Users\rithi\AppData\Loca...}, fedcm:accounts: true, goog:chromeOptions: {debuggerAddress: localhost:61795}, networkConnectionEnabled: false, pageLoadStrategy: normal, platformName: windows, proxy: Proxy(), se:cdp: ws://localhost:61795/devtoo..., se:cdpVersion: 135.0.7049.96, setWindowRect: true, strictFileInteractability: false, timeouts: {implicit: 0, pageLoad: 300000, script: 30000}, unhandledPromptBehavior: dismiss and notify, webauthn:extension:credBlob: true, webauthn:extension:largeBlob: true, webauthn:extension:minPinLength: true, webauthn:extension:prf: true, webauthn:virtualAuthenticators: true}
	at org.openqa.selenium.remote.HttpCommandExecutor.execute(HttpCommandExecutor.java:152) ~[selenium-remote-driver-4.12.1.jar:?]
	at org.openqa.selenium.remote.service.DriverCommandExecutor.invokeExecute(DriverCommandExecutor.java:196) ~[selenium-remote-driver-4.12.1.jar:?]
	at org.openqa.selenium.remote.service.DriverCommandExecutor.execute(DriverCommandExecutor.java:171) ~[selenium-remote-driver-4.12.1.jar:?]
	at org.openqa.selenium.remote.RemoteWebDriver.execute(RemoteWebDriver.java:602) ~[selenium-remote-driver-4.12.1.jar:?]
	at org.openqa.selenium.remote.RemoteWebDriver.execute(RemoteWebDriver.java:675) ~[selenium-remote-driver-4.12.1.jar:?]
	at org.openqa.selenium.remote.RemoteWebDriver.execute(RemoteWebDriver.java:679) ~[selenium-remote-driver-4.12.1.jar:?]
	at org.openqa.selenium.remote.RemoteWebDriver.getScreenshotAs(RemoteWebDriver.java:325) ~[selenium-remote-driver-4.12.1.jar:?]
	at java.base/jdk.internal.reflect.NativeMethodAccessorImpl.invoke0(Native Method) ~[?:?]
	at java.base/jdk.internal.reflect.NativeMethodAccessorImpl.invoke(NativeMethodAccessorImpl.java:77) ~[?:?]
	at java.base/jdk.internal.reflect.DelegatingMethodAccessorImpl.invoke(DelegatingMethodAccessorImpl.java:43) ~[?:?]
	at java.base/java.lang.reflect.Method.invoke(Method.java:568) ~[?:?]
	at org.openqa.selenium.support.ThreadGuard$WebDriverInvocationHandler.invokeUnderlying(ThreadGuard.java:99) ~[selenium-support-4.12.1.jar:?]
	at org.openqa.selenium.support.ThreadGuard$WebDriverInvocationHandler.invoke(ThreadGuard.java:91) ~[selenium-support-4.12.1.jar:?]
	at jdk.proxy2/jdk.proxy2.$Proxy57.getScreenshotAs(Unknown Source) ~[?:?]
	at com.thinktimetechno.listeners.AllureListener.beforeTestStop(AllureListener.java:43) ~[test-classes/:?]
	at io.qameta.allure.listener.LifecycleNotifier.lambda$runSafely$0(LifecycleNotifier.java:211) ~[allure-java-commons-2.24.0.jar:2.24.0]
	at java.base/java.util.ArrayList.forEach(ArrayList.java:1511) ~[?:?]
	at io.qameta.allure.listener.LifecycleNotifier.runSafely(LifecycleNotifier.java:209) ~[allure-java-commons-2.24.0.jar:2.24.0]
	at io.qameta.allure.listener.LifecycleNotifier.beforeTestStop(LifecycleNotifier.java:88) ~[allure-java-commons-2.24.0.jar:2.24.0]
	at io.qameta.allure.AllureLifecycle.stopTestCase(AllureLifecycle.java:420) ~[allure-java-commons-2.24.0.jar:2.24.0]
	at io.qameta.allure.cucumber7jvm.AllureCucumber7Jvm.handleTestCaseFinished(AllureCucumber7Jvm.java:204) ~[allure-cucumber7-jvm-2.24.0.jar:2.24.0]
	at io.cucumber.core.eventbus.AbstractEventPublisher.send(AbstractEventPublisher.java:51) ~[cucumber-core-7.13.0.jar:7.13.0]
	at io.cucumber.core.eventbus.AbstractEventBus.send(AbstractEventBus.java:12) ~[cucumber-core-7.13.0.jar:7.13.0]
	at io.cucumber.core.runtime.SynchronizedEventBus.send(SynchronizedEventBus.java:47) ~[cucumber-core-7.13.0.jar:7.13.0]
	at io.cucumber.core.runtime.ThreadLocalRunnerSupplier$LocalEventBus.send(ThreadLocalRunnerSupplier.java:62) ~[cucumber-core-7.13.0.jar:7.13.0]
	at io.cucumber.core.runner.TestCase.emitTestCaseFinished(TestCase.java:219) ~[cucumber-core-7.13.0.jar:7.13.0]
	at io.cucumber.core.runner.TestCase.run(TestCase.java:98) ~[cucumber-core-7.13.0.jar:7.13.0]
	at io.cucumber.core.runner.Runner.runPickle(Runner.java:75) ~[cucumber-core-7.13.0.jar:7.13.0]
	at io.cucumber.testng.TestNGCucumberRunner.lambda$runScenario$1(TestNGCucumberRunner.java:132) ~[cucumber-testng-7.13.0.jar:7.13.0]
	at io.cucumber.core.runtime.CucumberExecutionContext.lambda$runTestCase$5(CucumberExecutionContext.java:137) ~[cucumber-core-7.13.0.jar:7.13.0]
	at io.cucumber.core.runtime.RethrowingThrowableCollector.executeAndThrow(RethrowingThrowableCollector.java:23) ~[cucumber-core-7.13.0.jar:7.13.0]
	at io.cucumber.core.runtime.CucumberExecutionContext.runTestCase(CucumberExecutionContext.java:137) ~[cucumber-core-7.13.0.jar:7.13.0]
	at io.cucumber.testng.TestNGCucumberRunner.runScenario(TestNGCucumberRunner.java:129) ~[cucumber-testng-7.13.0.jar:7.13.0]
	at io.cucumber.testng.AbstractTestNGCucumberTests.runScenario(AbstractTestNGCucumberTests.java:35) ~[cucumber-testng-7.13.0.jar:7.13.0]
	at jdk.internal.reflect.GeneratedMethodAccessor149.invoke(Unknown Source) ~[?:?]
	at java.base/jdk.internal.reflect.DelegatingMethodAccessorImpl.invoke(DelegatingMethodAccessorImpl.java:43) ~[?:?]
	at java.base/java.lang.reflect.Method.invoke(Method.java:568) ~[?:?]
	at org.testng.internal.invokers.MethodInvocationHelper.invokeMethod(MethodInvocationHelper.java:139) ~[testng-7.8.0.jar:7.8.0]
	at org.testng.internal.invokers.TestInvoker.invokeMethod(TestInvoker.java:664) ~[testng-7.8.0.jar:7.8.0]
	at org.testng.internal.invokers.TestInvoker.invokeTestMethod(TestInvoker.java:227) ~[testng-7.8.0.jar:7.8.0]
	at org.testng.internal.invokers.MethodRunner.runInSequence(MethodRunner.java:50) ~[testng-7.8.0.jar:7.8.0]
	at org.testng.internal.invokers.TestInvoker$MethodInvocationAgent.invoke(TestInvoker.java:957) ~[testng-7.8.0.jar:7.8.0]
	at org.testng.internal.invokers.TestInvoker.invokeTestMethods(TestInvoker.java:200) ~[testng-7.8.0.jar:7.8.0]
	at org.testng.internal.invokers.TestMethodWorker.invokeTestMethods(TestMethodWorker.java:148) ~[testng-7.8.0.jar:7.8.0]
	at org.testng.internal.invokers.TestMethodWorker.run(TestMethodWorker.java:128) ~[testng-7.8.0.jar:7.8.0]
	at java.base/java.util.ArrayList.forEach(ArrayList.java:1511) [?:?]
	at org.testng.TestRunner.privateRun(TestRunner.java:848) [testng-7.8.0.jar:7.8.0]
	at org.testng.TestRunner.run(TestRunner.java:621) [testng-7.8.0.jar:7.8.0]
	at org.testng.SuiteRunner.runTest(SuiteRunner.java:443) [testng-7.8.0.jar:7.8.0]
	at org.testng.SuiteRunner.runSequentially(SuiteRunner.java:437) [testng-7.8.0.jar:7.8.0]
	at org.testng.SuiteRunner.privateRun(SuiteRunner.java:397) [testng-7.8.0.jar:7.8.0]
	at org.testng.SuiteRunner.run(SuiteRunner.java:336) [testng-7.8.0.jar:7.8.0]
	at org.testng.SuiteRunnerWorker.runSuite(SuiteRunnerWorker.java:52) [testng-7.8.0.jar:7.8.0]
	at org.testng.SuiteRunnerWorker.run(SuiteRunnerWorker.java:95) [testng-7.8.0.jar:7.8.0]
	at org.testng.TestNG.runSuitesSequentially(TestNG.java:1280) [testng-7.8.0.jar:7.8.0]
	at org.testng.TestNG.runSuitesLocally(TestNG.java:1200) [testng-7.8.0.jar:7.8.0]
	at org.testng.TestNG.runSuites(TestNG.java:1114) [testng-7.8.0.jar:7.8.0]
	at org.testng.TestNG.run(TestNG.java:1082) [testng-7.8.0.jar:7.8.0]
	at org.apache.maven.surefire.testng.TestNGExecutor.run(TestNGExecutor.java:308) [surefire-testng-3.1.2.jar:3.1.2]
	at org.apache.maven.surefire.testng.TestNGXmlTestSuite.execute(TestNGXmlTestSuite.java:71) [surefire-testng-3.1.2.jar:3.1.2]
	at org.apache.maven.surefire.testng.TestNGProvider.invoke(TestNGProvider.java:113) [surefire-testng-3.1.2.jar:3.1.2]
	at org.apache.maven.surefire.booter.ForkedBooter.runSuitesInProcess(ForkedBooter.java:385) [surefire-booter-3.1.2.jar:3.1.2]
	at org.apache.maven.surefire.booter.ForkedBooter.execute(ForkedBooter.java:162) [surefire-booter-3.1.2.jar:3.1.2]
	at org.apache.maven.surefire.booter.ForkedBooter.run(ForkedBooter.java:507) [surefire-booter-3.1.2.jar:3.1.2]
	at org.apache.maven.surefire.booter.ForkedBooter.main(ForkedBooter.java:495) [surefire-booter-3.1.2.jar:3.1.2]
]]></system-out>
    <system-err><![CDATA[Apr 23, 2025 6:26:43 PM org.openqa.selenium.devtools.CdpVersionFinder findNearestMatch
WARNING: Unable to find CDP implementation matching 135
Apr 23, 2025 6:26:43 PM org.openqa.selenium.chromium.ChromiumDriver lambda$new$5
WARNING: Unable to find version of CDP to use for 135.0.7049.96. You may need to include a dependency on a specific version of the CDP using something similar to `org.seleniumhq.selenium:selenium-devtools-v86:4.12.1` where the version ("v86") matches the version of the chromium-based browser you're using and the version number of the artifact is the same as Selenium's.
]]></system-err>
  </testcase>
  <testcase name="runScenario[&quot;TC13_Register_with_Group_Code&quot;, &quot;SU_TC13_Register_with_Group_Code&quot;](27)" classname="com.thinktimetechno.runners.FullTest.FullTestRunner" time="44.524">
    <failure message="Expected condition failed: waiting for title to contain &quot;Welcome - American Health Care Academy&quot;. Current title: &quot;Register - American Health Care Academy&quot; (tried for 30 second(s) with 500 milliseconds interval)&#10;Build info: version: &apos;4.12.1&apos;, revision: &apos;8e34639b11&apos;&#10;System info: os.name: &apos;Windows 11&apos;, os.arch: &apos;amd64&apos;, os.version: &apos;10.0&apos;, java.version: &apos;17.0.12&apos;&#10;Driver info: jdk.proxy2.$Proxy57" type="org.openqa.selenium.TimeoutException"><![CDATA[org.openqa.selenium.TimeoutException: 
Expected condition failed: waiting for title to contain "Welcome - American Health Care Academy". Current title: "Register - American Health Care Academy" (tried for 30 second(s) with 500 milliseconds interval)
Build info: version: '4.12.1', revision: '8e34639b11'
System info: os.name: 'Windows 11', os.arch: 'amd64', os.version: '10.0', java.version: '17.0.12'
Driver info: jdk.proxy2.$Proxy57
	at org.openqa.selenium.support.ui.WebDriverWait.timeoutException(WebDriverWait.java:84)
	at org.openqa.selenium.support.ui.FluentWait.until(FluentWait.java:230)
	at com.thinktimetechno.projects.website.pages.DashboardPage.verifyDashboardPageDisplays(DashboardPage.java:25)
	at com.thinktimetechno.projects.website.stepdefinitions.SingleUser.Single_User_StepDefinitions.the_user_should_redirected_to_the_dashboard(Single_User_StepDefinitions.java:208)
	at ✽.User should redirected to the dashboard Page(file:///D:/Workspace/AHCA/src/test/resources/features/SingleUser/SU_TC_13%20Registration%20with%20Group%20Code.feature:19)
]]></failure>
    <system-out><![CDATA[
@SingleUser @fulltest @SU_TC13_Register_with_Group_Code
Scenario: TC13_Register_with_Group_Code                                                                   # src/test/resources/features/SingleUser/SU_TC_13 Registration with Group Code.feature:5
[INFO] 23-04-2025 18:27:21 [LogUtils] - Driver in TestContext: ChromeDriver: chrome on windows (42996b188623df031f3fe4fef4c09457)
[INFO] 23-04-2025 18:27:27 [LogUtils] - Open URL: https://staging2-cpraedcourse.gitview.net/register
  Given User navigate to "https://staging2-cpraedcourse.gitview.net/register" for SingleUser registration # com.thinktimetechno.projects.website.stepdefinitions.SingleUser.Single_User_StepDefinitions.user_navigate_to_for_single_user_registration(java.lang.String)
[INFO] 23-04-2025 18:27:27 [LogUtils] - Verify element visible By.xpath: //input[@id='first_name']
[INFO] 23-04-2025 18:27:27 [LogUtils] - Set text John1 on By.xpath: //input[@id='first_name']
[INFO] 23-04-2025 18:27:27 [LogUtils] - Verify element visible By.xpath: //input[@id='last_name']
[INFO] 23-04-2025 18:27:27 [LogUtils] - Set text Doe1 on By.xpath: //input[@id='last_name']
[INFO] 23-04-2025 18:27:28 [LogUtils] - Verify element visible By.xpath: //input[@id='phone_number']
[INFO] 23-04-2025 18:27:28 [LogUtils] - Clicked on the element By.xpath: //input[@id='phone_number']
[INFO] 23-04-2025 18:27:28 [LogUtils] - Verify element visible By.xpath: //input[@id='phone_number']
[INFO] 23-04-2025 18:27:28 [LogUtils] - Set text 98765432109 on By.xpath: //input[@id='phone_number']
[INFO] 23-04-2025 18:27:28 [LogUtils] - Verify element visible By.xpath: //input[@id='email_address']
[INFO] 23-04-2025 18:27:28 [LogUtils] - Set text john.doe20250423182727@gmail.com on By.xpath: //input[@id='email_address']
[INFO] 23-04-2025 18:27:28 [LogUtils] - Verify element visible By.xpath: //input[@id='username']
[INFO] 23-04-2025 18:27:28 [LogUtils] - Set text johndoe20250423182727 on By.xpath: //input[@id='username']
[INFO] 23-04-2025 18:27:28 [LogUtils] - Verify element visible By.xpath: //input[@id='password']
[INFO] 23-04-2025 18:27:29 [LogUtils] - Set text Secure@123 on By.xpath: //input[@id='password']
[INFO] 23-04-2025 18:27:29 [LogUtils] - Verify element visible By.xpath: //input[@id='confirm_password']
[INFO] 23-04-2025 18:27:29 [LogUtils] - Set text Secure@123 on By.xpath: //input[@id='confirm_password']
[INFO] 23-04-2025 18:27:29 [LogUtils] - Verify element visible By.xpath: //input[@id='auth_code']
[INFO] 23-04-2025 18:27:29 [LogUtils] - Set text XSRB2-21c3 on By.xpath: //input[@id='auth_code']
  When User enters the following valid registration details with Group Code:                              # com.thinktimetechno.projects.website.stepdefinitions.SingleUser.Single_User_StepDefinitions.user_enters_the_following_valid_registration_details_groupcode(io.cucumber.datatable.DataTable)
    | Field            | Value              |
    | First Name       | John1              |
    | Last Name        | Doe1               |
    | Phone Number     | 98765432109        |
    | Email Address    | john.doe@gmail.com |
    | Username         | johndoe            |
    | Password         | Secure@123         |
    | Confirm Password | Secure@123         |
    | Group Code       | XSRB2-21c3         |
[INFO] 23-04-2025 18:27:29 [LogUtils] - Verify element visible By.xpath: //input[@id='opt_in_button']
[INFO] 23-04-2025 18:27:30 [LogUtils] - Clicked on the element By.xpath: //input[@id='opt_in_button']
  And User agrees to the Terms and Privacy Policy                                                         # com.thinktimetechno.projects.website.stepdefinitions.SingleUser.Single_User_StepDefinitions.user_agrees_to_the_terms_and_privacy_policy()
[INFO] 23-04-2025 18:27:31 [LogUtils] - Click on element with JS: By.id: register-button
  And User clicks on the Register Now button                                                              # com.thinktimetechno.projects.website.stepdefinitions.SingleUser.Single_User_StepDefinitions.user_clicks_on_the_register_now_button()
  Then User should redirected to the dashboard Page                                                       # com.thinktimetechno.projects.website.stepdefinitions.SingleUser.Single_User_StepDefinitions.the_user_should_redirected_to_the_dashboard()
      org.openqa.selenium.TimeoutException: Expected condition failed: waiting for title to contain "Welcome - American Health Care Academy". Current title: "Register - American Health Care Academy" (tried for 30 second(s) with 500 milliseconds interval)
Build info: version: '4.12.1', revision: '8e34639b11'
System info: os.name: 'Windows 11', os.arch: 'amd64', os.version: '10.0', java.version: '17.0.12'
Driver info: jdk.proxy2.$Proxy57
	at org.openqa.selenium.support.ui.WebDriverWait.timeoutException(WebDriverWait.java:84)
	at org.openqa.selenium.support.ui.FluentWait.until(FluentWait.java:230)
	at com.thinktimetechno.projects.website.pages.DashboardPage.verifyDashboardPageDisplays(DashboardPage.java:25)
	at com.thinktimetechno.projects.website.stepdefinitions.SingleUser.Single_User_StepDefinitions.the_user_should_redirected_to_the_dashboard(Single_User_StepDefinitions.java:208)
	at ✽.User should redirected to the dashboard Page(file:///D:/Workspace/AHCA/src/test/resources/features/SingleUser/SU_TC_13%20Registration%20with%20Group%20Code.feature:19)


    Embedding Screenshot Failed [image/png 1596052 bytes]

[ERROR] 23-04-2025 18:28:04 [LifecycleNotifier] - Could not invoke listener method
org.openqa.selenium.NoSuchSessionException: Session ID is null. Using WebDriver after calling quit()?
Build info: version: '4.12.1', revision: '8e34639b11'
System info: os.name: 'Windows 11', os.arch: 'amd64', os.version: '10.0', java.version: '17.0.12'
Driver info: org.openqa.selenium.chrome.ChromeDriver
Command: [null, screenshot {}]
Capabilities {acceptInsecureCerts: false, browserName: chrome, browserVersion: 135.0.7049.96, chrome: {chromedriverVersion: 135.0.7049.97 (b41307079c9b..., userDataDir: C:\Users\rithi\AppData\Loca...}, fedcm:accounts: true, goog:chromeOptions: {debuggerAddress: localhost:61869}, networkConnectionEnabled: false, pageLoadStrategy: normal, platformName: windows, proxy: Proxy(), se:cdp: ws://localhost:61869/devtoo..., se:cdpVersion: 135.0.7049.96, setWindowRect: true, strictFileInteractability: false, timeouts: {implicit: 0, pageLoad: 300000, script: 30000}, unhandledPromptBehavior: dismiss and notify, webauthn:extension:credBlob: true, webauthn:extension:largeBlob: true, webauthn:extension:minPinLength: true, webauthn:extension:prf: true, webauthn:virtualAuthenticators: true}
	at org.openqa.selenium.remote.HttpCommandExecutor.execute(HttpCommandExecutor.java:152) ~[selenium-remote-driver-4.12.1.jar:?]
	at org.openqa.selenium.remote.service.DriverCommandExecutor.invokeExecute(DriverCommandExecutor.java:196) ~[selenium-remote-driver-4.12.1.jar:?]
	at org.openqa.selenium.remote.service.DriverCommandExecutor.execute(DriverCommandExecutor.java:171) ~[selenium-remote-driver-4.12.1.jar:?]
	at org.openqa.selenium.remote.RemoteWebDriver.execute(RemoteWebDriver.java:602) ~[selenium-remote-driver-4.12.1.jar:?]
	at org.openqa.selenium.remote.RemoteWebDriver.execute(RemoteWebDriver.java:675) ~[selenium-remote-driver-4.12.1.jar:?]
	at org.openqa.selenium.remote.RemoteWebDriver.execute(RemoteWebDriver.java:679) ~[selenium-remote-driver-4.12.1.jar:?]
	at org.openqa.selenium.remote.RemoteWebDriver.getScreenshotAs(RemoteWebDriver.java:325) ~[selenium-remote-driver-4.12.1.jar:?]
	at java.base/jdk.internal.reflect.NativeMethodAccessorImpl.invoke0(Native Method) ~[?:?]
	at java.base/jdk.internal.reflect.NativeMethodAccessorImpl.invoke(NativeMethodAccessorImpl.java:77) ~[?:?]
	at java.base/jdk.internal.reflect.DelegatingMethodAccessorImpl.invoke(DelegatingMethodAccessorImpl.java:43) ~[?:?]
	at java.base/java.lang.reflect.Method.invoke(Method.java:568) ~[?:?]
	at org.openqa.selenium.support.ThreadGuard$WebDriverInvocationHandler.invokeUnderlying(ThreadGuard.java:99) ~[selenium-support-4.12.1.jar:?]
	at org.openqa.selenium.support.ThreadGuard$WebDriverInvocationHandler.invoke(ThreadGuard.java:91) ~[selenium-support-4.12.1.jar:?]
	at jdk.proxy2/jdk.proxy2.$Proxy57.getScreenshotAs(Unknown Source) ~[?:?]
	at com.thinktimetechno.listeners.AllureListener.beforeTestStop(AllureListener.java:43) ~[test-classes/:?]
	at io.qameta.allure.listener.LifecycleNotifier.lambda$runSafely$0(LifecycleNotifier.java:211) ~[allure-java-commons-2.24.0.jar:2.24.0]
	at java.base/java.util.ArrayList.forEach(ArrayList.java:1511) ~[?:?]
	at io.qameta.allure.listener.LifecycleNotifier.runSafely(LifecycleNotifier.java:209) ~[allure-java-commons-2.24.0.jar:2.24.0]
	at io.qameta.allure.listener.LifecycleNotifier.beforeTestStop(LifecycleNotifier.java:88) ~[allure-java-commons-2.24.0.jar:2.24.0]
	at io.qameta.allure.AllureLifecycle.stopTestCase(AllureLifecycle.java:420) ~[allure-java-commons-2.24.0.jar:2.24.0]
	at io.qameta.allure.cucumber7jvm.AllureCucumber7Jvm.handleTestCaseFinished(AllureCucumber7Jvm.java:204) ~[allure-cucumber7-jvm-2.24.0.jar:2.24.0]
	at io.cucumber.core.eventbus.AbstractEventPublisher.send(AbstractEventPublisher.java:51) ~[cucumber-core-7.13.0.jar:7.13.0]
	at io.cucumber.core.eventbus.AbstractEventBus.send(AbstractEventBus.java:12) ~[cucumber-core-7.13.0.jar:7.13.0]
	at io.cucumber.core.runtime.SynchronizedEventBus.send(SynchronizedEventBus.java:47) ~[cucumber-core-7.13.0.jar:7.13.0]
	at io.cucumber.core.runtime.ThreadLocalRunnerSupplier$LocalEventBus.send(ThreadLocalRunnerSupplier.java:62) ~[cucumber-core-7.13.0.jar:7.13.0]
	at io.cucumber.core.runner.TestCase.emitTestCaseFinished(TestCase.java:219) ~[cucumber-core-7.13.0.jar:7.13.0]
	at io.cucumber.core.runner.TestCase.run(TestCase.java:98) ~[cucumber-core-7.13.0.jar:7.13.0]
	at io.cucumber.core.runner.Runner.runPickle(Runner.java:75) ~[cucumber-core-7.13.0.jar:7.13.0]
	at io.cucumber.testng.TestNGCucumberRunner.lambda$runScenario$1(TestNGCucumberRunner.java:132) ~[cucumber-testng-7.13.0.jar:7.13.0]
	at io.cucumber.core.runtime.CucumberExecutionContext.lambda$runTestCase$5(CucumberExecutionContext.java:137) ~[cucumber-core-7.13.0.jar:7.13.0]
	at io.cucumber.core.runtime.RethrowingThrowableCollector.executeAndThrow(RethrowingThrowableCollector.java:23) ~[cucumber-core-7.13.0.jar:7.13.0]
	at io.cucumber.core.runtime.CucumberExecutionContext.runTestCase(CucumberExecutionContext.java:137) ~[cucumber-core-7.13.0.jar:7.13.0]
	at io.cucumber.testng.TestNGCucumberRunner.runScenario(TestNGCucumberRunner.java:129) ~[cucumber-testng-7.13.0.jar:7.13.0]
	at io.cucumber.testng.AbstractTestNGCucumberTests.runScenario(AbstractTestNGCucumberTests.java:35) ~[cucumber-testng-7.13.0.jar:7.13.0]
	at jdk.internal.reflect.GeneratedMethodAccessor149.invoke(Unknown Source) ~[?:?]
	at java.base/jdk.internal.reflect.DelegatingMethodAccessorImpl.invoke(DelegatingMethodAccessorImpl.java:43) ~[?:?]
	at java.base/java.lang.reflect.Method.invoke(Method.java:568) ~[?:?]
	at org.testng.internal.invokers.MethodInvocationHelper.invokeMethod(MethodInvocationHelper.java:139) ~[testng-7.8.0.jar:7.8.0]
	at org.testng.internal.invokers.TestInvoker.invokeMethod(TestInvoker.java:664) ~[testng-7.8.0.jar:7.8.0]
	at org.testng.internal.invokers.TestInvoker.invokeTestMethod(TestInvoker.java:227) ~[testng-7.8.0.jar:7.8.0]
	at org.testng.internal.invokers.MethodRunner.runInSequence(MethodRunner.java:50) ~[testng-7.8.0.jar:7.8.0]
	at org.testng.internal.invokers.TestInvoker$MethodInvocationAgent.invoke(TestInvoker.java:957) ~[testng-7.8.0.jar:7.8.0]
	at org.testng.internal.invokers.TestInvoker.invokeTestMethods(TestInvoker.java:200) ~[testng-7.8.0.jar:7.8.0]
	at org.testng.internal.invokers.TestMethodWorker.invokeTestMethods(TestMethodWorker.java:148) ~[testng-7.8.0.jar:7.8.0]
	at org.testng.internal.invokers.TestMethodWorker.run(TestMethodWorker.java:128) ~[testng-7.8.0.jar:7.8.0]
	at java.base/java.util.ArrayList.forEach(ArrayList.java:1511) [?:?]
	at org.testng.TestRunner.privateRun(TestRunner.java:848) [testng-7.8.0.jar:7.8.0]
	at org.testng.TestRunner.run(TestRunner.java:621) [testng-7.8.0.jar:7.8.0]
	at org.testng.SuiteRunner.runTest(SuiteRunner.java:443) [testng-7.8.0.jar:7.8.0]
	at org.testng.SuiteRunner.runSequentially(SuiteRunner.java:437) [testng-7.8.0.jar:7.8.0]
	at org.testng.SuiteRunner.privateRun(SuiteRunner.java:397) [testng-7.8.0.jar:7.8.0]
	at org.testng.SuiteRunner.run(SuiteRunner.java:336) [testng-7.8.0.jar:7.8.0]
	at org.testng.SuiteRunnerWorker.runSuite(SuiteRunnerWorker.java:52) [testng-7.8.0.jar:7.8.0]
	at org.testng.SuiteRunnerWorker.run(SuiteRunnerWorker.java:95) [testng-7.8.0.jar:7.8.0]
	at org.testng.TestNG.runSuitesSequentially(TestNG.java:1280) [testng-7.8.0.jar:7.8.0]
	at org.testng.TestNG.runSuitesLocally(TestNG.java:1200) [testng-7.8.0.jar:7.8.0]
	at org.testng.TestNG.runSuites(TestNG.java:1114) [testng-7.8.0.jar:7.8.0]
	at org.testng.TestNG.run(TestNG.java:1082) [testng-7.8.0.jar:7.8.0]
	at org.apache.maven.surefire.testng.TestNGExecutor.run(TestNGExecutor.java:308) [surefire-testng-3.1.2.jar:3.1.2]
	at org.apache.maven.surefire.testng.TestNGXmlTestSuite.execute(TestNGXmlTestSuite.java:71) [surefire-testng-3.1.2.jar:3.1.2]
	at org.apache.maven.surefire.testng.TestNGProvider.invoke(TestNGProvider.java:113) [surefire-testng-3.1.2.jar:3.1.2]
	at org.apache.maven.surefire.booter.ForkedBooter.runSuitesInProcess(ForkedBooter.java:385) [surefire-booter-3.1.2.jar:3.1.2]
	at org.apache.maven.surefire.booter.ForkedBooter.execute(ForkedBooter.java:162) [surefire-booter-3.1.2.jar:3.1.2]
	at org.apache.maven.surefire.booter.ForkedBooter.run(ForkedBooter.java:507) [surefire-booter-3.1.2.jar:3.1.2]
	at org.apache.maven.surefire.booter.ForkedBooter.main(ForkedBooter.java:495) [surefire-booter-3.1.2.jar:3.1.2]
]]></system-out>
    <system-err><![CDATA[Apr 23, 2025 6:27:21 PM org.openqa.selenium.devtools.CdpVersionFinder findNearestMatch
WARNING: Unable to find CDP implementation matching 135
Apr 23, 2025 6:27:21 PM org.openqa.selenium.chromium.ChromiumDriver lambda$new$5
WARNING: Unable to find version of CDP to use for 135.0.7049.96. You may need to include a dependency on a specific version of the CDP using something similar to `org.seleniumhq.selenium:selenium-devtools-v86:4.12.1` where the version ("v86") matches the version of the chromium-based browser you're using and the version number of the artifact is the same as Selenium's.
]]></system-err>
  </testcase>
  <testcase name="runScenario[&quot;TC_14 Register to the website(Quiz_Register_Payment)&quot;, &quot;SU_TC_14_Register_to_the_website(Quiz_Register_Payment)&quot;](28)" classname="com.thinktimetechno.runners.FullTest.FullTestRunner" time="85.846">
    <failure message="Expected condition failed: waiting for title to be &quot;Lifetime | Register - American Health Care Academy&quot;. Current title: &quot;Payment | Register - American Health Care Academy&quot; (tried for 20 second(s) with 500 milliseconds interval)&#10;Build info: version: &apos;4.12.1&apos;, revision: &apos;8e34639b11&apos;&#10;System info: os.name: &apos;Windows 11&apos;, os.arch: &apos;amd64&apos;, os.version: &apos;10.0&apos;, java.version: &apos;17.0.12&apos;&#10;Driver info: jdk.proxy2.$Proxy57" type="org.openqa.selenium.TimeoutException"><![CDATA[org.openqa.selenium.TimeoutException: 
Expected condition failed: waiting for title to be "Lifetime | Register - American Health Care Academy". Current title: "Payment | Register - American Health Care Academy" (tried for 20 second(s) with 500 milliseconds interval)
Build info: version: '4.12.1', revision: '8e34639b11'
System info: os.name: 'Windows 11', os.arch: 'amd64', os.version: '10.0', java.version: '17.0.12'
Driver info: jdk.proxy2.$Proxy57
	at org.openqa.selenium.support.ui.WebDriverWait.timeoutException(WebDriverWait.java:84)
	at org.openqa.selenium.support.ui.FluentWait.until(FluentWait.java:230)
	at com.thinktimetechno.keywords.WebUI.verifyPageTitleContains(WebUI.java:2542)
	at com.thinktimetechno.projects.website.pages.DashboardPage.verifyContinuousEducationPageDisplays(DashboardPage.java:30)
	at com.thinktimetechno.projects.website.stepdefinitions.SingleUser.Single_User_StepDefinitions.user_lands_on_the_continuous_education_credits_and_course_renewal_page(Single_User_StepDefinitions.java:587)
	at ✽.User lands on the Continuous Education Credits and Course Renewal Page(file:///D:/Workspace/AHCA/src/test/resources/features/SingleUser/SU_TC_14%20Register%20to%20the%20website(Quiz_Register_Payment).feature:55)
]]></failure>
    <system-out><![CDATA[
@SingleUser @fulltest @SU_TC_14_Register_to_the_website_Quiz_Register_Payment
Scenario: TC_14 Register to the website(Quiz_Register_Payment)                # src/test/resources/features/SingleUser/SU_TC_14 Register to the website(Quiz_Register_Payment).feature:5
[INFO] 23-04-2025 18:28:05 [LogUtils] - Driver in TestContext: ChromeDriver: chrome on windows (915265f1e4567b968947632c6e739c2a)
[INFO] 23-04-2025 18:28:12 [LogUtils] - Open URL: https://cpraedcourse.com/
  Given User navigate to "https://cpraedcourse.com/"                          # com.thinktimetechno.projects.website.stepdefinitions.SingleUser.Single_User_StepDefinitions.user_navigate_to_for_single(java.lang.String)
[INFO] 23-04-2025 18:28:13 [LogUtils] - Verify element visible By.xpath: //a[@class='close-btn']
[INFO] 23-04-2025 18:28:13 [LogUtils] - Verify element visible By.xpath: //a[@class='close-btn']
[INFO] 23-04-2025 18:28:14 [LogUtils] - Clicked on the element By.xpath: //a[@class='close-btn']
[INFO] 23-04-2025 18:28:14 [LogUtils] - Verify element visible By.xpath: (//a[contains(text(),'Start Now')])[1]
[INFO] 23-04-2025 18:28:14 [LogUtils] - Clicked on the element By.xpath: (//a[contains(text(),'Start Now')])[1]
  When User clicks on the Start Now button                                    # com.thinktimetechno.projects.website.stepdefinitions.SingleUser.Single_User_StepDefinitions.user_startnow_button()
[INFO] 23-04-2025 18:28:21 [LogUtils] - Verify element visible By.xpath: //div[contains(text(), "Are You A Healthcare Provider?")]
[INFO] 23-04-2025 18:28:21 [LogUtils] - Verify element visible By.xpath: //div[contains(text(), "Are You A Healthcare Provider?")]
  Then User is on the Are you a Healthcare Provider? Page                     # com.thinktimetechno.projects.website.stepdefinitions.SingleUser.Single_User_StepDefinitions.user_is_on_the_Healthcarepage()
[INFO] 23-04-2025 18:28:21 [LogUtils] - Verify element visible By.xpath: //a[contains(text(),"Yes, I'm a healthcare provider")]
[INFO] 23-04-2025 18:28:21 [LogUtils] - Clicked on the element By.xpath: //a[contains(text(),"Yes, I'm a healthcare provider")]
  When User select "Yes, I'm a healthcare provider"                           # com.thinktimetechno.projects.website.stepdefinitions.SingleUser.Single_User_StepDefinitions.user_select(java.lang.String)
[INFO] 23-04-2025 18:28:25 [LogUtils] - Get Page Title: Takequiz | Express - American Health Care Academy
  Then User lands on Quiz Page                                                # com.thinktimetechno.projects.website.stepdefinitions.SingleUser.Single_User_StepDefinitions.user_lands_on_quiz_page()
[INFO] 23-04-2025 18:28:25 [LogUtils] - Click on element with JS: By.xpath: //label[text()='Both B and C']/preceding-sibling::input[@class='input-radio-answer']
[INFO] 23-04-2025 18:28:26 [LogUtils] - Click on element with JS: By.xpath: //label[text()='Your safety']/preceding-sibling::input[@class='input-radio-answer']
[INFO] 23-04-2025 18:28:26 [LogUtils] - Click on element with JS: By.xpath: //label[text()='At least 100 to 120 compressions per minute']/preceding-sibling::input[@class='input-radio-answer']
[INFO] 23-04-2025 18:28:26 [LogUtils] - Click on element with JS: By.xpath: //label[text()='Place one hand on top of the other, interlacing the fingers']/preceding-sibling::input[@class='input-radio-answer']
[INFO] 23-04-2025 18:28:26 [LogUtils] - Click on element with JS: By.xpath: //input[@id='next_btn']
[INFO] 23-04-2025 18:28:27 [LogUtils] - Click on element with JS: By.xpath: //label[text()='2 inches, but no more than 2.4']/preceding-sibling::input[@class='input-radio-answer']
[INFO] 23-04-2025 18:28:27 [LogUtils] - Click on element with JS: By.xpath: //label[text()='Tilt the head back and lift the chin']/preceding-sibling::input[@class='input-radio-answer']
[INFO] 23-04-2025 18:28:27 [LogUtils] - Click on element with JS: By.xpath: //label[text()='1.5, 100 to 120']/preceding-sibling::input[@class='input-radio-answer']
[INFO] 23-04-2025 18:28:28 [LogUtils] - Click on element with JS: By.xpath: //label[text()='2 fingers']/preceding-sibling::input[@class='input-radio-answer']
[INFO] 23-04-2025 18:28:28 [LogUtils] - Click on element with JS: By.xpath: //input[@id='next_btn']
[INFO] 23-04-2025 18:28:29 [LogUtils] - Click on element with JS: By.xpath: //label[text()='All of the above']/preceding-sibling::input[@class='input-radio-answer']
[INFO] 23-04-2025 18:28:29 [LogUtils] - Click on element with JS: By.xpath: //label[text()='Thrusts into the abdomen']/preceding-sibling::input[@class='input-radio-answer']
[INFO] 23-04-2025 18:28:29 [LogUtils] - Click on element with JS: By.xpath: //label[text()='Heart attack']/preceding-sibling::input[@class='input-radio-answer']
[INFO] 23-04-2025 18:28:29 [LogUtils] - Click on element with JS: By.xpath: //label[text()='Asthma']/preceding-sibling::input[@class='input-radio-answer']
[INFO] 23-04-2025 18:28:29 [LogUtils] - Click on element with JS: By.xpath: //input[@id='next_btn']
  When User attends the first 12 questions                                    # com.thinktimetechno.projects.website.stepdefinitions.SingleUser.Single_User_StepDefinitions.userAttendsFirst12Questions()
[INFO] 23-04-2025 18:28:30 [LogUtils] - Get Page Title: Takequiz | Express - American Health Care Academy
  Then User lands on Registration Page                                        # com.thinktimetechno.projects.website.stepdefinitions.SingleUser.Single_User_StepDefinitions.user_lands_on_register_page()
[INFO] 23-04-2025 18:28:30 [LogUtils] - Verify element visible By.xpath: //input[@id='first_name']
[INFO] 23-04-2025 18:28:31 [LogUtils] - Set text John1 on By.xpath: //input[@id='first_name']
[INFO] 23-04-2025 18:28:31 [LogUtils] - Verify element visible By.xpath: //input[@id='last_name']
[INFO] 23-04-2025 18:28:31 [LogUtils] - Set text Doe1 on By.xpath: //input[@id='last_name']
[INFO] 23-04-2025 18:28:31 [LogUtils] - Verify element visible By.xpath: //input[@id='phone_number']
[INFO] 23-04-2025 18:28:31 [LogUtils] - Clicked on the element By.xpath: //input[@id='phone_number']
[INFO] 23-04-2025 18:28:31 [LogUtils] - Verify element visible By.xpath: //input[@id='phone_number']
[INFO] 23-04-2025 18:28:31 [LogUtils] - Set text 98765432109 on By.xpath: //input[@id='phone_number']
[INFO] 23-04-2025 18:28:31 [LogUtils] - Verify element visible By.xpath: //input[@id='email_address']
[INFO] 23-04-2025 18:28:32 [LogUtils] - Set text john.doe20250423182830@gmail.com on By.xpath: //input[@id='email_address']
[INFO] 23-04-2025 18:28:32 [LogUtils] - Verify element visible By.xpath: //input[@id='username']
[INFO] 23-04-2025 18:28:38 [LogUtils] - Set text johndoe20250423182830 on By.xpath: //input[@id='username']
[INFO] 23-04-2025 18:28:38 [LogUtils] - Verify element visible By.xpath: //input[@id='password']
[INFO] 23-04-2025 18:28:38 [LogUtils] - Set text Secure@123 on By.xpath: //input[@id='password']
[INFO] 23-04-2025 18:28:38 [LogUtils] - Verify element visible By.xpath: //input[@id='confirm_password']
[INFO] 23-04-2025 18:28:38 [LogUtils] - Set text Secure@123 on By.xpath: //input[@id='confirm_password']
[INFO] 23-04-2025 18:28:38 [LogUtils] - Verify element visible By.xpath: //input[@id='register-button']
[INFO] 23-04-2025 18:28:39 [LogUtils] - Clicked on the element By.xpath: //input[@id='register-button']
  And User enters the following valid register details:                       # com.thinktimetechno.projects.website.stepdefinitions.SingleUser.Single_User_StepDefinitions.userEntersRegistrationDetails(io.cucumber.datatable.DataTable)
    | Field            | Value              |
    | First Name       | John1              |
    | Last Name        | Doe1               |
    | Phone Number     | 98765432109        |
    | Email Address    | john.doe@gmail.com |
    | Username         | johndoe            |
    | Password         | Secure@123         |
    | Confirm Password | Secure@123         |
[INFO] 23-04-2025 18:28:39 [LogUtils] - Get Page Title: Takequiz | Express - American Health Care Academy
  Then User lands on Quiz Page                                                # com.thinktimetechno.projects.website.stepdefinitions.SingleUser.Single_User_StepDefinitions.user_lands_on_quiz_page()
[INFO] 23-04-2025 18:28:46 [LogUtils] - Click on element with JS: By.xpath: //label[text()='Allergy emergency']/preceding-sibling::input[@class='input-radio-answer']
[INFO] 23-04-2025 18:28:46 [LogUtils] - Click on element with JS: By.xpath: //label[text()='When something a person is allergic to enters the body']/preceding-sibling::input[@class='input-radio-answer']
[INFO] 23-04-2025 18:28:46 [LogUtils] - Click on element with JS: By.xpath: //label[text()='Remove nearby objects that may hurt the person']/preceding-sibling::input[@class='input-radio-answer']
[INFO] 23-04-2025 18:28:46 [LogUtils] - Click on element with JS: By.xpath: //label[text()='Talking or laughing while eating']/preceding-sibling::input[@class='input-radio-answer']
[INFO] 23-04-2025 18:28:46 [LogUtils] - Click on element with JS: By.xpath: //input[@id='next_btn']
[INFO] 23-04-2025 18:28:46 [LogUtils] - Click on element with JS: By.xpath: //label[text()='Tell the person to stop, drop and roll']/preceding-sibling::input[@class='input-radio-answer']
[INFO] 23-04-2025 18:28:47 [LogUtils] - Click on element with JS: By.xpath: //label[text()='Open wounds and closed wounds']/preceding-sibling::input[@class='input-radio-answer']
[INFO] 23-04-2025 18:28:47 [LogUtils] - Click on element with JS: By.xpath: //label[text()='Squeeze the sac']/preceding-sibling::input[@class='input-radio-answer']
[INFO] 23-04-2025 18:28:47 [LogUtils] - Click on element with JS: By.xpath: //label[text()='Follow RICE: rest, immobilize, cold and elevate']/preceding-sibling::input[@class='input-radio-answer']
  And User attends the remaining 8 questions                                  # com.thinktimetechno.projects.website.stepdefinitions.SingleUser.Single_User_StepDefinitions.userAttendsRemaining8Questions()
[INFO] 23-04-2025 18:28:47 [LogUtils] - Click on element with JS: By.xpath: //input[@id='submit_btn']
  And User taps on the Submit Quiz button                                     # com.thinktimetechno.projects.website.stepdefinitions.SingleUser.Single_User_StepDefinitions.user_taps_on()
[INFO] 23-04-2025 18:28:51 [LogUtils] - Verify element visible By.xpath: //div[contains(text(),'Congratulations, you passed the quiz!')]
  Then User lands on the Success Quiz Page                                    # com.thinktimetechno.projects.website.stepdefinitions.SingleUser.Single_User_StepDefinitions.user_quiz_lands_on_the_success()
[INFO] 23-04-2025 18:28:52 [LogUtils] - Click on element with JS: By.xpath: (//a[contains(text(),'NEXT')])[1]
  When User taps on Next button on the page                                   # com.thinktimetechno.projects.website.stepdefinitions.SingleUser.Single_User_StepDefinitions.user_taps_on_next()
[INFO] 23-04-2025 18:28:56 [LogUtils] - Verify element visible By.xpath: (//h3[contains(text(),'Payment Information')])[1]
  Then User lands on the Payment Page                                         # com.thinktimetechno.projects.website.stepdefinitions.SingleUser.Single_User_StepDefinitions.user_land_on_payement_page()
[INFO] 23-04-2025 18:28:56 [LogUtils] - Verify element visible By.xpath: //input[@id='nameoncard']
[INFO] 23-04-2025 18:28:56 [LogUtils] - Set text John Doe on By.xpath: //input[@id='nameoncard']
[INFO] 23-04-2025 18:28:56 [LogUtils] - Verify element visible By.xpath: //input[@id='creditcardnumber']
[INFO] 23-04-2025 18:28:56 [LogUtils] - Set text 4242424242424242 on By.xpath: //input[@id='creditcardnumber']
[INFO] 23-04-2025 18:28:56 [LogUtils] - Verify element visible By.xpath: //input[@id='expirationmonth']
[INFO] 23-04-2025 18:28:56 [LogUtils] - Set text 12 on By.xpath: //input[@id='expirationmonth']
[INFO] 23-04-2025 18:28:56 [LogUtils] - Verify element visible By.xpath: //input[@id='expirationyear']
[INFO] 23-04-2025 18:28:56 [LogUtils] - Set text 27 on By.xpath: //input[@id='expirationyear']
[INFO] 23-04-2025 18:28:57 [LogUtils] - Verify element visible By.xpath: //input[@id='cvvcode']
[INFO] 23-04-2025 18:28:57 [LogUtils] - Set text 123 on By.xpath: //input[@id='cvvcode']
  When User enters the following payment card details:                        # com.thinktimetechno.projects.website.stepdefinitions.SingleUser.Single_User_StepDefinitions.user_enters_the_following_payment_card_details(io.cucumber.datatable.DataTable)
    | Field            | Value            |
    | Full Name        | John Doe         |
    | Card Number      | 4242424242424242 |
    | Expiration Month | 12               |
    | Expiration Year  | 27               |
    | CVV              | 123              |
[INFO] 23-04-2025 18:28:57 [LogUtils] - Click on element with JS: By.xpath: (//button[contains(text(),'NEXT')])[1]
  And User taps on Next button                                                # com.thinktimetechno.projects.website.stepdefinitions.SingleUser.Single_User_StepDefinitions.user_taps_on_next_button()
[INFO] 23-04-2025 18:28:58 [LogUtils] - Scroll to element By.xpath: //span[contains(text(),'Billing Information')]
  Then User lands on the Billing and Shipping Address Page                    # com.thinktimetechno.projects.website.stepdefinitions.SingleUser.Single_User_StepDefinitions.user_lands_on_the_billing_and_shipping_address_page()
[INFO] 23-04-2025 18:29:00 [LogUtils] - Verify element visible By.xpath: //input[@id='firstname']
[INFO] 23-04-2025 18:29:00 [LogUtils] - Set text John on By.xpath: //input[@id='firstname']
[INFO] 23-04-2025 18:29:00 [LogUtils] - Verify element visible By.xpath: //input[@id='lastname']
[INFO] 23-04-2025 18:29:00 [LogUtils] - Set text Doe on By.xpath: //input[@id='lastname']
[INFO] 23-04-2025 18:29:01 [LogUtils] - Verify element visible By.xpath: //input[@id='address']
[INFO] 23-04-2025 18:29:01 [LogUtils] - Set text 123 Main Street on By.xpath: //input[@id='address']
[INFO] 23-04-2025 18:29:01 [LogUtils] - Verify element visible By.xpath: //input[@id='city']
[INFO] 23-04-2025 18:29:01 [LogUtils] - Set text New York on By.xpath: //input[@id='city']
[INFO] 23-04-2025 18:29:01 [LogUtils] - Verify element visible By.xpath: //select[@id='state']
[INFO] 23-04-2025 18:29:01 [LogUtils] - Set text NY on By.xpath: //select[@id='state']
[INFO] 23-04-2025 18:29:01 [LogUtils] - Verify element visible By.xpath: //input[@id='zipcode']
[INFO] 23-04-2025 18:29:01 [LogUtils] - Set text 10001 on By.xpath: //input[@id='zipcode']
[INFO] 23-04-2025 18:29:01 [LogUtils] - Verify element visible By.xpath: //select[@id='country']
[INFO] 23-04-2025 18:29:01 [LogUtils] - Set text USA on By.xpath: //select[@id='country']
  When User enters the following shipping and billing details:                # com.thinktimetechno.projects.website.stepdefinitions.SingleUser.Single_User_StepDefinitions.user_enters_the_following_shipping_and_billing_details(io.cucumber.datatable.DataTable)
    | Field          | Value           |
    | First Name     | John            |
    | Last Name      | Doe             |
    | Address Line 1 | 123 Main Street |
    | City           | New York        |
    | State          | NY              |
    | Zip Code       | 10001           |
    | Country        | USA             |
[INFO] 23-04-2025 18:29:01 [LogUtils] - Click on element with JS: By.xpath: //input[@id='sameasbilling']
  And User taps on the Same as Billing Address radio button                   # com.thinktimetechno.projects.website.stepdefinitions.SingleUser.Single_User_StepDefinitions.user_taps_on_the_same_as_billing_address_radio_button()
[INFO] 23-04-2025 18:29:01 [LogUtils] - Verify element visible By.xpath: //input[@id='coupon']
[INFO] 23-04-2025 18:29:01 [LogUtils] - Set text AUTO10 on By.xpath: //input[@id='coupon']
[INFO] 23-04-2025 18:29:02 [LogUtils] - Click on element with JS: By.xpath: //input[@id='applycoupon']
  And User enters the Coupon Code "AUTO10"                                    # com.thinktimetechno.projects.website.stepdefinitions.SingleUser.Single_User_StepDefinitions.user_enters_on_couponcode(java.lang.String)
[INFO] 23-04-2025 18:29:08 [LogUtils] - Click on element with JS: By.xpath: //input[@id='payment_submit_button']
  And User taps on the Submit Payment button                                  # com.thinktimetechno.projects.website.stepdefinitions.SingleUser.Single_User_StepDefinitions.user_taps_on_submit_payment_button()
  Then User lands on the Continuous Education Credits and Course Renewal Page # com.thinktimetechno.projects.website.stepdefinitions.SingleUser.Single_User_StepDefinitions.user_lands_on_the_continuous_education_credits_and_course_renewal_page()
      org.openqa.selenium.TimeoutException: Expected condition failed: waiting for title to be "Lifetime | Register - American Health Care Academy". Current title: "Payment | Register - American Health Care Academy" (tried for 20 second(s) with 500 milliseconds interval)
Build info: version: '4.12.1', revision: '8e34639b11'
System info: os.name: 'Windows 11', os.arch: 'amd64', os.version: '10.0', java.version: '17.0.12'
Driver info: jdk.proxy2.$Proxy57
	at org.openqa.selenium.support.ui.WebDriverWait.timeoutException(WebDriverWait.java:84)
	at org.openqa.selenium.support.ui.FluentWait.until(FluentWait.java:230)
	at com.thinktimetechno.keywords.WebUI.verifyPageTitleContains(WebUI.java:2542)
	at com.thinktimetechno.projects.website.pages.DashboardPage.verifyContinuousEducationPageDisplays(DashboardPage.java:30)
	at com.thinktimetechno.projects.website.stepdefinitions.SingleUser.Single_User_StepDefinitions.user_lands_on_the_continuous_education_credits_and_course_renewal_page(Single_User_StepDefinitions.java:587)
	at ✽.User lands on the Continuous Education Credits and Course Renewal Page(file:///D:/Workspace/AHCA/src/test/resources/features/SingleUser/SU_TC_14%20Register%20to%20the%20website(Quiz_Register_Payment).feature:55)


    Embedding Screenshot Failed [image/png 87445 bytes]

[ERROR] 23-04-2025 18:29:30 [LifecycleNotifier] - Could not invoke listener method
org.openqa.selenium.NoSuchSessionException: Session ID is null. Using WebDriver after calling quit()?
Build info: version: '4.12.1', revision: '8e34639b11'
System info: os.name: 'Windows 11', os.arch: 'amd64', os.version: '10.0', java.version: '17.0.12'
Driver info: org.openqa.selenium.chrome.ChromeDriver
Command: [null, screenshot {}]
Capabilities {acceptInsecureCerts: false, browserName: chrome, browserVersion: 135.0.7049.96, chrome: {chromedriverVersion: 135.0.7049.97 (b41307079c9b..., userDataDir: C:\Users\rithi\AppData\Loca...}, fedcm:accounts: true, goog:chromeOptions: {debuggerAddress: localhost:61913}, networkConnectionEnabled: false, pageLoadStrategy: normal, platformName: windows, proxy: Proxy(), se:cdp: ws://localhost:61913/devtoo..., se:cdpVersion: 135.0.7049.96, setWindowRect: true, strictFileInteractability: false, timeouts: {implicit: 0, pageLoad: 300000, script: 30000}, unhandledPromptBehavior: dismiss and notify, webauthn:extension:credBlob: true, webauthn:extension:largeBlob: true, webauthn:extension:minPinLength: true, webauthn:extension:prf: true, webauthn:virtualAuthenticators: true}
	at org.openqa.selenium.remote.HttpCommandExecutor.execute(HttpCommandExecutor.java:152) ~[selenium-remote-driver-4.12.1.jar:?]
	at org.openqa.selenium.remote.service.DriverCommandExecutor.invokeExecute(DriverCommandExecutor.java:196) ~[selenium-remote-driver-4.12.1.jar:?]
	at org.openqa.selenium.remote.service.DriverCommandExecutor.execute(DriverCommandExecutor.java:171) ~[selenium-remote-driver-4.12.1.jar:?]
	at org.openqa.selenium.remote.RemoteWebDriver.execute(RemoteWebDriver.java:602) ~[selenium-remote-driver-4.12.1.jar:?]
	at org.openqa.selenium.remote.RemoteWebDriver.execute(RemoteWebDriver.java:675) ~[selenium-remote-driver-4.12.1.jar:?]
	at org.openqa.selenium.remote.RemoteWebDriver.execute(RemoteWebDriver.java:679) ~[selenium-remote-driver-4.12.1.jar:?]
	at org.openqa.selenium.remote.RemoteWebDriver.getScreenshotAs(RemoteWebDriver.java:325) ~[selenium-remote-driver-4.12.1.jar:?]
	at java.base/jdk.internal.reflect.NativeMethodAccessorImpl.invoke0(Native Method) ~[?:?]
	at java.base/jdk.internal.reflect.NativeMethodAccessorImpl.invoke(NativeMethodAccessorImpl.java:77) ~[?:?]
	at java.base/jdk.internal.reflect.DelegatingMethodAccessorImpl.invoke(DelegatingMethodAccessorImpl.java:43) ~[?:?]
	at java.base/java.lang.reflect.Method.invoke(Method.java:568) ~[?:?]
	at org.openqa.selenium.support.ThreadGuard$WebDriverInvocationHandler.invokeUnderlying(ThreadGuard.java:99) ~[selenium-support-4.12.1.jar:?]
	at org.openqa.selenium.support.ThreadGuard$WebDriverInvocationHandler.invoke(ThreadGuard.java:91) ~[selenium-support-4.12.1.jar:?]
	at jdk.proxy2/jdk.proxy2.$Proxy57.getScreenshotAs(Unknown Source) ~[?:?]
	at com.thinktimetechno.listeners.AllureListener.beforeTestStop(AllureListener.java:43) ~[test-classes/:?]
	at io.qameta.allure.listener.LifecycleNotifier.lambda$runSafely$0(LifecycleNotifier.java:211) ~[allure-java-commons-2.24.0.jar:2.24.0]
	at java.base/java.util.ArrayList.forEach(ArrayList.java:1511) ~[?:?]
	at io.qameta.allure.listener.LifecycleNotifier.runSafely(LifecycleNotifier.java:209) ~[allure-java-commons-2.24.0.jar:2.24.0]
	at io.qameta.allure.listener.LifecycleNotifier.beforeTestStop(LifecycleNotifier.java:88) ~[allure-java-commons-2.24.0.jar:2.24.0]
	at io.qameta.allure.AllureLifecycle.stopTestCase(AllureLifecycle.java:420) ~[allure-java-commons-2.24.0.jar:2.24.0]
	at io.qameta.allure.cucumber7jvm.AllureCucumber7Jvm.handleTestCaseFinished(AllureCucumber7Jvm.java:204) ~[allure-cucumber7-jvm-2.24.0.jar:2.24.0]
	at io.cucumber.core.eventbus.AbstractEventPublisher.send(AbstractEventPublisher.java:51) ~[cucumber-core-7.13.0.jar:7.13.0]
	at io.cucumber.core.eventbus.AbstractEventBus.send(AbstractEventBus.java:12) ~[cucumber-core-7.13.0.jar:7.13.0]
	at io.cucumber.core.runtime.SynchronizedEventBus.send(SynchronizedEventBus.java:47) ~[cucumber-core-7.13.0.jar:7.13.0]
	at io.cucumber.core.runtime.ThreadLocalRunnerSupplier$LocalEventBus.send(ThreadLocalRunnerSupplier.java:62) ~[cucumber-core-7.13.0.jar:7.13.0]
	at io.cucumber.core.runner.TestCase.emitTestCaseFinished(TestCase.java:219) ~[cucumber-core-7.13.0.jar:7.13.0]
	at io.cucumber.core.runner.TestCase.run(TestCase.java:98) ~[cucumber-core-7.13.0.jar:7.13.0]
	at io.cucumber.core.runner.Runner.runPickle(Runner.java:75) ~[cucumber-core-7.13.0.jar:7.13.0]
	at io.cucumber.testng.TestNGCucumberRunner.lambda$runScenario$1(TestNGCucumberRunner.java:132) ~[cucumber-testng-7.13.0.jar:7.13.0]
	at io.cucumber.core.runtime.CucumberExecutionContext.lambda$runTestCase$5(CucumberExecutionContext.java:137) ~[cucumber-core-7.13.0.jar:7.13.0]
	at io.cucumber.core.runtime.RethrowingThrowableCollector.executeAndThrow(RethrowingThrowableCollector.java:23) ~[cucumber-core-7.13.0.jar:7.13.0]
	at io.cucumber.core.runtime.CucumberExecutionContext.runTestCase(CucumberExecutionContext.java:137) ~[cucumber-core-7.13.0.jar:7.13.0]
	at io.cucumber.testng.TestNGCucumberRunner.runScenario(TestNGCucumberRunner.java:129) ~[cucumber-testng-7.13.0.jar:7.13.0]
	at io.cucumber.testng.AbstractTestNGCucumberTests.runScenario(AbstractTestNGCucumberTests.java:35) ~[cucumber-testng-7.13.0.jar:7.13.0]
	at jdk.internal.reflect.GeneratedMethodAccessor149.invoke(Unknown Source) ~[?:?]
	at java.base/jdk.internal.reflect.DelegatingMethodAccessorImpl.invoke(DelegatingMethodAccessorImpl.java:43) ~[?:?]
	at java.base/java.lang.reflect.Method.invoke(Method.java:568) ~[?:?]
	at org.testng.internal.invokers.MethodInvocationHelper.invokeMethod(MethodInvocationHelper.java:139) ~[testng-7.8.0.jar:7.8.0]
	at org.testng.internal.invokers.TestInvoker.invokeMethod(TestInvoker.java:664) ~[testng-7.8.0.jar:7.8.0]
	at org.testng.internal.invokers.TestInvoker.invokeTestMethod(TestInvoker.java:227) ~[testng-7.8.0.jar:7.8.0]
	at org.testng.internal.invokers.MethodRunner.runInSequence(MethodRunner.java:50) ~[testng-7.8.0.jar:7.8.0]
	at org.testng.internal.invokers.TestInvoker$MethodInvocationAgent.invoke(TestInvoker.java:957) ~[testng-7.8.0.jar:7.8.0]
	at org.testng.internal.invokers.TestInvoker.invokeTestMethods(TestInvoker.java:200) ~[testng-7.8.0.jar:7.8.0]
	at org.testng.internal.invokers.TestMethodWorker.invokeTestMethods(TestMethodWorker.java:148) ~[testng-7.8.0.jar:7.8.0]
	at org.testng.internal.invokers.TestMethodWorker.run(TestMethodWorker.java:128) ~[testng-7.8.0.jar:7.8.0]
	at java.base/java.util.ArrayList.forEach(ArrayList.java:1511) [?:?]
	at org.testng.TestRunner.privateRun(TestRunner.java:848) [testng-7.8.0.jar:7.8.0]
	at org.testng.TestRunner.run(TestRunner.java:621) [testng-7.8.0.jar:7.8.0]
	at org.testng.SuiteRunner.runTest(SuiteRunner.java:443) [testng-7.8.0.jar:7.8.0]
	at org.testng.SuiteRunner.runSequentially(SuiteRunner.java:437) [testng-7.8.0.jar:7.8.0]
	at org.testng.SuiteRunner.privateRun(SuiteRunner.java:397) [testng-7.8.0.jar:7.8.0]
	at org.testng.SuiteRunner.run(SuiteRunner.java:336) [testng-7.8.0.jar:7.8.0]
	at org.testng.SuiteRunnerWorker.runSuite(SuiteRunnerWorker.java:52) [testng-7.8.0.jar:7.8.0]
	at org.testng.SuiteRunnerWorker.run(SuiteRunnerWorker.java:95) [testng-7.8.0.jar:7.8.0]
	at org.testng.TestNG.runSuitesSequentially(TestNG.java:1280) [testng-7.8.0.jar:7.8.0]
	at org.testng.TestNG.runSuitesLocally(TestNG.java:1200) [testng-7.8.0.jar:7.8.0]
	at org.testng.TestNG.runSuites(TestNG.java:1114) [testng-7.8.0.jar:7.8.0]
	at org.testng.TestNG.run(TestNG.java:1082) [testng-7.8.0.jar:7.8.0]
	at org.apache.maven.surefire.testng.TestNGExecutor.run(TestNGExecutor.java:308) [surefire-testng-3.1.2.jar:3.1.2]
	at org.apache.maven.surefire.testng.TestNGXmlTestSuite.execute(TestNGXmlTestSuite.java:71) [surefire-testng-3.1.2.jar:3.1.2]
	at org.apache.maven.surefire.testng.TestNGProvider.invoke(TestNGProvider.java:113) [surefire-testng-3.1.2.jar:3.1.2]
	at org.apache.maven.surefire.booter.ForkedBooter.runSuitesInProcess(ForkedBooter.java:385) [surefire-booter-3.1.2.jar:3.1.2]
	at org.apache.maven.surefire.booter.ForkedBooter.execute(ForkedBooter.java:162) [surefire-booter-3.1.2.jar:3.1.2]
	at org.apache.maven.surefire.booter.ForkedBooter.run(ForkedBooter.java:507) [surefire-booter-3.1.2.jar:3.1.2]
	at org.apache.maven.surefire.booter.ForkedBooter.main(ForkedBooter.java:495) [surefire-booter-3.1.2.jar:3.1.2]
]]></system-out>
    <system-err><![CDATA[Apr 23, 2025 6:28:05 PM org.openqa.selenium.devtools.CdpVersionFinder findNearestMatch
WARNING: Unable to find CDP implementation matching 135
Apr 23, 2025 6:28:05 PM org.openqa.selenium.chromium.ChromiumDriver lambda$new$5
WARNING: Unable to find version of CDP to use for 135.0.7049.96. You may need to include a dependency on a specific version of the CDP using something similar to `org.seleniumhq.selenium:selenium-devtools-v86:4.12.1` where the version ("v86") matches the version of the chromium-based browser you're using and the version number of the artifact is the same as Selenium's.
]]></system-err>
  </testcase>
  <testcase name="runScenario[&quot;TC_15 Registration with Valid Details and Course Completion&quot;, &quot;SU_TC15_User_can_make_payment_for_the_selected_course&quot;](29)" classname="com.thinktimetechno.runners.FullTest.FullTestRunner" time="52.878"/>
  <testcase name="runScenario[&quot;TC_16 Verify if the user can purchase course with add-ons&quot;, &quot;SU_TC16_Verify_if_the_user_can_purchase_course_with_add-ons&quot;](30)" classname="com.thinktimetechno.runners.FullTest.FullTestRunner" time="42.069">
    <failure message="Index 1 out of bounds for length 1" type="java.lang.ArrayIndexOutOfBoundsException"><![CDATA[java.lang.ArrayIndexOutOfBoundsException: Index 1 out of bounds for length 1
	at com.thinktimetechno.projects.website.pages.QuizPage.question_and_answer(QuizPage.java:107)
	at com.thinktimetechno.projects.website.stepdefinitions.SingleUser.Single_User_StepDefinitions.user_attends_all_the_questions(Single_User_StepDefinitions.java:428)
	at ✽.User attends all the 20 questions(file:///D:/Workspace/AHCA/src/test/resources/features/SingleUser/SU_TC_16%20Verify%20if%20the%20user%20can%20purchase%20course%20with%20add-ons.feature:32)
]]></failure>
    <system-out><![CDATA[
@SingleUser @fulltest @SU_TC16_Verify_if_the_user_can_purchase_course_with_add-ons
Scenario: TC_16 Verify if the user can purchase course with add-ons                                       # src/test/resources/features/SingleUser/SU_TC_16 Verify if the user can purchase course with add-ons.feature:5
[INFO] 23-04-2025 18:30:24 [LogUtils] - Driver in TestContext: ChromeDriver: chrome on windows (3163701c05ae4366743125f4a824ed2c)
[INFO] 23-04-2025 18:30:30 [LogUtils] - Open URL: https://staging2-cpraedcourse.gitview.net/register
  Given User navigate to "https://staging2-cpraedcourse.gitview.net/register" for SingleUser registration # com.thinktimetechno.projects.website.stepdefinitions.SingleUser.Single_User_StepDefinitions.user_navigate_to_for_single_user_registration(java.lang.String)
[INFO] 23-04-2025 18:30:30 [LogUtils] - Verify element visible By.xpath: //input[@id='first_name']
[INFO] 23-04-2025 18:30:30 [LogUtils] - Set text John1 on By.xpath: //input[@id='first_name']
[INFO] 23-04-2025 18:30:30 [LogUtils] - Verify element visible By.xpath: //input[@id='last_name']
[INFO] 23-04-2025 18:30:30 [LogUtils] - Set text Doe1 on By.xpath: //input[@id='last_name']
[INFO] 23-04-2025 18:30:30 [LogUtils] - Verify element visible By.xpath: //input[@id='phone_number']
[INFO] 23-04-2025 18:30:30 [LogUtils] - Clicked on the element By.xpath: //input[@id='phone_number']
[INFO] 23-04-2025 18:30:30 [LogUtils] - Verify element visible By.xpath: //input[@id='phone_number']
[INFO] 23-04-2025 18:30:30 [LogUtils] - Set text 98765432109 on By.xpath: //input[@id='phone_number']
[INFO] 23-04-2025 18:30:31 [LogUtils] - Verify element visible By.xpath: //input[@id='email_address']
[INFO] 23-04-2025 18:30:31 [LogUtils] - Set text john.doe20250423183030@example.com on By.xpath: //input[@id='email_address']
[INFO] 23-04-2025 18:30:31 [LogUtils] - Verify element visible By.xpath: //input[@id='username']
[INFO] 23-04-2025 18:30:31 [LogUtils] - Set text johndoe20250423183030 on By.xpath: //input[@id='username']
[INFO] 23-04-2025 18:30:31 [LogUtils] - Verify element visible By.xpath: //input[@id='password']
[INFO] 23-04-2025 18:30:31 [LogUtils] - Set text Secure@123 on By.xpath: //input[@id='password']
[INFO] 23-04-2025 18:30:32 [LogUtils] - Verify element visible By.xpath: //input[@id='confirm_password']
[INFO] 23-04-2025 18:30:32 [LogUtils] - Set text Secure@123 on By.xpath: //input[@id='confirm_password']
  When User enters the following valid registration details:                                              # com.thinktimetechno.projects.website.stepdefinitions.SingleUser.Single_User_StepDefinitions.user_enters_the_following_valid_registration_details(io.cucumber.datatable.DataTable)
    | Field            | Value                |
    | First Name       | John1                |
    | Last Name        | Doe1                 |
    | Phone Number     | 98765432109          |
    | Email Address    | john.doe@example.com |
    | Username         | johndoe              |
    | Password         | Secure@123           |
    | Confirm Password | Secure@123           |
[INFO] 23-04-2025 18:30:32 [LogUtils] - Verify element visible By.xpath: //input[@id='opt_in_button']
[INFO] 23-04-2025 18:30:32 [LogUtils] - Clicked on the element By.xpath: //input[@id='opt_in_button']
  And User agrees to the Terms and Privacy Policy                                                         # com.thinktimetechno.projects.website.stepdefinitions.SingleUser.Single_User_StepDefinitions.user_agrees_to_the_terms_and_privacy_policy()
[INFO] 23-04-2025 18:30:40 [LogUtils] - Click on element with JS: By.id: register-button
  And User clicks on the Register Now button                                                              # com.thinktimetechno.projects.website.stepdefinitions.SingleUser.Single_User_StepDefinitions.user_clicks_on_the_register_now_button()
[INFO] 23-04-2025 18:30:40 [LogUtils] - Verify element visible By.xpath: (//h3[contains(text(),'Are you a Healthcare Provider? ')])[1]
[INFO] 23-04-2025 18:30:40 [LogUtils] - Verify element visible By.xpath: (//h3[contains(text(),'Are you a Healthcare Provider? ')])[1]
  Then User is on the Are you a Healthcare Provider? page                                                 # com.thinktimetechno.projects.website.stepdefinitions.SingleUser.Single_User_StepDefinitions.user_is_on_the_page()
[INFO] 23-04-2025 18:30:40 [LogUtils] - Click on element with JS: By.xpath: //div/a[contains(text(),'Yes, I am a healthcare provider')]
  When User selects "Yes, I am a healthcare provider"                                                     # com.thinktimetechno.projects.website.stepdefinitions.SingleUser.Single_User_StepDefinitions.user_selects(java.lang.String)
[INFO] 23-04-2025 18:30:40 [LogUtils] - Verify element visible By.xpath: (//h3[contains(text(),'Please choose your profession')])[2]
  Then User should be navigated to the Please choose your profession page                                 # com.thinktimetechno.projects.website.stepdefinitions.SingleUser.Single_User_StepDefinitions.user_should_be_navigated_to_the_profession_page()
[INFO] 23-04-2025 18:30:40 [LogUtils] - Verify element visible By.xpath: (//a[contains(text(),'Doctor / Physicians')])[1]
[INFO] 23-04-2025 18:30:41 [LogUtils] - Clicked on the element By.xpath: (//a[contains(text(),'Doctor / Physicians')])[1]
  When User selects the profession as "Doctor / Physicians"                                               # com.thinktimetechno.projects.website.stepdefinitions.SingleUser.Single_User_StepDefinitions.user_selects_the_profession_as(java.lang.String)
[INFO] 23-04-2025 18:30:41 [LogUtils] - Verify element visible By.xpath: (//h3[contains(text(),'Please Select The Course Below For ')])[1]
  Then User should be navigated to the Course Selection page                                              # com.thinktimetechno.projects.website.stepdefinitions.SingleUser.Single_User_StepDefinitions.user_should_be_navigated_to_the_course_page()
[INFO] 23-04-2025 18:30:41 [LogUtils] - Verify element visible By.xpath: (//a[contains(text(),'Combo Healthcare Provider BLS')])[1]
[INFO] 23-04-2025 18:30:41 [LogUtils] - Clicked on the element By.xpath: (//a[contains(text(),'Combo Healthcare Provider BLS')])[1]
  When User selects the course as "Combo Healthcare Provider BLS"                                         # com.thinktimetechno.projects.website.stepdefinitions.SingleUser.Single_User_StepDefinitions.user_selects_the_course_as(java.lang.String)
[INFO] 23-04-2025 18:30:59 [LogUtils] - Get Page Title: CPR - Introduction - American Health Care Academy
  Then User lands on the Course Page                                                                      # com.thinktimetechno.projects.website.stepdefinitions.SingleUser.Single_User_StepDefinitions.user_lands_on_the()
[INFO] 23-04-2025 18:30:59 [LogUtils] - Verify element visible By.xpath: //div[@class='left-take-quiz ']/a[contains(text(),'Take Quiz')]
[INFO] 23-04-2025 18:31:02 [LogUtils] - Clicked on the element By.xpath: //div[@class='left-take-quiz ']/a[contains(text(),'Take Quiz')]
  When User taps on the Take Quiz button                                                                  # com.thinktimetechno.projects.website.stepdefinitions.SingleUser.Single_User_StepDefinitions.user_taps_on_the_button()
[INFO] 23-04-2025 18:31:02 [LogUtils] - Get Page Title: Hc Fa | Quiz - American Health Care Academy
  Then User lands on the Quiz Page                                                                        # com.thinktimetechno.projects.website.stepdefinitions.SingleUser.Single_User_StepDefinitions.user_lands_on_the_()
[INFO] 23-04-2025 18:31:02 [LogUtils] - Click on element with JS: By.xpath: //input[@class='input-radio-answer' and following-sibling::label[contains(text(), 'Both B and C')]]
[INFO] 23-04-2025 18:31:02 [LogUtils] - Click on element with JS: By.xpath: //input[@class='input-radio-answer' and following-sibling::label[contains(text(), 'Your safety')]]
[INFO] 23-04-2025 18:31:02 [LogUtils] - Click on element with JS: By.xpath: //input[@class='input-radio-answer' and following-sibling::label[contains(text(), 'At least 100 to 120 compressions per minute')]]
[INFO] 23-04-2025 18:31:02 [LogUtils] - Click on element with JS: By.xpath: //input[@class='input-radio-answer' and following-sibling::label[contains(text(), 'Place one hand on top of the other, interlacing the fingers')]]
[INFO] 23-04-2025 18:31:02 [LogUtils] - Click on element with JS: By.xpath: //input[@id='next_btn']
[INFO] 23-04-2025 18:31:02 [LogUtils] - Click on element with JS: By.xpath: //input[@class='input-radio-answer' and following-sibling::label[contains(text(), '2 inches, but no more than 2.4')]]
[INFO] 23-04-2025 18:31:02 [LogUtils] - Click on element with JS: By.xpath: //input[@class='input-radio-answer' and following-sibling::label[contains(text(), 'Tilt the head back and lift the chin')]]
[INFO] 23-04-2025 18:31:02 [LogUtils] - Click on element with JS: By.xpath: //input[@class='input-radio-answer' and following-sibling::label[contains(text(), '1.5, 100 to 120')]]
[INFO] 23-04-2025 18:31:03 [LogUtils] - Click on element with JS: By.xpath: //input[@class='input-radio-answer' and following-sibling::label[contains(text(), '2 fingers')]]
[INFO] 23-04-2025 18:31:03 [LogUtils] - Click on element with JS: By.xpath: //input[@id='next_btn']
[INFO] 23-04-2025 18:31:03 [LogUtils] - Click on element with JS: By.xpath: //input[@class='input-radio-answer' and following-sibling::label[contains(text(), 'All of the above')]]
[INFO] 23-04-2025 18:31:03 [LogUtils] - Click on element with JS: By.xpath: //input[@class='input-radio-answer' and following-sibling::label[contains(text(), 'Thrusts into the abdomen')]]
[INFO] 23-04-2025 18:31:03 [LogUtils] - Click on element with JS: By.xpath: //input[@class='input-radio-answer' and following-sibling::label[contains(text(), 'Tell the person to stop, drop and roll')]]
[INFO] 23-04-2025 18:31:03 [LogUtils] - Click on element with JS: By.xpath: //input[@class='input-radio-answer' and following-sibling::label[contains(text(), 'Heart attack')]]
[INFO] 23-04-2025 18:31:03 [LogUtils] - Click on element with JS: By.xpath: //input[@id='next_btn']
  When User attends all the 20 questions                                                                  # com.thinktimetechno.projects.website.stepdefinitions.SingleUser.Single_User_StepDefinitions.user_attends_all_the_questions(java.lang.Integer)
      java.lang.ArrayIndexOutOfBoundsException: Index 1 out of bounds for length 1
	at com.thinktimetechno.projects.website.pages.QuizPage.question_and_answer(QuizPage.java:107)
	at com.thinktimetechno.projects.website.stepdefinitions.SingleUser.Single_User_StepDefinitions.user_attends_all_the_questions(Single_User_StepDefinitions.java:428)
	at ✽.User attends all the 20 questions(file:///D:/Workspace/AHCA/src/test/resources/features/SingleUser/SU_TC_16%20Verify%20if%20the%20user%20can%20purchase%20course%20with%20add-ons.feature:32)


    Embedding Screenshot Failed [image/png 110986 bytes]

  And User taps on the Submit Quiz button                                                                 # com.thinktimetechno.projects.website.stepdefinitions.SingleUser.Single_User_StepDefinitions.user_taps_on()
  Then User lands on the Quiz Success Page                                                                # com.thinktimetechno.projects.website.stepdefinitions.SingleUser.Single_User_StepDefinitions.user_quiz_lands_on_the_()
  When User taps on Continue to Download Card                                                             # com.thinktimetechno.projects.website.stepdefinitions.SingleUser.Single_User_StepDefinitions.user_taps_on_download_card()
  Then User lands on the Payment Page                                                                     # com.thinktimetechno.projects.website.stepdefinitions.SingleUser.Single_User_StepDefinitions.user_land_on_payement_page()
  When User enters the following payment card details:                                                    # com.thinktimetechno.projects.website.stepdefinitions.SingleUser.Single_User_StepDefinitions.user_enters_the_following_payment_card_details(io.cucumber.datatable.DataTable)
    | Field            | Value            |
    | Full Name        | John Doe         |
    | Card Number      | 4242424242424242 |
    | Expiration Month | 12               |
    | Expiration Year  | 27               |
    | CVV              | 123              |
  And User taps on Next button                                                                            # com.thinktimetechno.projects.website.stepdefinitions.SingleUser.Single_User_StepDefinitions.user_taps_on_next_button()
  Then User lands on the Billing and Shipping Address Page                                                # com.thinktimetechno.projects.website.stepdefinitions.SingleUser.Single_User_StepDefinitions.user_lands_on_the_billing_and_shipping_address_page()
  When User enters the following shipping and billing details:                                            # com.thinktimetechno.projects.website.stepdefinitions.SingleUser.Single_User_StepDefinitions.user_enters_the_following_shipping_and_billing_details(io.cucumber.datatable.DataTable)
    | Field          | Value           |
    | First Name     | John            |
    | Last Name      | Doe             |
    | Address Line 1 | 123 Main Street |
    | City           | New York        |
    | State          | NY              |
    | Zip Code       | 10001           |
    | Country        | USA             |
  And User taps on the Same as Billing Address radio button                                               # com.thinktimetechno.projects.website.stepdefinitions.SingleUser.Single_User_StepDefinitions.user_taps_on_the_same_as_billing_address_radio_button()
  And User enters the Coupon Code "AUTO10"                                                                # com.thinktimetechno.projects.website.stepdefinitions.SingleUser.Single_User_StepDefinitions.user_enters_on_couponcode(java.lang.String)
  And User taps on the Submit Payment button                                                              # com.thinktimetechno.projects.website.stepdefinitions.SingleUser.Single_User_StepDefinitions.user_taps_on_submit_payment_button()
  Then User lands on the Continuous Education Credits and Course Renewal Page                             # com.thinktimetechno.projects.website.stepdefinitions.SingleUser.Single_User_StepDefinitions.user_lands_on_the_continuous_education_credits_and_course_renewal_page()
  When User taps on I Accept                                                                              # com.thinktimetechno.projects.website.stepdefinitions.SingleUser.Single_User_StepDefinitions.user_taps_on_the_I_accept()
  Then User lands on the Hands-on Kit Page                                                                # com.thinktimetechno.projects.website.stepdefinitions.SingleUser.Single_User_StepDefinitions.user_lands_on_handson_kirpage()
  When User taps on the I Accept button                                                                   # com.thinktimetechno.projects.website.stepdefinitions.SingleUser.Single_User_StepDefinitions.user_taps_on_the_I_accept_button()
  Then User lands on the Congratulations Page                                                             # com.thinktimetechno.projects.website.stepdefinitions.SingleUser.Single_User_StepDefinitions.user_land_on_congratulation_page()
  When User searches the "Healthcare, First Aid & Bloodborne Pathogens Combo" course in the search bar    # com.thinktimetechno.projects.website.stepdefinitions.SingleUser.Single_User_StepDefinitions.User_searches_the_course_in_the_search_bar(java.lang.String)
  And User adds the course to the cart                                                                    # com.thinktimetechno.projects.website.stepdefinitions.SingleUser.Single_User_StepDefinitions.User_add_the_course_in_cart()
  And User taps on the Proceed To Checkout button                                                         # com.thinktimetechno.projects.website.stepdefinitions.SingleUser.Single_User_StepDefinitions.User_taps_on_the_proceed_to_checkout_button()
  Then User lands on Cart Information Page                                                                # com.thinktimetechno.projects.website.stepdefinitions.SingleUser.Single_User_StepDefinitions.user_lands_on_cart_information_page()
  When User enter the Invalid Coupon as "AUTO10"                                                          # com.thinktimetechno.projects.website.stepdefinitions.SingleUser.Single_User_StepDefinitions.user_enter_the_invalid_coupon_as(java.lang.String)
  And User tap on the Proceed to Checkout button                                                          # com.thinktimetechno.projects.website.stepdefinitions.SingleUser.Single_User_StepDefinitions.user_tap_on_proceed_to_thecheckout_button()
  Then User should able to see the message as "Invalid coupon, make sure it is correct."                  # com.thinktimetechno.projects.website.stepdefinitions.SingleUser.Single_User_StepDefinitions.user_should_able_to_see_the_message_as(java.lang.String)
  And User tap on the Proceed to Checkout button                                                          # com.thinktimetechno.projects.website.stepdefinitions.SingleUser.Single_User_StepDefinitions.user_tap_on_proceed_to_thecheckout_button()
  And User lands on Checkout Page                                                                         # com.thinktimetechno.projects.website.stepdefinitions.SingleUser.Single_User_StepDefinitions.user_lands_on_checkout_page()
  When User enters the card details:                                                                      # com.thinktimetechno.projects.website.stepdefinitions.SingleUser.Single_User_StepDefinitions.user_enters_the_card_details(io.cucumber.datatable.DataTable)
    | Field           | Value            |
    | Card Number     | 4242424242424242 |
    | Expiration Date | 12  27           |
    | CVV             | 123              |
  And User selects the Country name as "Afghanistan"                                                      # com.thinktimetechno.projects.website.stepdefinitions.SingleUser.Single_User_StepDefinitions.user_selects_the_country_name_as(java.lang.String)
  And User tap on Pay Now button                                                                          # com.thinktimetechno.projects.website.stepdefinitions.SingleUser.Single_User_StepDefinitions.user_tap_on_pay_now_button()
  Then User lands on the Thank You Page                                                                   # com.thinktimetechno.projects.website.stepdefinitions.SingleUser.Single_User_StepDefinitions.user_lands_on_the_thank_you_page()
[ERROR] 23-04-2025 18:31:05 [LifecycleNotifier] - Could not invoke listener method
org.openqa.selenium.NoSuchSessionException: Session ID is null. Using WebDriver after calling quit()?
Build info: version: '4.12.1', revision: '8e34639b11'
System info: os.name: 'Windows 11', os.arch: 'amd64', os.version: '10.0', java.version: '17.0.12'
Driver info: org.openqa.selenium.chrome.ChromeDriver
Command: [null, screenshot {}]
Capabilities {acceptInsecureCerts: false, browserName: chrome, browserVersion: 135.0.7049.96, chrome: {chromedriverVersion: 135.0.7049.97 (b41307079c9b..., userDataDir: C:\Users\rithi\AppData\Loca...}, fedcm:accounts: true, goog:chromeOptions: {debuggerAddress: localhost:62433}, networkConnectionEnabled: false, pageLoadStrategy: normal, platformName: windows, proxy: Proxy(), se:cdp: ws://localhost:62433/devtoo..., se:cdpVersion: 135.0.7049.96, setWindowRect: true, strictFileInteractability: false, timeouts: {implicit: 0, pageLoad: 300000, script: 30000}, unhandledPromptBehavior: dismiss and notify, webauthn:extension:credBlob: true, webauthn:extension:largeBlob: true, webauthn:extension:minPinLength: true, webauthn:extension:prf: true, webauthn:virtualAuthenticators: true}
	at org.openqa.selenium.remote.HttpCommandExecutor.execute(HttpCommandExecutor.java:152) ~[selenium-remote-driver-4.12.1.jar:?]
	at org.openqa.selenium.remote.service.DriverCommandExecutor.invokeExecute(DriverCommandExecutor.java:196) ~[selenium-remote-driver-4.12.1.jar:?]
	at org.openqa.selenium.remote.service.DriverCommandExecutor.execute(DriverCommandExecutor.java:171) ~[selenium-remote-driver-4.12.1.jar:?]
	at org.openqa.selenium.remote.RemoteWebDriver.execute(RemoteWebDriver.java:602) ~[selenium-remote-driver-4.12.1.jar:?]
	at org.openqa.selenium.remote.RemoteWebDriver.execute(RemoteWebDriver.java:675) ~[selenium-remote-driver-4.12.1.jar:?]
	at org.openqa.selenium.remote.RemoteWebDriver.execute(RemoteWebDriver.java:679) ~[selenium-remote-driver-4.12.1.jar:?]
	at org.openqa.selenium.remote.RemoteWebDriver.getScreenshotAs(RemoteWebDriver.java:325) ~[selenium-remote-driver-4.12.1.jar:?]
	at java.base/jdk.internal.reflect.NativeMethodAccessorImpl.invoke0(Native Method) ~[?:?]
	at java.base/jdk.internal.reflect.NativeMethodAccessorImpl.invoke(NativeMethodAccessorImpl.java:77) ~[?:?]
	at java.base/jdk.internal.reflect.DelegatingMethodAccessorImpl.invoke(DelegatingMethodAccessorImpl.java:43) ~[?:?]
	at java.base/java.lang.reflect.Method.invoke(Method.java:568) ~[?:?]
	at org.openqa.selenium.support.ThreadGuard$WebDriverInvocationHandler.invokeUnderlying(ThreadGuard.java:99) ~[selenium-support-4.12.1.jar:?]
	at org.openqa.selenium.support.ThreadGuard$WebDriverInvocationHandler.invoke(ThreadGuard.java:91) ~[selenium-support-4.12.1.jar:?]
	at jdk.proxy2/jdk.proxy2.$Proxy57.getScreenshotAs(Unknown Source) ~[?:?]
	at com.thinktimetechno.listeners.AllureListener.beforeTestStop(AllureListener.java:43) ~[test-classes/:?]
	at io.qameta.allure.listener.LifecycleNotifier.lambda$runSafely$0(LifecycleNotifier.java:211) ~[allure-java-commons-2.24.0.jar:2.24.0]
	at java.base/java.util.ArrayList.forEach(ArrayList.java:1511) ~[?:?]
	at io.qameta.allure.listener.LifecycleNotifier.runSafely(LifecycleNotifier.java:209) ~[allure-java-commons-2.24.0.jar:2.24.0]
	at io.qameta.allure.listener.LifecycleNotifier.beforeTestStop(LifecycleNotifier.java:88) ~[allure-java-commons-2.24.0.jar:2.24.0]
	at io.qameta.allure.AllureLifecycle.stopTestCase(AllureLifecycle.java:420) ~[allure-java-commons-2.24.0.jar:2.24.0]
	at io.qameta.allure.cucumber7jvm.AllureCucumber7Jvm.handleTestCaseFinished(AllureCucumber7Jvm.java:204) ~[allure-cucumber7-jvm-2.24.0.jar:2.24.0]
	at io.cucumber.core.eventbus.AbstractEventPublisher.send(AbstractEventPublisher.java:51) ~[cucumber-core-7.13.0.jar:7.13.0]
	at io.cucumber.core.eventbus.AbstractEventBus.send(AbstractEventBus.java:12) ~[cucumber-core-7.13.0.jar:7.13.0]
	at io.cucumber.core.runtime.SynchronizedEventBus.send(SynchronizedEventBus.java:47) ~[cucumber-core-7.13.0.jar:7.13.0]
	at io.cucumber.core.runtime.ThreadLocalRunnerSupplier$LocalEventBus.send(ThreadLocalRunnerSupplier.java:62) ~[cucumber-core-7.13.0.jar:7.13.0]
	at io.cucumber.core.runner.TestCase.emitTestCaseFinished(TestCase.java:219) ~[cucumber-core-7.13.0.jar:7.13.0]
	at io.cucumber.core.runner.TestCase.run(TestCase.java:98) ~[cucumber-core-7.13.0.jar:7.13.0]
	at io.cucumber.core.runner.Runner.runPickle(Runner.java:75) ~[cucumber-core-7.13.0.jar:7.13.0]
	at io.cucumber.testng.TestNGCucumberRunner.lambda$runScenario$1(TestNGCucumberRunner.java:132) ~[cucumber-testng-7.13.0.jar:7.13.0]
	at io.cucumber.core.runtime.CucumberExecutionContext.lambda$runTestCase$5(CucumberExecutionContext.java:137) ~[cucumber-core-7.13.0.jar:7.13.0]
	at io.cucumber.core.runtime.RethrowingThrowableCollector.executeAndThrow(RethrowingThrowableCollector.java:23) ~[cucumber-core-7.13.0.jar:7.13.0]
	at io.cucumber.core.runtime.CucumberExecutionContext.runTestCase(CucumberExecutionContext.java:137) ~[cucumber-core-7.13.0.jar:7.13.0]
	at io.cucumber.testng.TestNGCucumberRunner.runScenario(TestNGCucumberRunner.java:129) ~[cucumber-testng-7.13.0.jar:7.13.0]
	at io.cucumber.testng.AbstractTestNGCucumberTests.runScenario(AbstractTestNGCucumberTests.java:35) ~[cucumber-testng-7.13.0.jar:7.13.0]
	at jdk.internal.reflect.GeneratedMethodAccessor149.invoke(Unknown Source) ~[?:?]
	at java.base/jdk.internal.reflect.DelegatingMethodAccessorImpl.invoke(DelegatingMethodAccessorImpl.java:43) ~[?:?]
	at java.base/java.lang.reflect.Method.invoke(Method.java:568) ~[?:?]
	at org.testng.internal.invokers.MethodInvocationHelper.invokeMethod(MethodInvocationHelper.java:139) ~[testng-7.8.0.jar:7.8.0]
	at org.testng.internal.invokers.TestInvoker.invokeMethod(TestInvoker.java:664) ~[testng-7.8.0.jar:7.8.0]
	at org.testng.internal.invokers.TestInvoker.invokeTestMethod(TestInvoker.java:227) ~[testng-7.8.0.jar:7.8.0]
	at org.testng.internal.invokers.MethodRunner.runInSequence(MethodRunner.java:50) ~[testng-7.8.0.jar:7.8.0]
	at org.testng.internal.invokers.TestInvoker$MethodInvocationAgent.invoke(TestInvoker.java:957) ~[testng-7.8.0.jar:7.8.0]
	at org.testng.internal.invokers.TestInvoker.invokeTestMethods(TestInvoker.java:200) ~[testng-7.8.0.jar:7.8.0]
	at org.testng.internal.invokers.TestMethodWorker.invokeTestMethods(TestMethodWorker.java:148) ~[testng-7.8.0.jar:7.8.0]
	at org.testng.internal.invokers.TestMethodWorker.run(TestMethodWorker.java:128) ~[testng-7.8.0.jar:7.8.0]
	at java.base/java.util.ArrayList.forEach(ArrayList.java:1511) [?:?]
	at org.testng.TestRunner.privateRun(TestRunner.java:848) [testng-7.8.0.jar:7.8.0]
	at org.testng.TestRunner.run(TestRunner.java:621) [testng-7.8.0.jar:7.8.0]
	at org.testng.SuiteRunner.runTest(SuiteRunner.java:443) [testng-7.8.0.jar:7.8.0]
	at org.testng.SuiteRunner.runSequentially(SuiteRunner.java:437) [testng-7.8.0.jar:7.8.0]
	at org.testng.SuiteRunner.privateRun(SuiteRunner.java:397) [testng-7.8.0.jar:7.8.0]
	at org.testng.SuiteRunner.run(SuiteRunner.java:336) [testng-7.8.0.jar:7.8.0]
	at org.testng.SuiteRunnerWorker.runSuite(SuiteRunnerWorker.java:52) [testng-7.8.0.jar:7.8.0]
	at org.testng.SuiteRunnerWorker.run(SuiteRunnerWorker.java:95) [testng-7.8.0.jar:7.8.0]
	at org.testng.TestNG.runSuitesSequentially(TestNG.java:1280) [testng-7.8.0.jar:7.8.0]
	at org.testng.TestNG.runSuitesLocally(TestNG.java:1200) [testng-7.8.0.jar:7.8.0]
	at org.testng.TestNG.runSuites(TestNG.java:1114) [testng-7.8.0.jar:7.8.0]
	at org.testng.TestNG.run(TestNG.java:1082) [testng-7.8.0.jar:7.8.0]
	at org.apache.maven.surefire.testng.TestNGExecutor.run(TestNGExecutor.java:308) [surefire-testng-3.1.2.jar:3.1.2]
	at org.apache.maven.surefire.testng.TestNGXmlTestSuite.execute(TestNGXmlTestSuite.java:71) [surefire-testng-3.1.2.jar:3.1.2]
	at org.apache.maven.surefire.testng.TestNGProvider.invoke(TestNGProvider.java:113) [surefire-testng-3.1.2.jar:3.1.2]
	at org.apache.maven.surefire.booter.ForkedBooter.runSuitesInProcess(ForkedBooter.java:385) [surefire-booter-3.1.2.jar:3.1.2]
	at org.apache.maven.surefire.booter.ForkedBooter.execute(ForkedBooter.java:162) [surefire-booter-3.1.2.jar:3.1.2]
	at org.apache.maven.surefire.booter.ForkedBooter.run(ForkedBooter.java:507) [surefire-booter-3.1.2.jar:3.1.2]
	at org.apache.maven.surefire.booter.ForkedBooter.main(ForkedBooter.java:495) [surefire-booter-3.1.2.jar:3.1.2]
]]></system-out>
    <system-err><![CDATA[Apr 23, 2025 6:30:24 PM org.openqa.selenium.devtools.CdpVersionFinder findNearestMatch
WARNING: Unable to find CDP implementation matching 135
Apr 23, 2025 6:30:24 PM org.openqa.selenium.chromium.ChromiumDriver lambda$new$5
WARNING: Unable to find version of CDP to use for 135.0.7049.96. You may need to include a dependency on a specific version of the CDP using something similar to `org.seleniumhq.selenium:selenium-devtools-v86:4.12.1` where the version ("v86") matches the version of the chromium-based browser you're using and the version number of the artifact is the same as Selenium's.
]]></system-err>
  </testcase>
  <testcase name="runScenario[&quot;TC_17_Schedule_Virtual_HandsOn_Training&quot;, &quot;SU_TC_17_Schedule_Virtual_HandsOn_Training&quot;](31)" classname="com.thinktimetechno.runners.FullTest.FullTestRunner" time="80.703"/>
  <testcase name="runScenario[&quot;TC_18 Purchase wallet card and virtual review session add-ons&quot;, &quot;SU_TC_18_Purchase_walletcard_and_virtual_review_session_add-ons&quot;](32)" classname="com.thinktimetechno.runners.FullTest.FullTestRunner" time="75.168">
    <failure message="Element not exist. By.xpath: //h2[contains(text(),&apos;Do you need a Blended Hands-on Training?&apos;)]" type="java.lang.AssertionError"><![CDATA[java.lang.AssertionError: Element not exist. By.xpath: //h2[contains(text(),'Do you need a Blended Hands-on Training?')]
	at org.testng.Assert.fail(Assert.java:111)
	at com.thinktimetechno.keywords.WebUI.waitForElementPresent(WebUI.java:2509)
	at com.thinktimetechno.keywords.WebUI.waitForElementVisible(WebUI.java:2417)
	at com.thinktimetechno.projects.website.pages.BillingPage.verify_handsonkit_PageDisplays(BillingPage.java:58)
	at com.thinktimetechno.projects.website.stepdefinitions.SingleUser.Single_User_StepDefinitions.user_lands_on_handson_kirpage(Single_User_StepDefinitions.java:398)
	at ✽.User lands on the Hands-on Kit Page(file:///D:/Workspace/AHCA/src/test/resources/features/SingleUser/SU_TC_18%20Purchase%20wallet%20card%20with%20virtual%20review%20session%20add-ons.feature:66)
]]></failure>
    <system-out><![CDATA[
@SingleUser @fulltest @SU_TC_18_Purchase_walletcard_and_virtual_review_session_add-ons
Scenario: TC_18 Purchase wallet card and virtual review session add-ons                                           # src/test/resources/features/SingleUser/SU_TC_18 Purchase wallet card with virtual review session add-ons.feature:5
[INFO] 23-04-2025 18:32:27 [LogUtils] - Driver in TestContext: ChromeDriver: chrome on windows (b2b9e87cac88a99a554fe2aaa1bf6bb8)
[INFO] 23-04-2025 18:32:33 [LogUtils] - Open URL: https://staging2-cpraedcourse.gitview.net/register
  Given User navigate to "https://staging2-cpraedcourse.gitview.net/register" for SingleUser registration         # com.thinktimetechno.projects.website.stepdefinitions.SingleUser.Single_User_StepDefinitions.user_navigate_to_for_single_user_registration(java.lang.String)
[INFO] 23-04-2025 18:32:33 [LogUtils] - Verify element visible By.xpath: //input[@id='first_name']
[INFO] 23-04-2025 18:32:33 [LogUtils] - Set text John1 on By.xpath: //input[@id='first_name']
[INFO] 23-04-2025 18:32:33 [LogUtils] - Verify element visible By.xpath: //input[@id='last_name']
[INFO] 23-04-2025 18:32:33 [LogUtils] - Set text Doe1 on By.xpath: //input[@id='last_name']
[INFO] 23-04-2025 18:32:33 [LogUtils] - Verify element visible By.xpath: //input[@id='phone_number']
[INFO] 23-04-2025 18:32:33 [LogUtils] - Clicked on the element By.xpath: //input[@id='phone_number']
[INFO] 23-04-2025 18:32:33 [LogUtils] - Verify element visible By.xpath: //input[@id='phone_number']
[INFO] 23-04-2025 18:32:34 [LogUtils] - Set text 98765432109 on By.xpath: //input[@id='phone_number']
[INFO] 23-04-2025 18:32:34 [LogUtils] - Verify element visible By.xpath: //input[@id='email_address']
[INFO] 23-04-2025 18:32:34 [LogUtils] - Set text john.doe20250423183233@example.com on By.xpath: //input[@id='email_address']
[INFO] 23-04-2025 18:32:34 [LogUtils] - Verify element visible By.xpath: //input[@id='username']
[INFO] 23-04-2025 18:32:34 [LogUtils] - Set text johndoe20250423183233 on By.xpath: //input[@id='username']
[INFO] 23-04-2025 18:32:34 [LogUtils] - Verify element visible By.xpath: //input[@id='password']
[INFO] 23-04-2025 18:32:34 [LogUtils] - Set text Secure@123 on By.xpath: //input[@id='password']
[INFO] 23-04-2025 18:32:34 [LogUtils] - Verify element visible By.xpath: //input[@id='confirm_password']
[INFO] 23-04-2025 18:32:35 [LogUtils] - Set text Secure@123 on By.xpath: //input[@id='confirm_password']
  When User enters the following valid registration details:                                                      # com.thinktimetechno.projects.website.stepdefinitions.SingleUser.Single_User_StepDefinitions.user_enters_the_following_valid_registration_details(io.cucumber.datatable.DataTable)
    | Field            | Value                |
    | First Name       | John1                |
    | Last Name        | Doe1                 |
    | Phone Number     | 98765432109          |
    | Email Address    | john.doe@example.com |
    | Username         | johndoe              |
    | Password         | Secure@123           |
    | Confirm Password | Secure@123           |
[INFO] 23-04-2025 18:32:35 [LogUtils] - Verify element visible By.xpath: //input[@id='opt_in_button']
[INFO] 23-04-2025 18:32:35 [LogUtils] - Clicked on the element By.xpath: //input[@id='opt_in_button']
  And User agrees to the Terms and Privacy Policy                                                                 # com.thinktimetechno.projects.website.stepdefinitions.SingleUser.Single_User_StepDefinitions.user_agrees_to_the_terms_and_privacy_policy()
[INFO] 23-04-2025 18:32:43 [LogUtils] - Click on element with JS: By.id: register-button
  And User clicks on the Register Now button                                                                      # com.thinktimetechno.projects.website.stepdefinitions.SingleUser.Single_User_StepDefinitions.user_clicks_on_the_register_now_button()
[INFO] 23-04-2025 18:32:43 [LogUtils] - Verify element visible By.xpath: (//h3[contains(text(),'Are you a Healthcare Provider? ')])[1]
[INFO] 23-04-2025 18:32:43 [LogUtils] - Verify element visible By.xpath: (//h3[contains(text(),'Are you a Healthcare Provider? ')])[1]
  Then User is on the Are you a Healthcare Provider? page                                                         # com.thinktimetechno.projects.website.stepdefinitions.SingleUser.Single_User_StepDefinitions.user_is_on_the_page()
[INFO] 23-04-2025 18:32:43 [LogUtils] - Click on element with JS: By.xpath: //div/a[contains(text(),'Yes, I am a healthcare provider')]
  When User selects "Yes, I am a healthcare provider"                                                             # com.thinktimetechno.projects.website.stepdefinitions.SingleUser.Single_User_StepDefinitions.user_selects(java.lang.String)
[INFO] 23-04-2025 18:32:43 [LogUtils] - Verify element visible By.xpath: (//h3[contains(text(),'Please choose your profession')])[2]
  Then User should be navigated to the Please choose your profession page                                         # com.thinktimetechno.projects.website.stepdefinitions.SingleUser.Single_User_StepDefinitions.user_should_be_navigated_to_the_profession_page()
[INFO] 23-04-2025 18:32:43 [LogUtils] - Verify element visible By.xpath: (//a[contains(text(),'Doctor / Physicians')])[1]
[INFO] 23-04-2025 18:32:43 [LogUtils] - Clicked on the element By.xpath: (//a[contains(text(),'Doctor / Physicians')])[1]
  When User selects the profession as "Doctor / Physicians"                                                       # com.thinktimetechno.projects.website.stepdefinitions.SingleUser.Single_User_StepDefinitions.user_selects_the_profession_as(java.lang.String)
[INFO] 23-04-2025 18:32:43 [LogUtils] - Verify element visible By.xpath: (//h3[contains(text(),'Please Select The Course Below For ')])[1]
  Then User should be navigated to the Course Selection page                                                      # com.thinktimetechno.projects.website.stepdefinitions.SingleUser.Single_User_StepDefinitions.user_should_be_navigated_to_the_course_page()
[INFO] 23-04-2025 18:32:43 [LogUtils] - Verify element visible By.xpath: (//a[contains(text(),'Combo Healthcare Provider BLS')])[1]
[INFO] 23-04-2025 18:32:43 [LogUtils] - Clicked on the element By.xpath: (//a[contains(text(),'Combo Healthcare Provider BLS')])[1]
  When User selects the course as "Combo Healthcare Provider BLS"                                                 # com.thinktimetechno.projects.website.stepdefinitions.SingleUser.Single_User_StepDefinitions.user_selects_the_course_as(java.lang.String)
[INFO] 23-04-2025 18:32:55 [LogUtils] - Get Page Title: CPR - Introduction - American Health Care Academy
  Then User lands on the Course Page                                                                              # com.thinktimetechno.projects.website.stepdefinitions.SingleUser.Single_User_StepDefinitions.user_lands_on_the()
[INFO] 23-04-2025 18:32:55 [LogUtils] - Verify element visible By.xpath: //div[@class='left-take-quiz ']/a[contains(text(),'Take Quiz')]
[INFO] 23-04-2025 18:32:58 [LogUtils] - Clicked on the element By.xpath: //div[@class='left-take-quiz ']/a[contains(text(),'Take Quiz')]
  When User taps on the Take Quiz button                                                                          # com.thinktimetechno.projects.website.stepdefinitions.SingleUser.Single_User_StepDefinitions.user_taps_on_the_button()
[INFO] 23-04-2025 18:32:58 [LogUtils] - Get Page Title: Hc Fa | Quiz - American Health Care Academy
  Then User lands on the Quiz Page                                                                                # com.thinktimetechno.projects.website.stepdefinitions.SingleUser.Single_User_StepDefinitions.user_lands_on_the_()
[INFO] 23-04-2025 18:32:58 [LogUtils] - Click on element with JS: By.xpath: //input[@class='input-radio-answer' and following-sibling::label[contains(text(), 'Both B and C')]]
[INFO] 23-04-2025 18:32:58 [LogUtils] - Click on element with JS: By.xpath: //input[@class='input-radio-answer' and following-sibling::label[contains(text(), 'Your safety')]]
[INFO] 23-04-2025 18:32:58 [LogUtils] - Click on element with JS: By.xpath: //input[@class='input-radio-answer' and following-sibling::label[contains(text(), 'At least 100 to 120 compressions per minute')]]
[INFO] 23-04-2025 18:32:58 [LogUtils] - Click on element with JS: By.xpath: //input[@class='input-radio-answer' and following-sibling::label[contains(text(), 'Place one hand on top of the other, interlacing the fingers')]]
[INFO] 23-04-2025 18:32:58 [LogUtils] - Click on element with JS: By.xpath: //input[@id='next_btn']
[INFO] 23-04-2025 18:32:58 [LogUtils] - Click on element with JS: By.xpath: //input[@class='input-radio-answer' and following-sibling::label[contains(text(), '2 inches, but no more than 2.4')]]
[INFO] 23-04-2025 18:32:58 [LogUtils] - Click on element with JS: By.xpath: //input[@class='input-radio-answer' and following-sibling::label[contains(text(), 'Tilt the head back and lift the chin')]]
[INFO] 23-04-2025 18:32:58 [LogUtils] - Click on element with JS: By.xpath: //input[@class='input-radio-answer' and following-sibling::label[contains(text(), '1.5, 100 to 120')]]
[INFO] 23-04-2025 18:32:58 [LogUtils] - Click on element with JS: By.xpath: //input[@class='input-radio-answer' and following-sibling::label[contains(text(), '2 fingers')]]
[INFO] 23-04-2025 18:32:58 [LogUtils] - Click on element with JS: By.xpath: //input[@id='next_btn']
[INFO] 23-04-2025 18:32:58 [LogUtils] - Click on element with JS: By.xpath: //input[@class='input-radio-answer' and following-sibling::label[contains(text(), 'All of the above')]]
[INFO] 23-04-2025 18:32:59 [LogUtils] - Click on element with JS: By.xpath: //input[@class='input-radio-answer' and following-sibling::label[contains(text(), 'Thrusts into the abdomen')]]
[INFO] 23-04-2025 18:32:59 [LogUtils] - Click on element with JS: By.xpath: //input[@class='input-radio-answer' and following-sibling::label[contains(text(), 'Tell the person to stop, drop and roll')]]
[INFO] 23-04-2025 18:32:59 [LogUtils] - Click on element with JS: By.xpath: //input[@class='input-radio-answer' and following-sibling::label[contains(text(), 'Heart attack')]]
[INFO] 23-04-2025 18:32:59 [LogUtils] - Click on element with JS: By.xpath: //input[@id='next_btn']
[INFO] 23-04-2025 18:32:59 [LogUtils] - Click on element with JS: By.xpath: //input[@class='input-radio-answer' and following-sibling::label[contains(text(), 'Asthma')]]
[INFO] 23-04-2025 18:32:59 [LogUtils] - Click on element with JS: By.xpath: //input[@class='input-radio-answer' and following-sibling::label[contains(text(), 'Open wounds and closed wounds')]]
[INFO] 23-04-2025 18:32:59 [LogUtils] - Click on element with JS: By.xpath: //input[@class='input-radio-answer' and following-sibling::label[contains(text(), 'Allergy emergency')]]
[INFO] 23-04-2025 18:32:59 [LogUtils] - Click on element with JS: By.xpath: //input[@class='input-radio-answer' and following-sibling::label[contains(text(), 'When something a person is allergic to enters the body')]]
[INFO] 23-04-2025 18:32:59 [LogUtils] - Click on element with JS: By.xpath: //input[@id='next_btn']
[INFO] 23-04-2025 18:32:59 [LogUtils] - Click on element with JS: By.xpath: //input[@class='input-radio-answer' and following-sibling::label[contains(text(), 'Remove nearby objects that may hurt the person')]]
[INFO] 23-04-2025 18:32:59 [LogUtils] - Click on element with JS: By.xpath: //input[@class='input-radio-answer' and following-sibling::label[contains(text(), 'Squeeze the sac')]]
[INFO] 23-04-2025 18:32:59 [LogUtils] - Click on element with JS: By.xpath: //input[@class='input-radio-answer' and following-sibling::label[contains(text(), 'Follow RICE: rest, immobilize, cold and elevate')]]
[INFO] 23-04-2025 18:32:59 [LogUtils] - Click on element with JS: By.xpath: //input[@class='input-radio-answer' and following-sibling::label[contains(text(), 'Talking or laughing while eating')]]
  When User attends all the 20 questions                                                                          # com.thinktimetechno.projects.website.stepdefinitions.SingleUser.Single_User_StepDefinitions.user_attends_all_the_questions(java.lang.Integer)
[INFO] 23-04-2025 18:33:05 [LogUtils] - Click on element with JS: By.xpath: //input[@id='submit_btn']
  And User taps on the Submit Quiz button                                                                         # com.thinktimetechno.projects.website.stepdefinitions.SingleUser.Single_User_StepDefinitions.user_taps_on()
[INFO] 23-04-2025 18:33:06 [LogUtils] - Verify element visible By.xpath: (//h2[contains(text(),'CONGRATULATIONS!')])[1]
  Then User lands on the Quiz Success Page                                                                        # com.thinktimetechno.projects.website.stepdefinitions.SingleUser.Single_User_StepDefinitions.user_quiz_lands_on_the_()
[INFO] 23-04-2025 18:33:09 [LogUtils] - Click on element with JS: By.xpath: //div[contains(text(),'Continue To Download Card')]
  When User taps on Continue to Download Card                                                                     # com.thinktimetechno.projects.website.stepdefinitions.SingleUser.Single_User_StepDefinitions.user_taps_on_download_card()
[INFO] 23-04-2025 18:33:09 [LogUtils] - Verify element visible By.xpath: (//h3[contains(text(),'Payment Information')])[1]
  Then User lands on the Payment Page                                                                             # com.thinktimetechno.projects.website.stepdefinitions.SingleUser.Single_User_StepDefinitions.user_land_on_payement_page()
[INFO] 23-04-2025 18:33:09 [LogUtils] - Verify element visible By.xpath: //input[@id='nameoncard']
[INFO] 23-04-2025 18:33:09 [LogUtils] - Set text John Doe on By.xpath: //input[@id='nameoncard']
[INFO] 23-04-2025 18:33:09 [LogUtils] - Verify element visible By.xpath: //input[@id='creditcardnumber']
[INFO] 23-04-2025 18:33:09 [LogUtils] - Set text 4242424242424242 on By.xpath: //input[@id='creditcardnumber']
[INFO] 23-04-2025 18:33:10 [LogUtils] - Verify element visible By.xpath: //input[@id='expirationmonth']
[INFO] 23-04-2025 18:33:10 [LogUtils] - Set text 12 on By.xpath: //input[@id='expirationmonth']
[INFO] 23-04-2025 18:33:10 [LogUtils] - Verify element visible By.xpath: //input[@id='expirationyear']
[INFO] 23-04-2025 18:33:10 [LogUtils] - Set text 27 on By.xpath: //input[@id='expirationyear']
[INFO] 23-04-2025 18:33:10 [LogUtils] - Verify element visible By.xpath: //input[@id='cvvcode']
[INFO] 23-04-2025 18:33:10 [LogUtils] - Set text 123 on By.xpath: //input[@id='cvvcode']
  When User enters the following payment card details:                                                            # com.thinktimetechno.projects.website.stepdefinitions.SingleUser.Single_User_StepDefinitions.user_enters_the_following_payment_card_details(io.cucumber.datatable.DataTable)
    | Field            | Value            |
    | Full Name        | John Doe         |
    | Card Number      | 4242424242424242 |
    | Expiration Month | 12               |
    | Expiration Year  | 27               |
    | CVV              | 123              |
[INFO] 23-04-2025 18:33:10 [LogUtils] - Click on element with JS: By.xpath: (//button[contains(text(),'NEXT')])[1]
  And User taps on Next button                                                                                    # com.thinktimetechno.projects.website.stepdefinitions.SingleUser.Single_User_StepDefinitions.user_taps_on_next_button()
[INFO] 23-04-2025 18:33:11 [LogUtils] - Scroll to element By.xpath: //span[contains(text(),'Billing Information')]
  Then User lands on the Billing and Shipping Address Page                                                        # com.thinktimetechno.projects.website.stepdefinitions.SingleUser.Single_User_StepDefinitions.user_lands_on_the_billing_and_shipping_address_page()
[INFO] 23-04-2025 18:33:12 [LogUtils] - Verify element visible By.xpath: //input[@id='firstname']
[INFO] 23-04-2025 18:33:12 [LogUtils] - Set text John on By.xpath: //input[@id='firstname']
[INFO] 23-04-2025 18:33:12 [LogUtils] - Verify element visible By.xpath: //input[@id='lastname']
[INFO] 23-04-2025 18:33:12 [LogUtils] - Set text Doe on By.xpath: //input[@id='lastname']
[INFO] 23-04-2025 18:33:13 [LogUtils] - Verify element visible By.xpath: //input[@id='address']
[INFO] 23-04-2025 18:33:13 [LogUtils] - Set text 123 Main Street on By.xpath: //input[@id='address']
[INFO] 23-04-2025 18:33:13 [LogUtils] - Verify element visible By.xpath: //input[@id='city']
[INFO] 23-04-2025 18:33:13 [LogUtils] - Set text New York on By.xpath: //input[@id='city']
[INFO] 23-04-2025 18:33:13 [LogUtils] - Verify element visible By.xpath: //select[@id='state']
[INFO] 23-04-2025 18:33:13 [LogUtils] - Set text NY on By.xpath: //select[@id='state']
[INFO] 23-04-2025 18:33:13 [LogUtils] - Verify element visible By.xpath: //input[@id='zipcode']
[INFO] 23-04-2025 18:33:13 [LogUtils] - Set text 10001 on By.xpath: //input[@id='zipcode']
[INFO] 23-04-2025 18:33:13 [LogUtils] - Verify element visible By.xpath: //select[@id='country']
[INFO] 23-04-2025 18:33:13 [LogUtils] - Set text USA on By.xpath: //select[@id='country']
  When User enters the following shipping and billing details:                                                    # com.thinktimetechno.projects.website.stepdefinitions.SingleUser.Single_User_StepDefinitions.user_enters_the_following_shipping_and_billing_details(io.cucumber.datatable.DataTable)
    | Field          | Value           |
    | First Name     | John            |
    | Last Name      | Doe             |
    | Address Line 1 | 123 Main Street |
    | City           | New York        |
    | State          | NY              |
    | Zip Code       | 10001           |
    | Country        | USA             |
[INFO] 23-04-2025 18:33:13 [LogUtils] - Click on element with JS: By.xpath: //input[@id='sameasbilling']
  And User taps on the Same as Billing Address radio button                                                       # com.thinktimetechno.projects.website.stepdefinitions.SingleUser.Single_User_StepDefinitions.user_taps_on_the_same_as_billing_address_radio_button()
[INFO] 23-04-2025 18:33:13 [LogUtils] - Verify element visible By.xpath: //input[@id='coupon']
[INFO] 23-04-2025 18:33:13 [LogUtils] - Set text AUTO10 on By.xpath: //input[@id='coupon']
[INFO] 23-04-2025 18:33:13 [LogUtils] - Click on element with JS: By.xpath: //input[@id='applycoupon']
  And User enters the Coupon Code "AUTO10"                                                                        # com.thinktimetechno.projects.website.stepdefinitions.SingleUser.Single_User_StepDefinitions.user_enters_on_couponcode(java.lang.String)
[INFO] 23-04-2025 18:33:14 [LogUtils] - Verify element visible By.xpath: //span[contains(text(),'10% off applied')]
  Then User should see the coupon applied message as "10% off applied"                                            # com.thinktimetechno.projects.website.stepdefinitions.SingleUser.Single_User_StepDefinitions.user_lands_on_the_coupon(java.lang.String)
[INFO] 23-04-2025 18:33:19 [LogUtils] - Click on element with JS: By.xpath: //input[@id='payment_submit_button']
  When User taps on the Submit Payment button                                                                     # com.thinktimetechno.projects.website.stepdefinitions.SingleUser.Single_User_StepDefinitions.user_taps_on_submit_payment_button()
[INFO] 23-04-2025 18:33:19 [LogUtils] - Get Page Title: Lifetime | Register - American Health Care Academy
  Then User lands on the Continuous Education Credits and Course Renewal Page                                     # com.thinktimetechno.projects.website.stepdefinitions.SingleUser.Single_User_StepDefinitions.user_lands_on_the_continuous_education_credits_and_course_renewal_page()
[INFO] 23-04-2025 18:33:19 [LogUtils] - Click on element with JS: By.xpath: //a[@id='lifetimeAccept']
  When User taps on I Accept                                                                                      # com.thinktimetechno.projects.website.stepdefinitions.SingleUser.Single_User_StepDefinitions.user_taps_on_the_I_accept()
[ERROR] 23-04-2025 18:33:39 [LogUtils] - Element not exist. By.xpath: //h2[contains(text(),'Do you need a Blended Hands-on Training?')]
  Then User lands on the Hands-on Kit Page                                                                        # com.thinktimetechno.projects.website.stepdefinitions.SingleUser.Single_User_StepDefinitions.user_lands_on_handson_kirpage()
      java.lang.AssertionError: Element not exist. By.xpath: //h2[contains(text(),'Do you need a Blended Hands-on Training?')]
	at org.testng.Assert.fail(Assert.java:111)
	at com.thinktimetechno.keywords.WebUI.waitForElementPresent(WebUI.java:2509)
	at com.thinktimetechno.keywords.WebUI.waitForElementVisible(WebUI.java:2417)
	at com.thinktimetechno.projects.website.pages.BillingPage.verify_handsonkit_PageDisplays(BillingPage.java:58)
	at com.thinktimetechno.projects.website.stepdefinitions.SingleUser.Single_User_StepDefinitions.user_lands_on_handson_kirpage(Single_User_StepDefinitions.java:398)
	at ✽.User lands on the Hands-on Kit Page(file:///D:/Workspace/AHCA/src/test/resources/features/SingleUser/SU_TC_18%20Purchase%20wallet%20card%20with%20virtual%20review%20session%20add-ons.feature:66)


    Embedding Screenshot Failed [image/png 199093 bytes]

  When User taps on the I Accept button                                                                           # com.thinktimetechno.projects.website.stepdefinitions.SingleUser.Single_User_StepDefinitions.user_taps_on_the_I_accept_button()
  Then User lands on the Congratulations Page                                                                     # com.thinktimetechno.projects.website.stepdefinitions.SingleUser.Single_User_StepDefinitions.user_land_on_congratulation_page()
  When User taps on the Continue button                                                                           # com.thinktimetechno.projects.website.stepdefinitions.SingleUser.Single_User_StepDefinitions.user_taps_on_the_continue_button()
  Then User lands on Purchased courses list Page                                                                  # com.thinktimetechno.projects.website.stepdefinitions.SingleUser.Single_User_StepDefinitions.user_lands_on_the_purchasecourse_page()
  When User taps on the Store tab                                                                                 # com.thinktimetechno.projects.website.stepdefinitions.SingleUser.Single_User_StepDefinitions.user_taps_on_the_store_button()
  Then User lands on Store list Page                                                                              # com.thinktimetechno.projects.website.stepdefinitions.SingleUser.Single_User_StepDefinitions.user_lands_on_the_store_page()
  When User selects the course as "Healthcare Provider CPR and First Aid Combo" under "Mailed Wallet Card"        # com.thinktimetechno.projects.website.stepdefinitions.SingleUser.Single_User_StepDefinitions.user_selects_the_course(java.lang.String,java.lang.String)
  And User enters the quantity as "2" for "Mailed Wallet Card"                                                    # com.thinktimetechno.projects.website.stepdefinitions.SingleUser.Single_User_StepDefinitions.user_enters_the_quantity(java.lang.String,java.lang.String)
  And User clicks on Add to cart for "Mailed Wallet Card"                                                         # com.thinktimetechno.projects.website.stepdefinitions.SingleUser.Single_User_StepDefinitions.user_clicks_add_to_cart(java.lang.String)
  And User selects the course as "Healthcare Provider CPR and First Aid Combo" under "The virtual review session" # com.thinktimetechno.projects.website.stepdefinitions.SingleUser.Single_User_StepDefinitions.user_selects_the_course(java.lang.String,java.lang.String)
  And User enters the quantity as "2" for "The virtual review session"                                            # com.thinktimetechno.projects.website.stepdefinitions.SingleUser.Single_User_StepDefinitions.user_enters_the_quantity(java.lang.String,java.lang.String)
  And User clicks on Add to cart for "The virtual review session"                                                 # com.thinktimetechno.projects.website.stepdefinitions.SingleUser.Single_User_StepDefinitions.user_clicks_add_to_cart(java.lang.String)
  And User tap on Proceed to Checkout button                                                                      # com.thinktimetechno.projects.website.stepdefinitions.SingleUser.Single_User_StepDefinitions.user_tap_on_proceed_to_checkout_button()
  Then User lands on Cart Information Page                                                                        # com.thinktimetechno.projects.website.stepdefinitions.SingleUser.Single_User_StepDefinitions.user_lands_on_cart_information_page()
  When User enter the Invalid Coupon as "AUTO10"                                                                  # com.thinktimetechno.projects.website.stepdefinitions.SingleUser.Single_User_StepDefinitions.user_enter_the_invalid_coupon_as(java.lang.String)
  And User tap on the Proceed to Checkout button                                                                  # com.thinktimetechno.projects.website.stepdefinitions.SingleUser.Single_User_StepDefinitions.user_tap_on_proceed_to_thecheckout_button()
  Then User should able to see the message as "Invalid coupon, make sure it is correct."                          # com.thinktimetechno.projects.website.stepdefinitions.SingleUser.Single_User_StepDefinitions.user_should_able_to_see_the_message_as(java.lang.String)
  And User tap on the Proceed to Checkout button                                                                  # com.thinktimetechno.projects.website.stepdefinitions.SingleUser.Single_User_StepDefinitions.user_tap_on_proceed_to_thecheckout_button()
  And User lands on Checkout Page                                                                                 # com.thinktimetechno.projects.website.stepdefinitions.SingleUser.Single_User_StepDefinitions.user_lands_on_checkout_page()
  When User enters the card details:                                                                              # com.thinktimetechno.projects.website.stepdefinitions.SingleUser.Single_User_StepDefinitions.user_enters_the_card_details(io.cucumber.datatable.DataTable)
    | Field           | Value            |
    | Card Number     | 4242424242424242 |
    | Expiration Date | 12  27           |
    | CVV             | 123              |
  And User selects the Country name as "Afghanistan"                                                              # com.thinktimetechno.projects.website.stepdefinitions.SingleUser.Single_User_StepDefinitions.user_selects_the_country_name_as(java.lang.String)
  And User tap on Pay Now button                                                                                  # com.thinktimetechno.projects.website.stepdefinitions.SingleUser.Single_User_StepDefinitions.user_tap_on_pay_now_button()
  Then User lands on the Thank You Page                                                                           # com.thinktimetechno.projects.website.stepdefinitions.SingleUser.Single_User_StepDefinitions.user_lands_on_the_thank_you_page()
[ERROR] 23-04-2025 18:33:41 [LifecycleNotifier] - Could not invoke listener method
org.openqa.selenium.NoSuchSessionException: Session ID is null. Using WebDriver after calling quit()?
Build info: version: '4.12.1', revision: '8e34639b11'
System info: os.name: 'Windows 11', os.arch: 'amd64', os.version: '10.0', java.version: '17.0.12'
Driver info: org.openqa.selenium.chrome.ChromeDriver
Command: [null, screenshot {}]
Capabilities {acceptInsecureCerts: false, browserName: chrome, browserVersion: 135.0.7049.96, chrome: {chromedriverVersion: 135.0.7049.97 (b41307079c9b..., userDataDir: C:\Users\rithi\AppData\Loca...}, fedcm:accounts: true, goog:chromeOptions: {debuggerAddress: localhost:62652}, networkConnectionEnabled: false, pageLoadStrategy: normal, platformName: windows, proxy: Proxy(), se:cdp: ws://localhost:62652/devtoo..., se:cdpVersion: 135.0.7049.96, setWindowRect: true, strictFileInteractability: false, timeouts: {implicit: 0, pageLoad: 300000, script: 30000}, unhandledPromptBehavior: dismiss and notify, webauthn:extension:credBlob: true, webauthn:extension:largeBlob: true, webauthn:extension:minPinLength: true, webauthn:extension:prf: true, webauthn:virtualAuthenticators: true}
	at org.openqa.selenium.remote.HttpCommandExecutor.execute(HttpCommandExecutor.java:152) ~[selenium-remote-driver-4.12.1.jar:?]
	at org.openqa.selenium.remote.service.DriverCommandExecutor.invokeExecute(DriverCommandExecutor.java:196) ~[selenium-remote-driver-4.12.1.jar:?]
	at org.openqa.selenium.remote.service.DriverCommandExecutor.execute(DriverCommandExecutor.java:171) ~[selenium-remote-driver-4.12.1.jar:?]
	at org.openqa.selenium.remote.RemoteWebDriver.execute(RemoteWebDriver.java:602) ~[selenium-remote-driver-4.12.1.jar:?]
	at org.openqa.selenium.remote.RemoteWebDriver.execute(RemoteWebDriver.java:675) ~[selenium-remote-driver-4.12.1.jar:?]
	at org.openqa.selenium.remote.RemoteWebDriver.execute(RemoteWebDriver.java:679) ~[selenium-remote-driver-4.12.1.jar:?]
	at org.openqa.selenium.remote.RemoteWebDriver.getScreenshotAs(RemoteWebDriver.java:325) ~[selenium-remote-driver-4.12.1.jar:?]
	at java.base/jdk.internal.reflect.NativeMethodAccessorImpl.invoke0(Native Method) ~[?:?]
	at java.base/jdk.internal.reflect.NativeMethodAccessorImpl.invoke(NativeMethodAccessorImpl.java:77) ~[?:?]
	at java.base/jdk.internal.reflect.DelegatingMethodAccessorImpl.invoke(DelegatingMethodAccessorImpl.java:43) ~[?:?]
	at java.base/java.lang.reflect.Method.invoke(Method.java:568) ~[?:?]
	at org.openqa.selenium.support.ThreadGuard$WebDriverInvocationHandler.invokeUnderlying(ThreadGuard.java:99) ~[selenium-support-4.12.1.jar:?]
	at org.openqa.selenium.support.ThreadGuard$WebDriverInvocationHandler.invoke(ThreadGuard.java:91) ~[selenium-support-4.12.1.jar:?]
	at jdk.proxy2/jdk.proxy2.$Proxy57.getScreenshotAs(Unknown Source) ~[?:?]
	at com.thinktimetechno.listeners.AllureListener.beforeTestStop(AllureListener.java:43) ~[test-classes/:?]
	at io.qameta.allure.listener.LifecycleNotifier.lambda$runSafely$0(LifecycleNotifier.java:211) ~[allure-java-commons-2.24.0.jar:2.24.0]
	at java.base/java.util.ArrayList.forEach(ArrayList.java:1511) ~[?:?]
	at io.qameta.allure.listener.LifecycleNotifier.runSafely(LifecycleNotifier.java:209) ~[allure-java-commons-2.24.0.jar:2.24.0]
	at io.qameta.allure.listener.LifecycleNotifier.beforeTestStop(LifecycleNotifier.java:88) ~[allure-java-commons-2.24.0.jar:2.24.0]
	at io.qameta.allure.AllureLifecycle.stopTestCase(AllureLifecycle.java:420) ~[allure-java-commons-2.24.0.jar:2.24.0]
	at io.qameta.allure.cucumber7jvm.AllureCucumber7Jvm.handleTestCaseFinished(AllureCucumber7Jvm.java:204) ~[allure-cucumber7-jvm-2.24.0.jar:2.24.0]
	at io.cucumber.core.eventbus.AbstractEventPublisher.send(AbstractEventPublisher.java:51) ~[cucumber-core-7.13.0.jar:7.13.0]
	at io.cucumber.core.eventbus.AbstractEventBus.send(AbstractEventBus.java:12) ~[cucumber-core-7.13.0.jar:7.13.0]
	at io.cucumber.core.runtime.SynchronizedEventBus.send(SynchronizedEventBus.java:47) ~[cucumber-core-7.13.0.jar:7.13.0]
	at io.cucumber.core.runtime.ThreadLocalRunnerSupplier$LocalEventBus.send(ThreadLocalRunnerSupplier.java:62) ~[cucumber-core-7.13.0.jar:7.13.0]
	at io.cucumber.core.runner.TestCase.emitTestCaseFinished(TestCase.java:219) ~[cucumber-core-7.13.0.jar:7.13.0]
	at io.cucumber.core.runner.TestCase.run(TestCase.java:98) ~[cucumber-core-7.13.0.jar:7.13.0]
	at io.cucumber.core.runner.Runner.runPickle(Runner.java:75) ~[cucumber-core-7.13.0.jar:7.13.0]
	at io.cucumber.testng.TestNGCucumberRunner.lambda$runScenario$1(TestNGCucumberRunner.java:132) ~[cucumber-testng-7.13.0.jar:7.13.0]
	at io.cucumber.core.runtime.CucumberExecutionContext.lambda$runTestCase$5(CucumberExecutionContext.java:137) ~[cucumber-core-7.13.0.jar:7.13.0]
	at io.cucumber.core.runtime.RethrowingThrowableCollector.executeAndThrow(RethrowingThrowableCollector.java:23) ~[cucumber-core-7.13.0.jar:7.13.0]
	at io.cucumber.core.runtime.CucumberExecutionContext.runTestCase(CucumberExecutionContext.java:137) ~[cucumber-core-7.13.0.jar:7.13.0]
	at io.cucumber.testng.TestNGCucumberRunner.runScenario(TestNGCucumberRunner.java:129) ~[cucumber-testng-7.13.0.jar:7.13.0]
	at io.cucumber.testng.AbstractTestNGCucumberTests.runScenario(AbstractTestNGCucumberTests.java:35) ~[cucumber-testng-7.13.0.jar:7.13.0]
	at jdk.internal.reflect.GeneratedMethodAccessor149.invoke(Unknown Source) ~[?:?]
	at java.base/jdk.internal.reflect.DelegatingMethodAccessorImpl.invoke(DelegatingMethodAccessorImpl.java:43) ~[?:?]
	at java.base/java.lang.reflect.Method.invoke(Method.java:568) ~[?:?]
	at org.testng.internal.invokers.MethodInvocationHelper.invokeMethod(MethodInvocationHelper.java:139) ~[testng-7.8.0.jar:7.8.0]
	at org.testng.internal.invokers.TestInvoker.invokeMethod(TestInvoker.java:664) ~[testng-7.8.0.jar:7.8.0]
	at org.testng.internal.invokers.TestInvoker.invokeTestMethod(TestInvoker.java:227) ~[testng-7.8.0.jar:7.8.0]
	at org.testng.internal.invokers.MethodRunner.runInSequence(MethodRunner.java:50) ~[testng-7.8.0.jar:7.8.0]
	at org.testng.internal.invokers.TestInvoker$MethodInvocationAgent.invoke(TestInvoker.java:957) ~[testng-7.8.0.jar:7.8.0]
	at org.testng.internal.invokers.TestInvoker.invokeTestMethods(TestInvoker.java:200) ~[testng-7.8.0.jar:7.8.0]
	at org.testng.internal.invokers.TestMethodWorker.invokeTestMethods(TestMethodWorker.java:148) ~[testng-7.8.0.jar:7.8.0]
	at org.testng.internal.invokers.TestMethodWorker.run(TestMethodWorker.java:128) ~[testng-7.8.0.jar:7.8.0]
	at java.base/java.util.ArrayList.forEach(ArrayList.java:1511) [?:?]
	at org.testng.TestRunner.privateRun(TestRunner.java:848) [testng-7.8.0.jar:7.8.0]
	at org.testng.TestRunner.run(TestRunner.java:621) [testng-7.8.0.jar:7.8.0]
	at org.testng.SuiteRunner.runTest(SuiteRunner.java:443) [testng-7.8.0.jar:7.8.0]
	at org.testng.SuiteRunner.runSequentially(SuiteRunner.java:437) [testng-7.8.0.jar:7.8.0]
	at org.testng.SuiteRunner.privateRun(SuiteRunner.java:397) [testng-7.8.0.jar:7.8.0]
	at org.testng.SuiteRunner.run(SuiteRunner.java:336) [testng-7.8.0.jar:7.8.0]
	at org.testng.SuiteRunnerWorker.runSuite(SuiteRunnerWorker.java:52) [testng-7.8.0.jar:7.8.0]
	at org.testng.SuiteRunnerWorker.run(SuiteRunnerWorker.java:95) [testng-7.8.0.jar:7.8.0]
	at org.testng.TestNG.runSuitesSequentially(TestNG.java:1280) [testng-7.8.0.jar:7.8.0]
	at org.testng.TestNG.runSuitesLocally(TestNG.java:1200) [testng-7.8.0.jar:7.8.0]
	at org.testng.TestNG.runSuites(TestNG.java:1114) [testng-7.8.0.jar:7.8.0]
	at org.testng.TestNG.run(TestNG.java:1082) [testng-7.8.0.jar:7.8.0]
	at org.apache.maven.surefire.testng.TestNGExecutor.run(TestNGExecutor.java:308) [surefire-testng-3.1.2.jar:3.1.2]
	at org.apache.maven.surefire.testng.TestNGXmlTestSuite.execute(TestNGXmlTestSuite.java:71) [surefire-testng-3.1.2.jar:3.1.2]
	at org.apache.maven.surefire.testng.TestNGProvider.invoke(TestNGProvider.java:113) [surefire-testng-3.1.2.jar:3.1.2]
	at org.apache.maven.surefire.booter.ForkedBooter.runSuitesInProcess(ForkedBooter.java:385) [surefire-booter-3.1.2.jar:3.1.2]
	at org.apache.maven.surefire.booter.ForkedBooter.execute(ForkedBooter.java:162) [surefire-booter-3.1.2.jar:3.1.2]
	at org.apache.maven.surefire.booter.ForkedBooter.run(ForkedBooter.java:507) [surefire-booter-3.1.2.jar:3.1.2]
	at org.apache.maven.surefire.booter.ForkedBooter.main(ForkedBooter.java:495) [surefire-booter-3.1.2.jar:3.1.2]
]]></system-out>
    <system-err><![CDATA[Apr 23, 2025 6:32:27 PM org.openqa.selenium.devtools.CdpVersionFinder findNearestMatch
WARNING: Unable to find CDP implementation matching 135
Apr 23, 2025 6:32:27 PM org.openqa.selenium.chromium.ChromiumDriver lambda$new$5
WARNING: Unable to find version of CDP to use for 135.0.7049.96. You may need to include a dependency on a specific version of the CDP using something similar to `org.seleniumhq.selenium:selenium-devtools-v86:4.12.1` where the version ("v86") matches the version of the chromium-based browser you're using and the version number of the artifact is the same as Selenium's.
]]></system-err>
  </testcase>
  <testcase name="runScenario[&quot;SU_TC19_Certificate_download&quot;, &quot;SU_TC19_Certificate_download&quot;](33)" classname="com.thinktimetechno.runners.FullTest.FullTestRunner" time="89.765">
    <failure message="Element not exist. By.xpath: //h2[contains(text(),&apos;Do you need a Blended Hands-on Training?&apos;)]" type="java.lang.AssertionError"><![CDATA[java.lang.AssertionError: Element not exist. By.xpath: //h2[contains(text(),'Do you need a Blended Hands-on Training?')]
	at org.testng.Assert.fail(Assert.java:111)
	at com.thinktimetechno.keywords.WebUI.waitForElementPresent(WebUI.java:2509)
	at com.thinktimetechno.keywords.WebUI.waitForElementVisible(WebUI.java:2417)
	at com.thinktimetechno.projects.website.pages.BillingPage.verify_handsonkit_PageDisplays(BillingPage.java:58)
	at com.thinktimetechno.projects.website.stepdefinitions.SingleUser.Single_User_StepDefinitions.user_lands_on_handson_kirpage(Single_User_StepDefinitions.java:398)
	at ✽.User lands on the Hands-on Kit Page(file:///D:/Workspace/AHCA/src/test/resources/features/SingleUser/SU_TC_19%20Certificate%20Download.feature:66)
]]></failure>
    <system-out><![CDATA[
@SingleUser @fulltest @SU_TC19_Certificate_download
Scenario: SU_TC19_Certificate_download                                                                    # src/test/resources/features/SingleUser/SU_TC_19 Certificate Download.feature:5
[INFO] 23-04-2025 18:33:42 [LogUtils] - Driver in TestContext: ChromeDriver: chrome on windows (449233a95acf1b2081d968309f727f96)
[INFO] 23-04-2025 18:33:49 [LogUtils] - Open URL: https://staging2-cpraedcourse.gitview.net/register
  Given User navigate to "https://staging2-cpraedcourse.gitview.net/register" for SingleUser registration # com.thinktimetechno.projects.website.stepdefinitions.SingleUser.Single_User_StepDefinitions.user_navigate_to_for_single_user_registration(java.lang.String)
[INFO] 23-04-2025 18:33:49 [LogUtils] - Verify element visible By.xpath: //input[@id='first_name']
[INFO] 23-04-2025 18:33:50 [LogUtils] - Set text John1 on By.xpath: //input[@id='first_name']
[INFO] 23-04-2025 18:33:50 [LogUtils] - Verify element visible By.xpath: //input[@id='last_name']
[INFO] 23-04-2025 18:33:50 [LogUtils] - Set text Doe1 on By.xpath: //input[@id='last_name']
[INFO] 23-04-2025 18:33:50 [LogUtils] - Verify element visible By.xpath: //input[@id='phone_number']
[INFO] 23-04-2025 18:33:50 [LogUtils] - Clicked on the element By.xpath: //input[@id='phone_number']
[INFO] 23-04-2025 18:33:51 [LogUtils] - Verify element visible By.xpath: //input[@id='phone_number']
[INFO] 23-04-2025 18:33:51 [LogUtils] - Set text 98765432109 on By.xpath: //input[@id='phone_number']
[INFO] 23-04-2025 18:33:51 [LogUtils] - Verify element visible By.xpath: //input[@id='email_address']
[INFO] 23-04-2025 18:33:51 [LogUtils] - Set text john.doe20250423183349@example.com on By.xpath: //input[@id='email_address']
[INFO] 23-04-2025 18:33:51 [LogUtils] - Verify element visible By.xpath: //input[@id='username']
[INFO] 23-04-2025 18:33:51 [LogUtils] - Set text johndoe20250423183349 on By.xpath: //input[@id='username']
[INFO] 23-04-2025 18:33:51 [LogUtils] - Verify element visible By.xpath: //input[@id='password']
[INFO] 23-04-2025 18:33:52 [LogUtils] - Set text Secure@123 on By.xpath: //input[@id='password']
[INFO] 23-04-2025 18:33:52 [LogUtils] - Verify element visible By.xpath: //input[@id='confirm_password']
[INFO] 23-04-2025 18:33:52 [LogUtils] - Set text Secure@123 on By.xpath: //input[@id='confirm_password']
  When User enters the following valid registration details:                                              # com.thinktimetechno.projects.website.stepdefinitions.SingleUser.Single_User_StepDefinitions.user_enters_the_following_valid_registration_details(io.cucumber.datatable.DataTable)
    | Field            | Value                |
    | First Name       | John1                |
    | Last Name        | Doe1                 |
    | Phone Number     | 98765432109          |
    | Email Address    | john.doe@example.com |
    | Username         | johndoe              |
    | Password         | Secure@123           |
    | Confirm Password | Secure@123           |
[INFO] 23-04-2025 18:33:52 [LogUtils] - Verify element visible By.xpath: //input[@id='opt_in_button']
[INFO] 23-04-2025 18:33:52 [LogUtils] - Clicked on the element By.xpath: //input[@id='opt_in_button']
  And User agrees to the Terms and Privacy Policy                                                         # com.thinktimetechno.projects.website.stepdefinitions.SingleUser.Single_User_StepDefinitions.user_agrees_to_the_terms_and_privacy_policy()
[INFO] 23-04-2025 18:34:05 [LogUtils] - Click on element with JS: By.id: register-button
  And User clicks on the Register Now button                                                              # com.thinktimetechno.projects.website.stepdefinitions.SingleUser.Single_User_StepDefinitions.user_clicks_on_the_register_now_button()
[INFO] 23-04-2025 18:34:05 [LogUtils] - Verify element visible By.xpath: (//h3[contains(text(),'Are you a Healthcare Provider? ')])[1]
[INFO] 23-04-2025 18:34:05 [LogUtils] - Verify element visible By.xpath: (//h3[contains(text(),'Are you a Healthcare Provider? ')])[1]
  Then User is on the Are you a Healthcare Provider? page                                                 # com.thinktimetechno.projects.website.stepdefinitions.SingleUser.Single_User_StepDefinitions.user_is_on_the_page()
[INFO] 23-04-2025 18:34:05 [LogUtils] - Click on element with JS: By.xpath: //div/a[contains(text(),'Yes, I am a healthcare provider')]
  When User selects "Yes, I am a healthcare provider"                                                     # com.thinktimetechno.projects.website.stepdefinitions.SingleUser.Single_User_StepDefinitions.user_selects(java.lang.String)
[INFO] 23-04-2025 18:34:05 [LogUtils] - Verify element visible By.xpath: (//h3[contains(text(),'Please choose your profession')])[2]
  Then User should be navigated to the Please choose your profession page                                 # com.thinktimetechno.projects.website.stepdefinitions.SingleUser.Single_User_StepDefinitions.user_should_be_navigated_to_the_profession_page()
[INFO] 23-04-2025 18:34:05 [LogUtils] - Verify element visible By.xpath: (//a[contains(text(),'Doctor / Physicians')])[1]
[INFO] 23-04-2025 18:34:06 [LogUtils] - Clicked on the element By.xpath: (//a[contains(text(),'Doctor / Physicians')])[1]
  When User selects the profession as "Doctor / Physicians"                                               # com.thinktimetechno.projects.website.stepdefinitions.SingleUser.Single_User_StepDefinitions.user_selects_the_profession_as(java.lang.String)
[INFO] 23-04-2025 18:34:06 [LogUtils] - Verify element visible By.xpath: (//h3[contains(text(),'Please Select The Course Below For ')])[1]
  Then User should be navigated to the Course Selection page                                              # com.thinktimetechno.projects.website.stepdefinitions.SingleUser.Single_User_StepDefinitions.user_should_be_navigated_to_the_course_page()
[INFO] 23-04-2025 18:34:06 [LogUtils] - Verify element visible By.xpath: (//a[contains(text(),'Combo Healthcare Provider BLS')])[1]
[INFO] 23-04-2025 18:34:06 [LogUtils] - Clicked on the element By.xpath: (//a[contains(text(),'Combo Healthcare Provider BLS')])[1]
  When User selects the course as "Combo Healthcare Provider BLS"                                         # com.thinktimetechno.projects.website.stepdefinitions.SingleUser.Single_User_StepDefinitions.user_selects_the_course_as(java.lang.String)
[INFO] 23-04-2025 18:34:21 [LogUtils] - Get Page Title: CPR - Introduction - American Health Care Academy
  Then User lands on the Course Page                                                                      # com.thinktimetechno.projects.website.stepdefinitions.SingleUser.Single_User_StepDefinitions.user_lands_on_the()
[INFO] 23-04-2025 18:34:21 [LogUtils] - Verify element visible By.xpath: //div[@class='left-take-quiz ']/a[contains(text(),'Take Quiz')]
[INFO] 23-04-2025 18:34:24 [LogUtils] - Clicked on the element By.xpath: //div[@class='left-take-quiz ']/a[contains(text(),'Take Quiz')]
  When User taps on the Take Quiz button                                                                  # com.thinktimetechno.projects.website.stepdefinitions.SingleUser.Single_User_StepDefinitions.user_taps_on_the_button()
[INFO] 23-04-2025 18:34:24 [LogUtils] - Get Page Title: Hc Fa | Quiz - American Health Care Academy
  Then User lands on the Quiz Page                                                                        # com.thinktimetechno.projects.website.stepdefinitions.SingleUser.Single_User_StepDefinitions.user_lands_on_the_()
[INFO] 23-04-2025 18:34:24 [LogUtils] - Click on element with JS: By.xpath: //input[@class='input-radio-answer' and following-sibling::label[contains(text(), 'Both B and C')]]
[INFO] 23-04-2025 18:34:25 [LogUtils] - Click on element with JS: By.xpath: //input[@class='input-radio-answer' and following-sibling::label[contains(text(), 'Your safety')]]
[INFO] 23-04-2025 18:34:25 [LogUtils] - Click on element with JS: By.xpath: //input[@class='input-radio-answer' and following-sibling::label[contains(text(), 'At least 100 to 120 compressions per minute')]]
[INFO] 23-04-2025 18:34:25 [LogUtils] - Click on element with JS: By.xpath: //input[@class='input-radio-answer' and following-sibling::label[contains(text(), 'Place one hand on top of the other, interlacing the fingers')]]
[INFO] 23-04-2025 18:34:25 [LogUtils] - Click on element with JS: By.xpath: //input[@id='next_btn']
[INFO] 23-04-2025 18:34:25 [LogUtils] - Click on element with JS: By.xpath: //input[@class='input-radio-answer' and following-sibling::label[contains(text(), '2 inches, but no more than 2.4')]]
[INFO] 23-04-2025 18:34:25 [LogUtils] - Click on element with JS: By.xpath: //input[@class='input-radio-answer' and following-sibling::label[contains(text(), 'Tilt the head back and lift the chin')]]
[INFO] 23-04-2025 18:34:25 [LogUtils] - Click on element with JS: By.xpath: //input[@class='input-radio-answer' and following-sibling::label[contains(text(), '1.5, 100 to 120')]]
[INFO] 23-04-2025 18:34:25 [LogUtils] - Click on element with JS: By.xpath: //input[@class='input-radio-answer' and following-sibling::label[contains(text(), '2 fingers')]]
[INFO] 23-04-2025 18:34:26 [LogUtils] - Click on element with JS: By.xpath: //input[@id='next_btn']
[INFO] 23-04-2025 18:34:26 [LogUtils] - Click on element with JS: By.xpath: //input[@class='input-radio-answer' and following-sibling::label[contains(text(), 'All of the above')]]
[INFO] 23-04-2025 18:34:26 [LogUtils] - Click on element with JS: By.xpath: //input[@class='input-radio-answer' and following-sibling::label[contains(text(), 'Thrusts into the abdomen')]]
[INFO] 23-04-2025 18:34:26 [LogUtils] - Click on element with JS: By.xpath: //input[@class='input-radio-answer' and following-sibling::label[contains(text(), 'Tell the person to stop, drop and roll')]]
[INFO] 23-04-2025 18:34:26 [LogUtils] - Click on element with JS: By.xpath: //input[@class='input-radio-answer' and following-sibling::label[contains(text(), 'Heart attack')]]
[INFO] 23-04-2025 18:34:26 [LogUtils] - Click on element with JS: By.xpath: //input[@id='next_btn']
[INFO] 23-04-2025 18:34:26 [LogUtils] - Click on element with JS: By.xpath: //input[@class='input-radio-answer' and following-sibling::label[contains(text(), 'Asthma')]]
[INFO] 23-04-2025 18:34:27 [LogUtils] - Click on element with JS: By.xpath: //input[@class='input-radio-answer' and following-sibling::label[contains(text(), 'Open wounds and closed wounds')]]
[INFO] 23-04-2025 18:34:27 [LogUtils] - Click on element with JS: By.xpath: //input[@class='input-radio-answer' and following-sibling::label[contains(text(), 'Allergy emergency')]]
[INFO] 23-04-2025 18:34:27 [LogUtils] - Click on element with JS: By.xpath: //input[@class='input-radio-answer' and following-sibling::label[contains(text(), 'When something a person is allergic to enters the body')]]
[INFO] 23-04-2025 18:34:27 [LogUtils] - Click on element with JS: By.xpath: //input[@id='next_btn']
[INFO] 23-04-2025 18:34:27 [LogUtils] - Click on element with JS: By.xpath: //input[@class='input-radio-answer' and following-sibling::label[contains(text(), 'Remove nearby objects that may hurt the person')]]
[INFO] 23-04-2025 18:34:27 [LogUtils] - Click on element with JS: By.xpath: //input[@class='input-radio-answer' and following-sibling::label[contains(text(), 'Squeeze the sac')]]
[INFO] 23-04-2025 18:34:27 [LogUtils] - Click on element with JS: By.xpath: //input[@class='input-radio-answer' and following-sibling::label[contains(text(), 'Follow RICE: rest, immobilize, cold and elevate')]]
[INFO] 23-04-2025 18:34:27 [LogUtils] - Click on element with JS: By.xpath: //input[@class='input-radio-answer' and following-sibling::label[contains(text(), 'Talking or laughing while eating')]]
  When User attends all the 20 questions                                                                  # com.thinktimetechno.projects.website.stepdefinitions.SingleUser.Single_User_StepDefinitions.user_attends_all_the_questions(java.lang.Integer)
[INFO] 23-04-2025 18:34:31 [LogUtils] - Click on element with JS: By.xpath: //input[@id='submit_btn']
  And User taps on the Submit Quiz button                                                                 # com.thinktimetechno.projects.website.stepdefinitions.SingleUser.Single_User_StepDefinitions.user_taps_on()
[INFO] 23-04-2025 18:34:31 [LogUtils] - Verify element visible By.xpath: (//h2[contains(text(),'CONGRATULATIONS!')])[1]
  Then User lands on the Quiz Success Page                                                                # com.thinktimetechno.projects.website.stepdefinitions.SingleUser.Single_User_StepDefinitions.user_quiz_lands_on_the_()
[INFO] 23-04-2025 18:34:35 [LogUtils] - Click on element with JS: By.xpath: //div[contains(text(),'Continue To Download Card')]
  When User taps on Continue to Download Card                                                             # com.thinktimetechno.projects.website.stepdefinitions.SingleUser.Single_User_StepDefinitions.user_taps_on_download_card()
[INFO] 23-04-2025 18:34:35 [LogUtils] - Verify element visible By.xpath: (//h3[contains(text(),'Payment Information')])[1]
  Then User lands on the Payment Page                                                                     # com.thinktimetechno.projects.website.stepdefinitions.SingleUser.Single_User_StepDefinitions.user_land_on_payement_page()
[INFO] 23-04-2025 18:34:36 [LogUtils] - Verify element visible By.xpath: //input[@id='nameoncard']
[INFO] 23-04-2025 18:34:36 [LogUtils] - Set text John Doe on By.xpath: //input[@id='nameoncard']
[INFO] 23-04-2025 18:34:36 [LogUtils] - Verify element visible By.xpath: //input[@id='creditcardnumber']
[INFO] 23-04-2025 18:34:36 [LogUtils] - Set text 4242424242424242 on By.xpath: //input[@id='creditcardnumber']
[INFO] 23-04-2025 18:34:36 [LogUtils] - Verify element visible By.xpath: //input[@id='expirationmonth']
[INFO] 23-04-2025 18:34:36 [LogUtils] - Set text 12 on By.xpath: //input[@id='expirationmonth']
[INFO] 23-04-2025 18:34:36 [LogUtils] - Verify element visible By.xpath: //input[@id='expirationyear']
[INFO] 23-04-2025 18:34:37 [LogUtils] - Set text 27 on By.xpath: //input[@id='expirationyear']
[INFO] 23-04-2025 18:34:37 [LogUtils] - Verify element visible By.xpath: //input[@id='cvvcode']
[INFO] 23-04-2025 18:34:37 [LogUtils] - Set text 123 on By.xpath: //input[@id='cvvcode']
  When User enters the following payment card details:                                                    # com.thinktimetechno.projects.website.stepdefinitions.SingleUser.Single_User_StepDefinitions.user_enters_the_following_payment_card_details(io.cucumber.datatable.DataTable)
    | Field            | Value            |
    | Full Name        | John Doe         |
    | Card Number      | 4242424242424242 |
    | Expiration Month | 12               |
    | Expiration Year  | 27               |
    | CVV              | 123              |
[INFO] 23-04-2025 18:34:37 [LogUtils] - Click on element with JS: By.xpath: (//button[contains(text(),'NEXT')])[1]
  And User taps on Next button                                                                            # com.thinktimetechno.projects.website.stepdefinitions.SingleUser.Single_User_StepDefinitions.user_taps_on_next_button()
[INFO] 23-04-2025 18:34:38 [LogUtils] - Scroll to element By.xpath: //span[contains(text(),'Billing Information')]
  Then User lands on the Billing and Shipping Address Page                                                # com.thinktimetechno.projects.website.stepdefinitions.SingleUser.Single_User_StepDefinitions.user_lands_on_the_billing_and_shipping_address_page()
[INFO] 23-04-2025 18:34:40 [LogUtils] - Verify element visible By.xpath: //input[@id='firstname']
[INFO] 23-04-2025 18:34:40 [LogUtils] - Set text John on By.xpath: //input[@id='firstname']
[INFO] 23-04-2025 18:34:40 [LogUtils] - Verify element visible By.xpath: //input[@id='lastname']
[INFO] 23-04-2025 18:34:40 [LogUtils] - Set text Doe on By.xpath: //input[@id='lastname']
[INFO] 23-04-2025 18:34:40 [LogUtils] - Verify element visible By.xpath: //input[@id='address']
[INFO] 23-04-2025 18:34:40 [LogUtils] - Set text 123 Main Street on By.xpath: //input[@id='address']
[INFO] 23-04-2025 18:34:40 [LogUtils] - Verify element visible By.xpath: //input[@id='city']
[INFO] 23-04-2025 18:34:41 [LogUtils] - Set text New York on By.xpath: //input[@id='city']
[INFO] 23-04-2025 18:34:41 [LogUtils] - Verify element visible By.xpath: //select[@id='state']
[INFO] 23-04-2025 18:34:41 [LogUtils] - Set text NY on By.xpath: //select[@id='state']
[INFO] 23-04-2025 18:34:41 [LogUtils] - Verify element visible By.xpath: //input[@id='zipcode']
[INFO] 23-04-2025 18:34:41 [LogUtils] - Set text 10001 on By.xpath: //input[@id='zipcode']
[INFO] 23-04-2025 18:34:41 [LogUtils] - Verify element visible By.xpath: //select[@id='country']
[INFO] 23-04-2025 18:34:41 [LogUtils] - Set text USA on By.xpath: //select[@id='country']
  When User enters the following shipping and billing details:                                            # com.thinktimetechno.projects.website.stepdefinitions.SingleUser.Single_User_StepDefinitions.user_enters_the_following_shipping_and_billing_details(io.cucumber.datatable.DataTable)
    | Field          | Value           |
    | First Name     | John            |
    | Last Name      | Doe             |
    | Address Line 1 | 123 Main Street |
    | City           | New York        |
    | State          | NY              |
    | Zip Code       | 10001           |
    | Country        | USA             |
[INFO] 23-04-2025 18:34:41 [LogUtils] - Click on element with JS: By.xpath: //input[@id='sameasbilling']
  And User taps on the Same as Billing Address radio button                                               # com.thinktimetechno.projects.website.stepdefinitions.SingleUser.Single_User_StepDefinitions.user_taps_on_the_same_as_billing_address_radio_button()
[INFO] 23-04-2025 18:34:41 [LogUtils] - Verify element visible By.xpath: //input[@id='coupon']
[INFO] 23-04-2025 18:34:41 [LogUtils] - Set text AUTO10 on By.xpath: //input[@id='coupon']
[INFO] 23-04-2025 18:34:41 [LogUtils] - Click on element with JS: By.xpath: //input[@id='applycoupon']
  And User enters the Coupon Code "AUTO10"                                                                # com.thinktimetechno.projects.website.stepdefinitions.SingleUser.Single_User_StepDefinitions.user_enters_on_couponcode(java.lang.String)
[INFO] 23-04-2025 18:34:42 [LogUtils] - Verify element visible By.xpath: //span[contains(text(),'10% off applied')]
  Then User should see the coupon applied message as "10% off applied"                                    # com.thinktimetechno.projects.website.stepdefinitions.SingleUser.Single_User_StepDefinitions.user_lands_on_the_coupon(java.lang.String)
[INFO] 23-04-2025 18:34:47 [LogUtils] - Click on element with JS: By.xpath: //input[@id='payment_submit_button']
  When User taps on the Submit Payment button                                                             # com.thinktimetechno.projects.website.stepdefinitions.SingleUser.Single_User_StepDefinitions.user_taps_on_submit_payment_button()
[INFO] 23-04-2025 18:34:48 [LogUtils] - Get Page Title: Lifetime | Register - American Health Care Academy
  Then User lands on the Continuous Education Credits and Course Renewal Page                             # com.thinktimetechno.projects.website.stepdefinitions.SingleUser.Single_User_StepDefinitions.user_lands_on_the_continuous_education_credits_and_course_renewal_page()
[INFO] 23-04-2025 18:34:48 [LogUtils] - Click on element with JS: By.xpath: //a[@id='lifetimeAccept']
  When User taps on I Accept                                                                              # com.thinktimetechno.projects.website.stepdefinitions.SingleUser.Single_User_StepDefinitions.user_taps_on_the_I_accept()
[ERROR] 23-04-2025 18:35:08 [LogUtils] - Element not exist. By.xpath: //h2[contains(text(),'Do you need a Blended Hands-on Training?')]
  Then User lands on the Hands-on Kit Page                                                                # com.thinktimetechno.projects.website.stepdefinitions.SingleUser.Single_User_StepDefinitions.user_lands_on_handson_kirpage()
      java.lang.AssertionError: Element not exist. By.xpath: //h2[contains(text(),'Do you need a Blended Hands-on Training?')]
	at org.testng.Assert.fail(Assert.java:111)
	at com.thinktimetechno.keywords.WebUI.waitForElementPresent(WebUI.java:2509)
	at com.thinktimetechno.keywords.WebUI.waitForElementVisible(WebUI.java:2417)
	at com.thinktimetechno.projects.website.pages.BillingPage.verify_handsonkit_PageDisplays(BillingPage.java:58)
	at com.thinktimetechno.projects.website.stepdefinitions.SingleUser.Single_User_StepDefinitions.user_lands_on_handson_kirpage(Single_User_StepDefinitions.java:398)
	at ✽.User lands on the Hands-on Kit Page(file:///D:/Workspace/AHCA/src/test/resources/features/SingleUser/SU_TC_19%20Certificate%20Download.feature:66)


    Embedding Screenshot Failed [image/png 199106 bytes]

  When User taps on the I Accept button                                                                   # com.thinktimetechno.projects.website.stepdefinitions.SingleUser.Single_User_StepDefinitions.user_taps_on_the_I_accept_button()
  Then User lands on the Congratulations Page                                                             # com.thinktimetechno.projects.website.stepdefinitions.SingleUser.Single_User_StepDefinitions.user_land_on_congratulation_page()
  When User taps on the Continue button                                                                   # com.thinktimetechno.projects.website.stepdefinitions.SingleUser.Single_User_StepDefinitions.user_taps_on_the_continue_button()
  Then User lands on Purchased courses list Page                                                          # com.thinktimetechno.projects.website.stepdefinitions.SingleUser.Single_User_StepDefinitions.user_lands_on_the_purchasecourse_page()
  When User taps on the Store tab                                                                         # com.thinktimetechno.projects.website.stepdefinitions.SingleUser.Single_User_StepDefinitions.user_taps_on_the_store_button()
  Then User lands on Store list Page                                                                      # com.thinktimetechno.projects.website.stepdefinitions.SingleUser.Single_User_StepDefinitions.user_lands_on_the_store_page()
  When User Selects the Course as "Healthcare Provider CPR and First Aid Combo"                           # com.thinktimetechno.projects.website.stepdefinitions.SingleUser.Single_User_StepDefinitions.user_selects_the_course(java.lang.String)
  And User enters the quantity as "2"                                                                     # com.thinktimetechno.projects.website.stepdefinitions.SingleUser.Single_User_StepDefinitions.user_enters_the_quantity(java.lang.String)
  And User tap on Add to Card button                                                                      # com.thinktimetechno.projects.website.stepdefinitions.SingleUser.Single_User_StepDefinitions.user_tap_on_add_to_cart_button()
  And User tap on Proceed to Checkout button                                                              # com.thinktimetechno.projects.website.stepdefinitions.SingleUser.Single_User_StepDefinitions.user_tap_on_proceed_to_checkout_button()
  Then User lands on Cart Information Page                                                                # com.thinktimetechno.projects.website.stepdefinitions.SingleUser.Single_User_StepDefinitions.user_lands_on_cart_information_page()
  When User enter the Invalid Coupon as "AUTO10"                                                          # com.thinktimetechno.projects.website.stepdefinitions.SingleUser.Single_User_StepDefinitions.user_enter_the_invalid_coupon_as(java.lang.String)
  And User tap on the Proceed to Checkout button                                                          # com.thinktimetechno.projects.website.stepdefinitions.SingleUser.Single_User_StepDefinitions.user_tap_on_proceed_to_thecheckout_button()
  Then User should able to see the message as "Invalid coupon, make sure it is correct."                  # com.thinktimetechno.projects.website.stepdefinitions.SingleUser.Single_User_StepDefinitions.user_should_able_to_see_the_message_as(java.lang.String)
  And User tap on the Proceed to Checkout button                                                          # com.thinktimetechno.projects.website.stepdefinitions.SingleUser.Single_User_StepDefinitions.user_tap_on_proceed_to_thecheckout_button()
  And User lands on Checkout Page                                                                         # com.thinktimetechno.projects.website.stepdefinitions.SingleUser.Single_User_StepDefinitions.user_lands_on_checkout_page()
  When User enters the card details:                                                                      # com.thinktimetechno.projects.website.stepdefinitions.SingleUser.Single_User_StepDefinitions.user_enters_the_card_details(io.cucumber.datatable.DataTable)
    | Field           | Value            |
    | Card Number     | 4242424242424242 |
    | Expiration Date | 12  27           |
    | CVV             | 123              |
  And User selects the Country name as "Afghanistan"                                                      # com.thinktimetechno.projects.website.stepdefinitions.SingleUser.Single_User_StepDefinitions.user_selects_the_country_name_as(java.lang.String)
  And User tap on Pay Now button                                                                          # com.thinktimetechno.projects.website.stepdefinitions.SingleUser.Single_User_StepDefinitions.user_tap_on_pay_now_button()
  Then User lands on the Thank You Page                                                                   # com.thinktimetechno.projects.website.stepdefinitions.SingleUser.Single_User_StepDefinitions.user_lands_on_the_thank_you_page()
[ERROR] 23-04-2025 18:35:10 [LifecycleNotifier] - Could not invoke listener method
org.openqa.selenium.NoSuchSessionException: Session ID is null. Using WebDriver after calling quit()?
Build info: version: '4.12.1', revision: '8e34639b11'
System info: os.name: 'Windows 11', os.arch: 'amd64', os.version: '10.0', java.version: '17.0.12'
Driver info: org.openqa.selenium.chrome.ChromeDriver
Command: [null, screenshot {}]
Capabilities {acceptInsecureCerts: false, browserName: chrome, browserVersion: 135.0.7049.96, chrome: {chromedriverVersion: 135.0.7049.97 (b41307079c9b..., userDataDir: C:\Users\rithi\AppData\Loca...}, fedcm:accounts: true, goog:chromeOptions: {debuggerAddress: localhost:62758}, networkConnectionEnabled: false, pageLoadStrategy: normal, platformName: windows, proxy: Proxy(), se:cdp: ws://localhost:62758/devtoo..., se:cdpVersion: 135.0.7049.96, setWindowRect: true, strictFileInteractability: false, timeouts: {implicit: 0, pageLoad: 300000, script: 30000}, unhandledPromptBehavior: dismiss and notify, webauthn:extension:credBlob: true, webauthn:extension:largeBlob: true, webauthn:extension:minPinLength: true, webauthn:extension:prf: true, webauthn:virtualAuthenticators: true}
	at org.openqa.selenium.remote.HttpCommandExecutor.execute(HttpCommandExecutor.java:152) ~[selenium-remote-driver-4.12.1.jar:?]
	at org.openqa.selenium.remote.service.DriverCommandExecutor.invokeExecute(DriverCommandExecutor.java:196) ~[selenium-remote-driver-4.12.1.jar:?]
	at org.openqa.selenium.remote.service.DriverCommandExecutor.execute(DriverCommandExecutor.java:171) ~[selenium-remote-driver-4.12.1.jar:?]
	at org.openqa.selenium.remote.RemoteWebDriver.execute(RemoteWebDriver.java:602) ~[selenium-remote-driver-4.12.1.jar:?]
	at org.openqa.selenium.remote.RemoteWebDriver.execute(RemoteWebDriver.java:675) ~[selenium-remote-driver-4.12.1.jar:?]
	at org.openqa.selenium.remote.RemoteWebDriver.execute(RemoteWebDriver.java:679) ~[selenium-remote-driver-4.12.1.jar:?]
	at org.openqa.selenium.remote.RemoteWebDriver.getScreenshotAs(RemoteWebDriver.java:325) ~[selenium-remote-driver-4.12.1.jar:?]
	at java.base/jdk.internal.reflect.NativeMethodAccessorImpl.invoke0(Native Method) ~[?:?]
	at java.base/jdk.internal.reflect.NativeMethodAccessorImpl.invoke(NativeMethodAccessorImpl.java:77) ~[?:?]
	at java.base/jdk.internal.reflect.DelegatingMethodAccessorImpl.invoke(DelegatingMethodAccessorImpl.java:43) ~[?:?]
	at java.base/java.lang.reflect.Method.invoke(Method.java:568) ~[?:?]
	at org.openqa.selenium.support.ThreadGuard$WebDriverInvocationHandler.invokeUnderlying(ThreadGuard.java:99) ~[selenium-support-4.12.1.jar:?]
	at org.openqa.selenium.support.ThreadGuard$WebDriverInvocationHandler.invoke(ThreadGuard.java:91) ~[selenium-support-4.12.1.jar:?]
	at jdk.proxy2/jdk.proxy2.$Proxy57.getScreenshotAs(Unknown Source) ~[?:?]
	at com.thinktimetechno.listeners.AllureListener.beforeTestStop(AllureListener.java:43) ~[test-classes/:?]
	at io.qameta.allure.listener.LifecycleNotifier.lambda$runSafely$0(LifecycleNotifier.java:211) ~[allure-java-commons-2.24.0.jar:2.24.0]
	at java.base/java.util.ArrayList.forEach(ArrayList.java:1511) ~[?:?]
	at io.qameta.allure.listener.LifecycleNotifier.runSafely(LifecycleNotifier.java:209) ~[allure-java-commons-2.24.0.jar:2.24.0]
	at io.qameta.allure.listener.LifecycleNotifier.beforeTestStop(LifecycleNotifier.java:88) ~[allure-java-commons-2.24.0.jar:2.24.0]
	at io.qameta.allure.AllureLifecycle.stopTestCase(AllureLifecycle.java:420) ~[allure-java-commons-2.24.0.jar:2.24.0]
	at io.qameta.allure.cucumber7jvm.AllureCucumber7Jvm.handleTestCaseFinished(AllureCucumber7Jvm.java:204) ~[allure-cucumber7-jvm-2.24.0.jar:2.24.0]
	at io.cucumber.core.eventbus.AbstractEventPublisher.send(AbstractEventPublisher.java:51) ~[cucumber-core-7.13.0.jar:7.13.0]
	at io.cucumber.core.eventbus.AbstractEventBus.send(AbstractEventBus.java:12) ~[cucumber-core-7.13.0.jar:7.13.0]
	at io.cucumber.core.runtime.SynchronizedEventBus.send(SynchronizedEventBus.java:47) ~[cucumber-core-7.13.0.jar:7.13.0]
	at io.cucumber.core.runtime.ThreadLocalRunnerSupplier$LocalEventBus.send(ThreadLocalRunnerSupplier.java:62) ~[cucumber-core-7.13.0.jar:7.13.0]
	at io.cucumber.core.runner.TestCase.emitTestCaseFinished(TestCase.java:219) ~[cucumber-core-7.13.0.jar:7.13.0]
	at io.cucumber.core.runner.TestCase.run(TestCase.java:98) ~[cucumber-core-7.13.0.jar:7.13.0]
	at io.cucumber.core.runner.Runner.runPickle(Runner.java:75) ~[cucumber-core-7.13.0.jar:7.13.0]
	at io.cucumber.testng.TestNGCucumberRunner.lambda$runScenario$1(TestNGCucumberRunner.java:132) ~[cucumber-testng-7.13.0.jar:7.13.0]
	at io.cucumber.core.runtime.CucumberExecutionContext.lambda$runTestCase$5(CucumberExecutionContext.java:137) ~[cucumber-core-7.13.0.jar:7.13.0]
	at io.cucumber.core.runtime.RethrowingThrowableCollector.executeAndThrow(RethrowingThrowableCollector.java:23) ~[cucumber-core-7.13.0.jar:7.13.0]
	at io.cucumber.core.runtime.CucumberExecutionContext.runTestCase(CucumberExecutionContext.java:137) ~[cucumber-core-7.13.0.jar:7.13.0]
	at io.cucumber.testng.TestNGCucumberRunner.runScenario(TestNGCucumberRunner.java:129) ~[cucumber-testng-7.13.0.jar:7.13.0]
	at io.cucumber.testng.AbstractTestNGCucumberTests.runScenario(AbstractTestNGCucumberTests.java:35) ~[cucumber-testng-7.13.0.jar:7.13.0]
	at jdk.internal.reflect.GeneratedMethodAccessor149.invoke(Unknown Source) ~[?:?]
	at java.base/jdk.internal.reflect.DelegatingMethodAccessorImpl.invoke(DelegatingMethodAccessorImpl.java:43) ~[?:?]
	at java.base/java.lang.reflect.Method.invoke(Method.java:568) ~[?:?]
	at org.testng.internal.invokers.MethodInvocationHelper.invokeMethod(MethodInvocationHelper.java:139) ~[testng-7.8.0.jar:7.8.0]
	at org.testng.internal.invokers.TestInvoker.invokeMethod(TestInvoker.java:664) ~[testng-7.8.0.jar:7.8.0]
	at org.testng.internal.invokers.TestInvoker.invokeTestMethod(TestInvoker.java:227) ~[testng-7.8.0.jar:7.8.0]
	at org.testng.internal.invokers.MethodRunner.runInSequence(MethodRunner.java:50) ~[testng-7.8.0.jar:7.8.0]
	at org.testng.internal.invokers.TestInvoker$MethodInvocationAgent.invoke(TestInvoker.java:957) ~[testng-7.8.0.jar:7.8.0]
	at org.testng.internal.invokers.TestInvoker.invokeTestMethods(TestInvoker.java:200) ~[testng-7.8.0.jar:7.8.0]
	at org.testng.internal.invokers.TestMethodWorker.invokeTestMethods(TestMethodWorker.java:148) ~[testng-7.8.0.jar:7.8.0]
	at org.testng.internal.invokers.TestMethodWorker.run(TestMethodWorker.java:128) ~[testng-7.8.0.jar:7.8.0]
	at java.base/java.util.ArrayList.forEach(ArrayList.java:1511) [?:?]
	at org.testng.TestRunner.privateRun(TestRunner.java:848) [testng-7.8.0.jar:7.8.0]
	at org.testng.TestRunner.run(TestRunner.java:621) [testng-7.8.0.jar:7.8.0]
	at org.testng.SuiteRunner.runTest(SuiteRunner.java:443) [testng-7.8.0.jar:7.8.0]
	at org.testng.SuiteRunner.runSequentially(SuiteRunner.java:437) [testng-7.8.0.jar:7.8.0]
	at org.testng.SuiteRunner.privateRun(SuiteRunner.java:397) [testng-7.8.0.jar:7.8.0]
	at org.testng.SuiteRunner.run(SuiteRunner.java:336) [testng-7.8.0.jar:7.8.0]
	at org.testng.SuiteRunnerWorker.runSuite(SuiteRunnerWorker.java:52) [testng-7.8.0.jar:7.8.0]
	at org.testng.SuiteRunnerWorker.run(SuiteRunnerWorker.java:95) [testng-7.8.0.jar:7.8.0]
	at org.testng.TestNG.runSuitesSequentially(TestNG.java:1280) [testng-7.8.0.jar:7.8.0]
	at org.testng.TestNG.runSuitesLocally(TestNG.java:1200) [testng-7.8.0.jar:7.8.0]
	at org.testng.TestNG.runSuites(TestNG.java:1114) [testng-7.8.0.jar:7.8.0]
	at org.testng.TestNG.run(TestNG.java:1082) [testng-7.8.0.jar:7.8.0]
	at org.apache.maven.surefire.testng.TestNGExecutor.run(TestNGExecutor.java:308) [surefire-testng-3.1.2.jar:3.1.2]
	at org.apache.maven.surefire.testng.TestNGXmlTestSuite.execute(TestNGXmlTestSuite.java:71) [surefire-testng-3.1.2.jar:3.1.2]
	at org.apache.maven.surefire.testng.TestNGProvider.invoke(TestNGProvider.java:113) [surefire-testng-3.1.2.jar:3.1.2]
	at org.apache.maven.surefire.booter.ForkedBooter.runSuitesInProcess(ForkedBooter.java:385) [surefire-booter-3.1.2.jar:3.1.2]
	at org.apache.maven.surefire.booter.ForkedBooter.execute(ForkedBooter.java:162) [surefire-booter-3.1.2.jar:3.1.2]
	at org.apache.maven.surefire.booter.ForkedBooter.run(ForkedBooter.java:507) [surefire-booter-3.1.2.jar:3.1.2]
	at org.apache.maven.surefire.booter.ForkedBooter.main(ForkedBooter.java:495) [surefire-booter-3.1.2.jar:3.1.2]
]]></system-out>
    <system-err><![CDATA[Apr 23, 2025 6:33:42 PM org.openqa.selenium.devtools.CdpVersionFinder findNearestMatch
WARNING: Unable to find CDP implementation matching 135
Apr 23, 2025 6:33:42 PM org.openqa.selenium.chromium.ChromiumDriver lambda$new$5
WARNING: Unable to find version of CDP to use for 135.0.7049.96. You may need to include a dependency on a specific version of the CDP using something similar to `org.seleniumhq.selenium:selenium-devtools-v86:4.12.1` where the version ("v86") matches the version of the chromium-based browser you're using and the version number of the artifact is the same as Selenium's.
]]></system-err>
  </testcase>
</testsuite>