<?xml version="1.0" encoding="UTF-8"?>
<!-- Generated by org.testng.reporters.JUnitReportReporter -->
<testsuite hostname="Thinktime" failures="0" tests="1" name="com.thinktimetechno.runners.FullTestTestRunner" time="31.387" errors="0" timestamp="2025-03-28T15:54:26 IST" skipped="0">
  <testcase classname="com.thinktimetechno.runners.FullTestTestRunner" name="runScenario" time="31.387"/>
</testsuite> <!-- com.thinktimetechno.runners.FullTestTestRunner -->
