<?xml version="1.0" encoding="UTF-8"?>
<!-- Generated by org.testng.reporters.JUnitReportReporter -->
<testsuite hostname="Thinktime" failures="0" tests="1" name="com.thinktimetechno.runners.FullTestTestRunner" time="18.796" errors="0" timestamp="2025-03-26T14:36:52 IST" skipped="0">
  <testcase classname="com.thinktimetechno.runners.FullTestTestRunner" name="runScenario" time="18.796"/>
</testsuite> <!-- com.thinktimetechno.runners.FullTestTestRunner -->
