<?xml version="1.0" encoding="UTF-8"?>
<!-- Generated by org.testng.reporters.JUnitReportReporter -->
<testsuite hostname="Thinktime" failures="0" tests="9" name="com.thinktimetechno.runners.SingleUserTestRunner" time="402.980" errors="0" timestamp="2025-03-28T15:01:33 IST" skipped="0">
  <testcase classname="com.thinktimetechno.runners.SingleUserTestRunner" name="runScenario" time="48.136"/>
  <testcase classname="com.thinktimetechno.runners.SingleUserTestRunner" name="runScenario" time="63.366"/>
  <testcase classname="com.thinktimetechno.runners.SingleUserTestRunner" name="runScenario" time="38.124"/>
  <testcase classname="com.thinktimetechno.runners.SingleUserTestRunner" name="runScenario" time="88.490"/>
  <testcase classname="com.thinktimetechno.runners.SingleUserTestRunner" name="runScenario" time="54.205"/>
  <testcase classname="com.thinktimetechno.runners.SingleUserTestRunner" name="runScenario" time="26.308"/>
  <testcase classname="com.thinktimetechno.runners.SingleUserTestRunner" name="runScenario" time="32.570"/>
  <testcase classname="com.thinktimetechno.runners.SingleUserTestRunner" name="runScenario" time="26.052"/>
  <testcase classname="com.thinktimetechno.runners.SingleUserTestRunner" name="runScenario" time="25.729"/>
</testsuite> <!-- com.thinktimetechno.runners.SingleUserTestRunner -->
