<?xml version="1.0" encoding="UTF-8"?>
<!-- Generated by org.testng.reporters.JUnitReportReporter -->
<testsuite hostname="Thinktime" failures="0" tests="1" name="com.thinktimetechno.runners.GroupUserTestRunner" time="36.334" errors="0" timestamp="2025-03-28T15:03:11 IST" skipped="0">
  <testcase classname="com.thinktimetechno.runners.GroupUserTestRunner" name="runScenario" time="36.334"/>
</testsuite> <!-- com.thinktimetechno.runners.GroupUserTestRunner -->
