<?xml version="1.0" encoding="UTF-8"?>
<!-- Generated by org.testng.reporters.JUnitReportReporter -->
<testsuite hostname="Thinktime" failures="0" tests="10" name="com.thinktimetechno.runners.FullTestTestRunner" time="188.554" errors="0" timestamp="2025-03-26T14:25:37 IST" skipped="0">
  <testcase classname="com.thinktimetechno.runners.FullTestTestRunner" name="runScenario" time="30.093"/>
  <testcase classname="com.thinktimetechno.runners.FullTestTestRunner" name="runScenario" time="11.669"/>
  <testcase classname="com.thinktimetechno.runners.FullTestTestRunner" name="runScenario" time="15.967"/>
  <testcase classname="com.thinktimetechno.runners.FullTestTestRunner" name="runScenario" time="13.666"/>
  <testcase classname="com.thinktimetechno.runners.FullTestTestRunner" name="runScenario" time="11.328"/>
  <testcase classname="com.thinktimetechno.runners.FullTestTestRunner" name="runScenario" time="19.770"/>
  <testcase classname="com.thinktimetechno.runners.FullTestTestRunner" name="runScenario" time="29.367"/>
  <testcase classname="com.thinktimetechno.runners.FullTestTestRunner" name="runScenario" time="14.921"/>
  <testcase classname="com.thinktimetechno.runners.FullTestTestRunner" name="runScenario" time="13.101"/>
  <testcase classname="com.thinktimetechno.runners.FullTestTestRunner" name="runScenario" time="28.672"/>
</testsuite> <!-- com.thinktimetechno.runners.FullTestTestRunner -->
