<?xml version="1.0" encoding="UTF-8"?>
<!-- Generated by org.testng.reporters.JUnitReportReporter -->
<testsuite hostname="Thinktime" failures="0" tests="1" name="com.thinktimetechno.runners.FullTestTestRunner" time="17.785" errors="0" timestamp="2025-04-01T15:57:13 IST" skipped="0">
  <testcase classname="com.thinktimetechno.runners.FullTestTestRunner" name="runScenario" time="17.785"/>
</testsuite> <!-- com.thinktimetechno.runners.FullTestTestRunner -->
