<?xml version="1.0" encoding="UTF-8"?>
<!-- Generated by org.testng.reporters.JUnitReportReporter -->
<testsuite hostname="Thinktime" failures="0" tests="10" name="com.thinktimetechno.runners.FullTestTestRunner" time="336.712" errors="0" timestamp="2025-03-27T12:30:57 IST" skipped="0">
  <testcase classname="com.thinktimetechno.runners.FullTestTestRunner" name="runScenario" time="23.293"/>
  <testcase classname="com.thinktimetechno.runners.FullTestTestRunner" name="runScenario" time="41.919"/>
  <testcase classname="com.thinktimetechno.runners.FullTestTestRunner" name="runScenario" time="57.238"/>
  <testcase classname="com.thinktimetechno.runners.FullTestTestRunner" name="runScenario" time="21.549"/>
  <testcase classname="com.thinktimetechno.runners.FullTestTestRunner" name="runScenario" time="50.183"/>
  <testcase classname="com.thinktimetechno.runners.FullTestTestRunner" name="runScenario" time="24.591"/>
  <testcase classname="com.thinktimetechno.runners.FullTestTestRunner" name="runScenario" time="48.816"/>
  <testcase classname="com.thinktimetechno.runners.FullTestTestRunner" name="runScenario" time="22.427"/>
  <testcase classname="com.thinktimetechno.runners.FullTestTestRunner" name="runScenario" time="20.940"/>
  <testcase classname="com.thinktimetechno.runners.FullTestTestRunner" name="runScenario" time="25.756"/>
</testsuite> <!-- com.thinktimetechno.runners.FullTestTestRunner -->
