<?xml version="1.0" encoding="UTF-8"?>
<!-- Generated by org.testng.reporters.JUnitReportReporter -->
<testsuite hostname="Thinktime" failures="0" tests="1" name="com.thinktimetechno.runners.GroupUserTestRunner" time="21.302" errors="0" timestamp="2025-04-04T12:54:01 IST" skipped="0">
  <testcase classname="com.thinktimetechno.runners.GroupUserTestRunner" name="runScenario" time="21.302"/>
</testsuite> <!-- com.thinktimetechno.runners.GroupUserTestRunner -->
