<?xml version="1.0" encoding="UTF-8"?>
<!-- Generated by org.testng.reporters.JUnitReportReporter -->
<testsuite hostname="Thinktime" failures="0" tests="1" name="com.thinktimetechno.runners.SingleUserTestRunner" time="180.730" errors="0" timestamp="2025-04-03T15:59:48 IST" skipped="0">
  <testcase classname="com.thinktimetechno.runners.SingleUserTestRunner" name="runScenario" time="180.730"/>
</testsuite> <!-- com.thinktimetechno.runners.SingleUserTestRunner -->
