<?xml version="1.0" encoding="UTF-8"?>
<!-- Generated by org.testng.reporters.JUnitReportReporter -->
<testsuite hostname="Thinktime" failures="0" tests="9" name="com.thinktimetechno.runners.SingleUserTestRunner" time="174.758" errors="0" timestamp="2025-03-26T14:14:41 IST" skipped="0">
  <testcase classname="com.thinktimetechno.runners.SingleUserTestRunner" name="runScenario" time="14.066"/>
  <testcase classname="com.thinktimetechno.runners.SingleUserTestRunner" name="runScenario" time="19.111"/>
  <testcase classname="com.thinktimetechno.runners.SingleUserTestRunner" name="runScenario" time="13.318"/>
  <testcase classname="com.thinktimetechno.runners.SingleUserTestRunner" name="runScenario" time="33.616"/>
  <testcase classname="com.thinktimetechno.runners.SingleUserTestRunner" name="runScenario" time="32.251"/>
  <testcase classname="com.thinktimetechno.runners.SingleUserTestRunner" name="runScenario" time="18.691"/>
  <testcase classname="com.thinktimetechno.runners.SingleUserTestRunner" name="runScenario" time="14.632"/>
  <testcase classname="com.thinktimetechno.runners.SingleUserTestRunner" name="runScenario" time="11.969"/>
  <testcase classname="com.thinktimetechno.runners.SingleUserTestRunner" name="runScenario" time="17.104"/>
</testsuite> <!-- com.thinktimetechno.runners.SingleUserTestRunner -->
